#
# A fatal error has been detected by the Java Runtime Environment:
#
#  SIGSEGV (0xb) at pc=0x000000010931f550, pid=2061, tid=18179
#
# JRE version: Java(TM) SE Runtime Environment (8.0_60-b27) (build 1.8.0_60-b27)
# Java VM: Java HotSpot(TM) 64-Bit Server VM (25.60-b23 mixed mode bsd-amd64 compressed oops)
# Problematic frame:
# V  [libjvm.dylib+0xfb550]
#
# Failed to write core dump. Core dumps have been disabled. To enable core dumping, try "ulimit -c unlimited" before starting Java again
#
# If you would like to submit a bug report, please visit:
#   http://bugreport.java.com/bugreport/crash.jsp
#

---------------  T H R E A D  ---------------

Current thread (0x00007ff109808000):  JavaThread "C1 CompilerThread2" daemon [_thread_in_native, id=18179, stack(0x0000700000d41000,0x0000700000e41000)]

siginfo: si_signo: 11 (SIGSEGV), si_code: 1 (SEGV_MAPERR), si_addr: 0x00007ff10e1180b5

Registers:
RAX=0x00007ff10a117dd0, RBX=0x00007ff10a0d3120, RCX=0x0000000000000001, RDX=0x00000000000010a4
RSP=0x0000700000e40260, RBP=0x0000700000e40260, RSI=0x00007ff10e1180b5, RDI=0x0000000000000000
R8 =0x0000000000000000, R9 =0x000000000000007a, R10=0x0000000000000000, R11=0x00000000007b57d0
R12=0x0000000000000000, R13=0x0000000000000000, R14=0x00000000000010a4, R15=0x00007ff108610fd0
RIP=0x000000010931f550, EFLAGS=0x0000000000010246, ERR=0x0000000000000004
  TRAPNO=0x000000000000000e

Top of Stack: (sp=0x0000700000e40260)
0x0000700000e40260:   0000700000e40270 0000000109320f58
0x0000700000e40270:   0000700000e402e0 00000001093217c3
0x0000700000e40280:   00007ff1099b9130 000000050000001f
0x0000700000e40290:   0000700000e402e0 000000010940bb81
0x0000700000e402a0:   0000000000000004 0000000000000a76
0x0000700000e402b0:   0000000000000001 00000000000010a4
0x0000700000e402c0:   0000000000000004 00007ff1099dece0
0x0000700000e402d0:   00007ff108610fd0 00007ff1099dec30
0x0000700000e402e0:   0000700000e40310 0000000109320faa
0x0000700000e402f0:   000000010ac46020 00007ff1099dec30
0x0000700000e40300:   00000000000010a4 0000700000e40488
0x0000700000e40310:   0000700000e40340 000000010932859e
0x0000700000e40320:   0000000109aecd40 00007ff1099dec30
0x0000700000e40330:   0000700000e40488 0000000000000006
0x0000700000e40340:   0000700000e403d0 000000010932d603
0x0000700000e40350:   0000000109aecc80 0000000000000000
0x0000700000e40360:   0000000000000003 0000700000e40488
0x0000700000e40370:   0000000000000000 000000010aceec00
0x0000700000e40380:   000000010ac46020 0000000109aecc80
0x0000700000e40390:   0000000000000000 0000000000000003
0x0000700000e403a0:   0000700000e40488 0000000000000000
0x0000700000e403b0:   000000010aceec00 000000010ac46020
0x0000700000e403c0:   00007ff1099dece0 0000700000e40488
0x0000700000e403d0:   0000700000e40400 00000001093282a5
0x0000700000e403e0:   00007ff1099dea40 00007ff1099dea40
0x0000700000e403f0:   0000700000e40488 0000000000000006
0x0000700000e40400:   0000700000e40440 0000000109328e5a
0x0000700000e40410:   00007ff10a3e3990 0000000000000069
0x0000700000e40420:   0000700000e40488 00007ff10891fc80
0x0000700000e40430:   0000000000000039 00007ff10a332e50
0x0000700000e40440:   0000700000e40470 0000000109328f02
0x0000700000e40450:   0000700000e40700 0000000000000016 

Instructions: (pc=0x000000010931f550)
0x000000010931f530:   48 39 47 38 74 0b e8 eb 4e fd ff 0f b6 40 01 5d
0x000000010931f540:   c3 be 01 00 00 00 5d e9 a0 ff ff ff 55 48 89 e5
0x000000010931f550:   0f b6 06 3d ca 00 00 00 75 05 e8 93 72 fe ff 48
0x000000010931f560:   63 c0 48 8d 0d f7 41 7d 00 8b 04 81 5d c3 90 90 

Register to memory mapping:

RAX=0x00007ff10a117dd0 is an unknown value
RBX=0x00007ff10a0d3120 is an unknown value
RCX=0x0000000000000001 is an unknown value
RDX=0x00000000000010a4 is an unknown value
RSP=0x0000700000e40260 is pointing into the stack for thread: 0x00007ff109808000
RBP=0x0000700000e40260 is pointing into the stack for thread: 0x00007ff109808000
RSI=0x00007ff10e1180b5 is an unknown value
RDI=0x0000000000000000 is an unknown value
R8 =0x0000000000000000 is an unknown value
R9 =0x000000000000007a is an unknown value
R10=0x0000000000000000 is an unknown value
R11=0x00000000007b57d0 is an unknown value
R12=0x0000000000000000 is an unknown value
R13=0x0000000000000000 is an unknown value
R14=0x00000000000010a4 is an unknown value
R15=0x00007ff108610fd0 is an unknown value


Stack: [0x0000700000d41000,0x0000700000e41000],  sp=0x0000700000e40260,  free space=1020k
Native frames: (J=compiled Java code, j=interpreted, Vv=VM code, C=native code)
V  [libjvm.dylib+0xfb550]
V  [libjvm.dylib+0xfcf58]
V  [libjvm.dylib+0xfd7c3]
V  [libjvm.dylib+0xfcfaa]
V  [libjvm.dylib+0x10459e]
V  [libjvm.dylib+0x109603]
V  [libjvm.dylib+0x1042a5]
V  [libjvm.dylib+0x104e5a]
V  [libjvm.dylib+0x104f02]
V  [libjvm.dylib+0xe82a3]
V  [libjvm.dylib+0xe86e9]
V  [libjvm.dylib+0xe8857]
V  [libjvm.dylib+0xe8a6c]
V  [libjvm.dylib+0xe91ee]
V  [libjvm.dylib+0x1b55e6]
V  [libjvm.dylib+0x1b7b2d]
V  [libjvm.dylib+0x5612d3]
V  [libjvm.dylib+0x5629ce]
V  [libjvm.dylib+0x48343a]
C  [libsystem_pthread.dylib+0x39b1]  _pthread_body+0x83
C  [libsystem_pthread.dylib+0x392e]  _pthread_body+0x0
C  [libsystem_pthread.dylib+0x1385]  thread_start+0xd
C  0x0000000000000000


Current CompileTask:
C1:   3349 1046   !   2       com.android.dx.cf.code.Ropper::processBlock (1101 bytes)


---------------  P R O C E S S  ---------------

Java Threads: ( => current thread )
  0x00007ff10986a800 JavaThread "pool-1-thread-4" [_thread_in_Java, id=21763, stack(0x0000700001456000,0x0000700001556000)]
  0x00007ff109063800 JavaThread "pool-1-thread-3" [_thread_in_Java, id=21251, stack(0x0000700001353000,0x0000700001453000)]
  0x00007ff1090b6000 JavaThread "pool-1-thread-2" [_thread_in_Java, id=20739, stack(0x0000700001250000,0x0000700001350000)]
  0x00007ff1090b4000 JavaThread "pool-2-thread-1" [_thread_blocked, id=20227, stack(0x000070000114d000,0x000070000124d000)]
  0x00007ff10882c000 JavaThread "pool-1-thread-1" [_thread_blocked, id=19715, stack(0x000070000104a000,0x000070000114a000)]
  0x00007ff108833000 JavaThread "Service Thread" daemon [_thread_blocked, id=18691, stack(0x0000700000e44000,0x0000700000f44000)]
=>0x00007ff109808000 JavaThread "C1 CompilerThread2" daemon [_thread_in_native, id=18179, stack(0x0000700000d41000,0x0000700000e41000)]
  0x00007ff10a009000 JavaThread "C2 CompilerThread1" daemon [_thread_in_native, id=17667, stack(0x0000700000c3e000,0x0000700000d3e000)]
  0x00007ff10a006000 JavaThread "C2 CompilerThread0" daemon [_thread_in_native, id=17155, stack(0x0000700000b3b000,0x0000700000c3b000)]
  0x00007ff109819000 JavaThread "Signal Dispatcher" daemon [_thread_blocked, id=13839, stack(0x0000700000a38000,0x0000700000b38000)]
  0x00007ff109805800 JavaThread "Finalizer" daemon [_thread_blocked, id=11779, stack(0x000070000082f000,0x000070000092f000)]
  0x00007ff10901d000 JavaThread "Reference Handler" daemon [_thread_blocked, id=11267, stack(0x000070000072c000,0x000070000082c000)]
  0x00007ff109008800 JavaThread "main" [_thread_in_Java, id=4099, stack(0x0000700000084000,0x0000700000184000)]

Other Threads:
  0x00007ff10901a800 VMThread [stack: 0x0000700000629000,0x0000700000729000] [id=10755]
  0x00007ff109815800 WatcherThread [stack: 0x0000700000f47000,0x0000700001047000] [id=19203]

VM state:not at safepoint (normal execution)

VM Mutex/Monitor currently owned by a thread: None

Heap:
 PSYoungGen      total 38400K, used 28739K [0x00000007aab00000, 0x00000007af600000, 0x00000007c0000000)
  eden space 33280K, 70% used [0x00000007aab00000,0x00000007ac212df8,0x00000007acb80000)
  from space 5120K, 99% used [0x00000007acb80000,0x00000007ad07df68,0x00000007ad080000)
  to   space 5120K, 0% used [0x00000007af100000,0x00000007af100000,0x00000007af600000)
 ParOldGen       total 87552K, used 2279K [0x0000000780000000, 0x0000000785580000, 0x00000007aab00000)
  object space 87552K, 2% used [0x0000000780000000,0x0000000780239ea8,0x0000000785580000)
 Metaspace       used 5802K, capacity 6896K, committed 7040K, reserved 1056768K
  class space    used 588K, capacity 616K, committed 640K, reserved 1048576K

Card table byte_map: [0x0000000119fc0000,0x000000011a1c1000] byte_map_base: 0x00000001163c0000

Marking Bits: (ParMarkBitMap*) 0x0000000109b02e20
 Begin Bits: [0x000000011a1c1000, 0x000000011b1c1000)
 End Bits:   [0x000000011b1c1000, 0x000000011c1c1000)

Polling page: 0x000000010a1f0000

CodeCache: size=245760Kb used=3410Kb max_used=3428Kb free=242349Kb
 bounds [0x000000010ac00000, 0x000000010af60000, 0x0000000119c00000]
 total_blobs=1175 nmethods=907 adapters=182
 compilation: enabled

Compilation events (10 events):
Event: 3.088 Thread 0x00007ff10a009000 nmethod 977 0x000000010af5ba10 code [0x000000010af5bba0, 0x000000010af5c198]
Event: 3.088 Thread 0x00007ff10a009000 1020       4       java.lang.Object::equals (11 bytes)
Event: 3.088 Thread 0x00007ff10a009000 nmethod 1020 0x000000010aed0fd0 code [0x000000010aed1120, 0x000000010aed1198]
Event: 3.088 Thread 0x00007ff10a009000  914       4       com.android.dx.rop.code.RegisterSpec::makeLocalOptional (7 bytes)
Event: 3.093 Thread 0x00007ff10a006000 nmethod 1021 0x000000010af5af10 code [0x000000010af5b080, 0x000000010af5b638]
Event: 3.093 Thread 0x00007ff10a006000 1022       4       com.android.dx.ssa.SsaInsn::mapRegisters (35 bytes)
Event: 3.112 Thread 0x00007ff109808000 nmethod 957 0x000000010af48110 code [0x000000010af482a0, 0x000000010af48628]
Event: 3.112 Thread 0x00007ff109808000 1039       2       com.android.dx.rop.code.RegisterSpecSet::size (49 bytes)
Event: 3.113 Thread 0x00007ff109808000 nmethod 1039 0x000000010af47cd0 code [0x000000010af47e40, 0x000000010af48030]
Event: 3.113 Thread 0x00007ff109808000 1046   !   2       com.android.dx.cf.code.Ropper::processBlock (1101 bytes)

GC Heap History (2 events):
Event: 2.390 GC heap before
{Heap before GC invocations=1 (full 0):
 PSYoungGen      total 38400K, used 33280K [0x00000007aab00000, 0x00000007ad580000, 0x00000007c0000000)
  eden space 33280K, 100% used [0x00000007aab00000,0x00000007acb80000,0x00000007acb80000)
  from space 5120K, 0% used [0x00000007ad080000,0x00000007ad080000,0x00000007ad580000)
  to   space 5120K, 0% used [0x00000007acb80000,0x00000007acb80000,0x00000007ad080000)
 ParOldGen       total 87552K, used 0K [0x0000000780000000, 0x0000000785580000, 0x00000007aab00000)
  object space 87552K, 0% used [0x0000000780000000,0x0000000780000000,0x0000000785580000)
 Metaspace       used 5766K, capacity 6832K, committed 7040K, reserved 1056768K
  class space    used 588K, capacity 616K, committed 640K, reserved 1048576K
Event: 2.428 GC heap after
Heap after GC invocations=1 (full 0):
 PSYoungGen      total 38400K, used 5111K [0x00000007aab00000, 0x00000007af600000, 0x00000007c0000000)
  eden space 33280K, 0% used [0x00000007aab00000,0x00000007aab00000,0x00000007acb80000)
  from space 5120K, 99% used [0x00000007acb80000,0x00000007ad07df68,0x00000007ad080000)
  to   space 5120K, 0% used [0x00000007af100000,0x00000007af100000,0x00000007af600000)
 ParOldGen       total 87552K, used 2279K [0x0000000780000000, 0x0000000785580000, 0x00000007aab00000)
  object space 87552K, 2% used [0x0000000780000000,0x0000000780239ea8,0x0000000785580000)
 Metaspace       used 5766K, capacity 6832K, committed 7040K, reserved 1056768K
  class space    used 588K, capacity 616K, committed 640K, reserved 1048576K
}

Deoptimization events (10 events):
Event: 1.509 Thread 0x00007ff109063800 Uncommon trap: reason=unstable_if action=reinterpret pc=0x000000010ae3a7dc method=com.android.dx.rop.cst.Constant.compareTo(Lcom/android/dx/rop/cst/Constant;)I @ 12
Event: 1.576 Thread 0x00007ff10986a800 Uncommon trap: reason=unstable_if action=reinterpret pc=0x000000010adbaa7c method=java.lang.String.replace(CC)Ljava/lang/String; @ 26
Event: 2.104 Thread 0x00007ff109063800 Uncommon trap: reason=unstable_if action=reinterpret pc=0x000000010ae2e458 method=com.android.dx.rop.code.RegisterSpecSet.put(Lcom/android/dx/rop/code/RegisterSpec;)V @ 77
Event: 2.320 Thread 0x00007ff10986a800 Uncommon trap: reason=unstable_if action=reinterpret pc=0x000000010ae47218 method=com.android.dx.rop.code.RegisterSpec.equals(ILcom/android/dx/rop/type/TypeBearer;Lcom/android/dx/rop/code/LocalItem;)Z @ 42
Event: 2.483 Thread 0x00007ff10986a800 Uncommon trap: reason=bimorphic action=maybe_recompile pc=0x000000010ae2bcf8 method=java.util.HashMap.getNode(ILjava/lang/Object;)Ljava/util/HashMap$Node; @ 126
Event: 2.483 Thread 0x00007ff10986a800 Uncommon trap: reason=bimorphic action=maybe_recompile pc=0x000000010ae2bcf8 method=java.util.HashMap.getNode(ILjava/lang/Object;)Ljava/util/HashMap$Node; @ 126
Event: 2.483 Thread 0x00007ff10986a800 Uncommon trap: reason=bimorphic action=maybe_recompile pc=0x000000010ae2bcf8 method=java.util.HashMap.getNode(ILjava/lang/Object;)Ljava/util/HashMap$Node; @ 126
Event: 2.483 Thread 0x00007ff10986a800 Uncommon trap: reason=bimorphic action=maybe_recompile pc=0x000000010ae2bcf8 method=java.util.HashMap.getNode(ILjava/lang/Object;)Ljava/util/HashMap$Node; @ 126
Event: 2.748 Thread 0x00007ff10882c000 Uncommon trap: reason=unstable_if action=reinterpret pc=0x000000010ae5da80 method=com.android.dx.rop.code.LocalItem.hashCode()I @ 25
Event: 2.748 Thread 0x00007ff10882c000 Uncommon trap: reason=unstable_if action=reinterpret pc=0x000000010ae0fdc8 method=com.android.dx.rop.code.LocalItem.hashCode()I @ 25

Internal exceptions (2 events):
Event: 0.063 Thread 0x00007ff109008800 Exception <a 'java/lang/NoSuchMethodError': Method sun.misc.Unsafe.defineClass(Ljava/lang/String;[BII)Ljava/lang/Class; name or signature does not match> (0x00000007aab12d70) thrown at [/Users/java_re/workspace/8-2-build-macosx-x86_64/jdk8u60/4407/hotspot
Event: 0.063 Thread 0x00007ff109008800 Exception <a 'java/lang/NoSuchMethodError': Method sun.misc.Unsafe.prefetchRead(Ljava/lang/Object;J)V name or signature does not match> (0x00000007aab13058) thrown at [/Users/java_re/workspace/8-2-build-macosx-x86_64/jdk8u60/4407/hotspot/src/share/vm/prim

Events (10 events):
Event: 2.483 Thread 0x00007ff10986a800 DEOPT UNPACKING pc=0x000000010ac05229 sp=0x0000700001554f60 mode 2
Event: 2.483 Thread 0x00007ff10986a800 Uncommon trap: trap_request=0xffffffc6 fr.pc=0x000000010ae2bcf8
Event: 2.483 Thread 0x00007ff10986a800 DEOPT PACKING pc=0x000000010ae2bcf8 sp=0x0000700001554fc0
Event: 2.483 Thread 0x00007ff10986a800 DEOPT UNPACKING pc=0x000000010ac05229 sp=0x0000700001554f60 mode 2
Event: 2.748 Thread 0x00007ff10882c000 Uncommon trap: trap_request=0xffffff65 fr.pc=0x000000010ae5da80
Event: 2.748 Thread 0x00007ff10882c000 DEOPT PACKING pc=0x000000010ae5da80 sp=0x0000700001148b80
Event: 2.748 Thread 0x00007ff10882c000 DEOPT UNPACKING pc=0x000000010ac05229 sp=0x00007000011488e8 mode 2
Event: 2.748 Thread 0x00007ff10882c000 Uncommon trap: trap_request=0xffffff65 fr.pc=0x000000010ae0fdc8
Event: 2.748 Thread 0x00007ff10882c000 DEOPT PACKING pc=0x000000010ae0fdc8 sp=0x00007000011489f0
Event: 2.748 Thread 0x00007ff10882c000 DEOPT UNPACKING pc=0x000000010ac05229 sp=0x0000700001148960 mode 2


Dynamic libraries:
0x00000000013ec000 	/System/Library/Frameworks/Cocoa.framework/Versions/A/Cocoa
0x00000000013ec000 	/System/Library/Frameworks/Security.framework/Versions/A/Security
0x00000000013ec000 	/System/Library/Frameworks/ApplicationServices.framework/Versions/A/ApplicationServices
0x00000000013ec000 	/usr/lib/libz.1.dylib
0x00000000013ec000 	/usr/lib/libSystem.B.dylib
0x00000000013ec000 	/usr/lib/libobjc.A.dylib
0x00000000013ec000 	/System/Library/Frameworks/CoreFoundation.framework/Versions/A/CoreFoundation
0x00000000013ec000 	/System/Library/Frameworks/Foundation.framework/Versions/C/Foundation
0x00000000013ec000 	/System/Library/Frameworks/AppKit.framework/Versions/C/AppKit
0x00000000013ec000 	/System/Library/Frameworks/CoreData.framework/Versions/A/CoreData
0x00000000013ec000 	/System/Library/PrivateFrameworks/RemoteViewServices.framework/Versions/A/RemoteViewServices
0x00000000013ec000 	/System/Library/PrivateFrameworks/UIFoundation.framework/Versions/A/UIFoundation
0x00000000013ec000 	/usr/lib/libScreenReader.dylib
0x00000000013ec000 	/System/Library/Frameworks/Accelerate.framework/Versions/A/Accelerate
0x00000000013ec000 	/System/Library/Frameworks/IOSurface.framework/Versions/A/IOSurface
0x00000000013ec000 	/System/Library/Frameworks/AudioToolbox.framework/Versions/A/AudioToolbox
0x00000000013ec000 	/System/Library/Frameworks/AudioUnit.framework/Versions/A/AudioUnit
0x00000000013ec000 	/System/Library/PrivateFrameworks/DataDetectorsCore.framework/Versions/A/DataDetectorsCore
0x00000000013ec000 	/System/Library/PrivateFrameworks/DesktopServicesPriv.framework/Versions/A/DesktopServicesPriv
0x00000000013ec000 	/System/Library/Frameworks/Carbon.framework/Versions/A/Frameworks/HIToolbox.framework/Versions/A/HIToolbox
0x00000000013ec000 	/System/Library/Frameworks/QuartzCore.framework/Versions/A/QuartzCore
0x00000000013ec000 	/System/Library/Frameworks/Carbon.framework/Versions/A/Frameworks/SpeechRecognition.framework/Versions/A/SpeechRecognition
0x00000000013ec000 	/usr/lib/libauto.dylib
0x00000000013ec000 	/usr/lib/libicucore.A.dylib
0x00000000013ec000 	/usr/lib/libxml2.2.dylib
0x00000000013ec000 	/System/Library/PrivateFrameworks/CoreUI.framework/Versions/A/CoreUI
0x00000000013ec000 	/System/Library/Frameworks/CoreAudio.framework/Versions/A/CoreAudio
0x00000000013ec000 	/System/Library/Frameworks/DiskArbitration.framework/Versions/A/DiskArbitration
0x00000000013ec000 	/usr/lib/liblangid.dylib
0x00000000013ec000 	/System/Library/PrivateFrameworks/MultitouchSupport.framework/Versions/A/MultitouchSupport
0x00000000013ec000 	/System/Library/Frameworks/IOKit.framework/Versions/A/IOKit
0x00000000013ec000 	/usr/lib/libDiagnosticMessagesClient.dylib
0x00000000013ec000 	/System/Library/Frameworks/CoreServices.framework/Versions/A/CoreServices
0x00000000013ec000 	/System/Library/PrivateFrameworks/PerformanceAnalysis.framework/Versions/A/PerformanceAnalysis
0x00000000013ec000 	/System/Library/PrivateFrameworks/GenerationalStorage.framework/Versions/A/GenerationalStorage
0x00000000013ec000 	/System/Library/Frameworks/OpenGL.framework/Versions/A/OpenGL
0x00000000013ec000 	/System/Library/PrivateFrameworks/Sharing.framework/Versions/A/Sharing
0x00000000013ec000 	/System/Library/Frameworks/CoreGraphics.framework/Versions/A/CoreGraphics
0x00000000013ec000 	/System/Library/Frameworks/CoreImage.framework/Versions/A/CoreImage
0x00000000013ec000 	/System/Library/Frameworks/CoreText.framework/Versions/A/CoreText
0x00000000013ec000 	/System/Library/Frameworks/ImageIO.framework/Versions/A/ImageIO
0x00000000013ec000 	/System/Library/PrivateFrameworks/Backup.framework/Versions/A/Backup
0x00000000013ec000 	/usr/lib/libextension.dylib
0x00000000013ec000 	/usr/lib/libarchive.2.dylib
0x00000000013ec000 	/System/Library/Frameworks/CFNetwork.framework/Versions/A/CFNetwork
0x00000000013ec000 	/System/Library/Frameworks/SystemConfiguration.framework/Versions/A/SystemConfiguration
0x00000000013ec000 	/usr/lib/libCRFSuite.dylib
0x00000000013ec000 	/usr/lib/libc++.1.dylib
0x00000000013ec000 	/usr/lib/libc++abi.dylib
0x00000000013ec000 	/usr/lib/system/libcache.dylib
0x00000000013ec000 	/usr/lib/system/libcommonCrypto.dylib
0x00000000013ec000 	/usr/lib/system/libcompiler_rt.dylib
0x00000000013ec000 	/usr/lib/system/libcopyfile.dylib
0x00000000013ec000 	/usr/lib/system/libcorecrypto.dylib
0x00000000013ec000 	/usr/lib/system/libdispatch.dylib
0x00000000013ec000 	/usr/lib/system/libdyld.dylib
0x00000000013ec000 	/usr/lib/system/libkeymgr.dylib
0x00000000013ec000 	/usr/lib/system/liblaunch.dylib
0x00000000013ec000 	/usr/lib/system/libmacho.dylib
0x00000000013ec000 	/usr/lib/system/libquarantine.dylib
0x00000000013ec000 	/usr/lib/system/libremovefile.dylib
0x00000000013ec000 	/usr/lib/system/libsystem_asl.dylib
0x00000000013ec000 	/usr/lib/system/libsystem_blocks.dylib
0x00000000013ec000 	/usr/lib/system/libsystem_c.dylib
0x00000000013ec000 	/usr/lib/system/libsystem_configuration.dylib
0x00000000013ec000 	/usr/lib/system/libsystem_coreservices.dylib
0x00000000013ec000 	/usr/lib/system/libsystem_coretls.dylib
0x00000000013ec000 	/usr/lib/system/libsystem_dnssd.dylib
0x00000000013ec000 	/usr/lib/system/libsystem_info.dylib
0x00000000013ec000 	/usr/lib/system/libsystem_kernel.dylib
0x00000000013ec000 	/usr/lib/system/libsystem_m.dylib
0x00000000013ec000 	/usr/lib/system/libsystem_malloc.dylib
0x00000000013ec000 	/usr/lib/system/libsystem_network.dylib
0x00000000013ec000 	/usr/lib/system/libsystem_networkextension.dylib
0x00000000013ec000 	/usr/lib/system/libsystem_notify.dylib
0x00000000013ec000 	/usr/lib/system/libsystem_platform.dylib
0x00000000013ec000 	/usr/lib/system/libsystem_pthread.dylib
0x00000000013ec000 	/usr/lib/system/libsystem_sandbox.dylib
0x00000000013ec000 	/usr/lib/system/libsystem_secinit.dylib
0x00000000013ec000 	/usr/lib/system/libsystem_trace.dylib
0x00000000013ec000 	/usr/lib/system/libunc.dylib
0x00000000013ec000 	/usr/lib/system/libunwind.dylib
0x00000000013ec000 	/usr/lib/system/libxpc.dylib
0x00000000013ec000 	/usr/lib/libenergytrace.dylib
0x00000000013ec000 	/usr/lib/libbsm.0.dylib
0x00000000013ec000 	/usr/lib/system/libkxld.dylib
0x00000000013ec000 	/usr/lib/libxar.1.dylib
0x00000000013ec000 	/usr/lib/libsqlite3.dylib
0x00000000013ec000 	/usr/lib/libpam.2.dylib
0x00000000013ec000 	/usr/lib/libOpenScriptingUtil.dylib
0x00000000013ec000 	/usr/lib/libbz2.1.0.dylib
0x00000000013ec000 	/usr/lib/liblzma.5.dylib
0x00000000013ec000 	/System/Library/Frameworks/CoreServices.framework/Versions/A/Frameworks/FSEvents.framework/Versions/A/FSEvents
0x00000000013ec000 	/System/Library/Frameworks/CoreServices.framework/Versions/A/Frameworks/CarbonCore.framework/Versions/A/CarbonCore
0x00000000013ec000 	/System/Library/Frameworks/CoreServices.framework/Versions/A/Frameworks/Metadata.framework/Versions/A/Metadata
0x00000000013ec000 	/System/Library/Frameworks/CoreServices.framework/Versions/A/Frameworks/OSServices.framework/Versions/A/OSServices
0x00000000013ec000 	/System/Library/Frameworks/CoreServices.framework/Versions/A/Frameworks/SearchKit.framework/Versions/A/SearchKit
0x00000000013ec000 	/System/Library/Frameworks/CoreServices.framework/Versions/A/Frameworks/AE.framework/Versions/A/AE
0x00000000013ec000 	/System/Library/Frameworks/CoreServices.framework/Versions/A/Frameworks/LaunchServices.framework/Versions/A/LaunchServices
0x00000000013ec000 	/System/Library/Frameworks/CoreServices.framework/Versions/A/Frameworks/DictionaryServices.framework/Versions/A/DictionaryServices
0x00000000013ec000 	/System/Library/Frameworks/CoreServices.framework/Versions/A/Frameworks/SharedFileList.framework/Versions/A/SharedFileList
0x00000000013ec000 	/System/Library/Frameworks/NetFS.framework/Versions/A/NetFS
0x00000000013ec000 	/System/Library/PrivateFrameworks/NetAuth.framework/Versions/A/NetAuth
0x00000000013ec000 	/System/Library/PrivateFrameworks/login.framework/Versions/A/Frameworks/loginsupport.framework/Versions/A/loginsupport
0x00000000013ec000 	/System/Library/PrivateFrameworks/TCC.framework/Versions/A/TCC
0x00000000013ec000 	/usr/lib/libmecabra.dylib
0x00000000013ec000 	/System/Library/Frameworks/ApplicationServices.framework/Versions/A/Frameworks/ATS.framework/Versions/A/ATS
0x00000000013ec000 	/System/Library/Frameworks/ApplicationServices.framework/Versions/A/Frameworks/ColorSync.framework/Versions/A/ColorSync
0x00000000013ec000 	/System/Library/Frameworks/ApplicationServices.framework/Versions/A/Frameworks/HIServices.framework/Versions/A/HIServices
0x00000000013ec000 	/System/Library/Frameworks/ApplicationServices.framework/Versions/A/Frameworks/LangAnalysis.framework/Versions/A/LangAnalysis
0x00000000013ec000 	/System/Library/Frameworks/ApplicationServices.framework/Versions/A/Frameworks/PrintCore.framework/Versions/A/PrintCore
0x00000000013ec000 	/System/Library/Frameworks/ApplicationServices.framework/Versions/A/Frameworks/QD.framework/Versions/A/QD
0x00000000013ec000 	/System/Library/Frameworks/ApplicationServices.framework/Versions/A/Frameworks/SpeechSynthesis.framework/Versions/A/SpeechSynthesis
0x00000000013ec000 	/System/Library/Frameworks/Metal.framework/Versions/A/Metal
0x00000000013ec000 	/System/Library/Frameworks/Accelerate.framework/Versions/A/Frameworks/vImage.framework/Versions/A/vImage
0x00000000013ec000 	/System/Library/Frameworks/Accelerate.framework/Versions/A/Frameworks/vecLib.framework/Versions/A/vecLib
0x00000000013ec000 	/System/Library/Frameworks/Accelerate.framework/Versions/A/Frameworks/vecLib.framework/Versions/A/libvDSP.dylib
0x00000000013ec000 	/System/Library/Frameworks/Accelerate.framework/Versions/A/Frameworks/vecLib.framework/Versions/A/libvMisc.dylib
0x00000000013ec000 	/System/Library/Frameworks/Accelerate.framework/Versions/A/Frameworks/vecLib.framework/Versions/A/libLAPACK.dylib
0x00000000013ec000 	/System/Library/Frameworks/Accelerate.framework/Versions/A/Frameworks/vecLib.framework/Versions/A/libBLAS.dylib
0x00000000013ec000 	/System/Library/Frameworks/Accelerate.framework/Versions/A/Frameworks/vecLib.framework/Versions/A/libLinearAlgebra.dylib
0x00000000013ec000 	/System/Library/Frameworks/Accelerate.framework/Versions/A/Frameworks/vecLib.framework/Versions/A/libSparseBLAS.dylib
0x00000000013ec000 	/System/Library/PrivateFrameworks/GPUCompiler.framework/libmetal_timestamp.dylib
0x00000000013ec000 	/System/Library/Frameworks/OpenGL.framework/Versions/A/Libraries/libCoreFSCache.dylib
0x00000000013ec000 	/System/Library/PrivateFrameworks/IOAccelerator.framework/Versions/A/IOAccelerator
0x00000000013ec000 	/System/Library/Frameworks/ApplicationServices.framework/Versions/A/Frameworks/ATS.framework/Versions/A/Resources/libFontParser.dylib
0x00000000013ec000 	/System/Library/Frameworks/ApplicationServices.framework/Versions/A/Frameworks/ATS.framework/Versions/A/Resources/libFontRegistry.dylib
0x00000000013ec000 	/System/Library/PrivateFrameworks/AppleVPA.framework/Versions/A/AppleVPA
0x00000000013ec000 	/System/Library/PrivateFrameworks/AppleJPEG.framework/Versions/A/AppleJPEG
0x00000000013ec000 	/System/Library/Frameworks/ImageIO.framework/Versions/A/Resources/libJPEG.dylib
0x00000000013ec000 	/System/Library/Frameworks/ImageIO.framework/Versions/A/Resources/libTIFF.dylib
0x00000000013ec000 	/System/Library/Frameworks/ImageIO.framework/Versions/A/Resources/libPng.dylib
0x00000000013ec000 	/System/Library/Frameworks/ImageIO.framework/Versions/A/Resources/libGIF.dylib
0x00000000013ec000 	/System/Library/Frameworks/ImageIO.framework/Versions/A/Resources/libJP2.dylib
0x00000000013ec000 	/System/Library/Frameworks/ImageIO.framework/Versions/A/Resources/libRadiance.dylib
0x00000000013ec000 	/System/Library/Frameworks/CoreVideo.framework/Versions/A/CoreVideo
0x00000000013ec000 	/System/Library/Frameworks/OpenGL.framework/Versions/A/Libraries/libGLU.dylib
0x00000000013ec000 	/System/Library/Frameworks/OpenGL.framework/Versions/A/Libraries/libGFXShared.dylib
0x00000000013ec000 	/System/Library/Frameworks/OpenGL.framework/Versions/A/Libraries/libGL.dylib
0x00000000013ec000 	/System/Library/Frameworks/OpenGL.framework/Versions/A/Libraries/libGLImage.dylib
0x00000000013ec000 	/System/Library/Frameworks/OpenGL.framework/Versions/A/Libraries/libCVMSPluginSupport.dylib
0x00000000013ec000 	/System/Library/Frameworks/OpenGL.framework/Versions/A/Libraries/libCoreVMClient.dylib
0x00000000013ec000 	/usr/lib/libcups.2.dylib
0x00000000013ec000 	/System/Library/Frameworks/Kerberos.framework/Versions/A/Kerberos
0x00000000013ec000 	/System/Library/Frameworks/GSS.framework/Versions/A/GSS
0x00000000013ec000 	/usr/lib/libresolv.9.dylib
0x00000000013ec000 	/usr/lib/libiconv.2.dylib
0x00000000013ec000 	/System/Library/PrivateFrameworks/Heimdal.framework/Versions/A/Heimdal
0x00000000013ec000 	/usr/lib/libheimdal-asn1.dylib
0x00000000013ec000 	/System/Library/Frameworks/OpenDirectory.framework/Versions/A/OpenDirectory
0x00000000013ec000 	/System/Library/PrivateFrameworks/CommonAuth.framework/Versions/A/CommonAuth
0x00000000013ec000 	/System/Library/Frameworks/OpenDirectory.framework/Versions/A/Frameworks/CFOpenDirectory.framework/Versions/A/CFOpenDirectory
0x00000000013ec000 	/System/Library/Frameworks/SecurityFoundation.framework/Versions/A/SecurityFoundation
0x00000000013ec000 	/System/Library/PrivateFrameworks/LanguageModeling.framework/Versions/A/LanguageModeling
0x00000000013ec000 	/usr/lib/libmarisa.dylib
0x00000000013ec000 	/usr/lib/libChineseTokenizer.dylib
0x00000000013ec000 	/usr/lib/libcmph.dylib
0x00000000013ec000 	/usr/lib/libcompression.dylib
0x00000000013ec000 	/System/Library/Frameworks/ServiceManagement.framework/Versions/A/ServiceManagement
0x00000000013ec000 	/usr/lib/libxslt.1.dylib
0x00000000013ec000 	/System/Library/Frameworks/Carbon.framework/Versions/A/Frameworks/Ink.framework/Versions/A/Ink
0x00000000013ec000 	/usr/lib/libFosl_dynamic.dylib
0x00000000013ec000 	/System/Library/PrivateFrameworks/FaceCore.framework/Versions/A/FaceCore
0x00000000013ec000 	/System/Library/Frameworks/OpenCL.framework/Versions/A/OpenCL
0x00000000013ec000 	/System/Library/PrivateFrameworks/CrashReporterSupport.framework/Versions/A/CrashReporterSupport
0x00000000013ec000 	/System/Library/PrivateFrameworks/IconServices.framework/Versions/A/IconServices
0x00000000013ec000 	/System/Library/PrivateFrameworks/Apple80211.framework/Versions/A/Apple80211
0x00000000013ec000 	/System/Library/Frameworks/CoreWLAN.framework/Versions/A/CoreWLAN
0x00000000013ec000 	/System/Library/Frameworks/IOBluetooth.framework/Versions/A/IOBluetooth
0x00000000013ec000 	/System/Library/PrivateFrameworks/CoreWiFi.framework/Versions/A/CoreWiFi
0x00000000013ec000 	/System/Library/Frameworks/CoreBluetooth.framework/Versions/A/CoreBluetooth
0x00000000013ec000 	/System/Library/PrivateFrameworks/ChunkingLibrary.framework/Versions/A/ChunkingLibrary
0x00000000013ec000 	/System/Library/PrivateFrameworks/DebugSymbols.framework/Versions/A/DebugSymbols
0x00000000013ec000 	/System/Library/PrivateFrameworks/CoreSymbolication.framework/Versions/A/CoreSymbolication
0x00000000013ec000 	/System/Library/PrivateFrameworks/Symbolication.framework/Versions/A/Symbolication
0x00000000013ec000 	/System/Library/PrivateFrameworks/SpeechRecognitionCore.framework/Versions/A/SpeechRecognitionCore
0x0000000109224000 	/Library/Java/JavaVirtualMachines/jdk1.8.0_60.jdk/Contents/Home/jre/lib/server/libjvm.dylib
0x00000000013ec000 	/usr/lib/libstdc++.6.dylib
0x000000010a1ad000 	/Library/Java/JavaVirtualMachines/jdk1.8.0_60.jdk/Contents/Home/jre/lib/libverify.dylib
0x000000010a1bb000 	/Library/Java/JavaVirtualMachines/jdk1.8.0_60.jdk/Contents/Home/jre/lib/libjava.dylib
0x000000010a1fa000 	/Library/Java/JavaVirtualMachines/jdk1.8.0_60.jdk/Contents/Home/jre/lib/libzip.dylib
0x000000011de0c000 	/System/Library/Frameworks/JavaVM.framework/Frameworks/JavaRuntimeSupport.framework/JavaRuntimeSupport
0x000000011de27000 	/System/Library/Frameworks/JavaVM.framework/Versions/A/Frameworks/JavaNativeFoundation.framework/Versions/A/JavaNativeFoundation
0x000000011de3c000 	/System/Library/Frameworks/JavaVM.framework/Versions/A/JavaVM
0x00000000013ec000 	/System/Library/Frameworks/Carbon.framework/Versions/A/Carbon
0x000000011de49000 	/System/Library/PrivateFrameworks/JavaLaunching.framework/Versions/A/JavaLaunching
0x00000000013ec000 	/System/Library/Frameworks/Carbon.framework/Versions/A/Frameworks/CommonPanels.framework/Versions/A/CommonPanels
0x00000000013ec000 	/System/Library/Frameworks/Carbon.framework/Versions/A/Frameworks/Help.framework/Versions/A/Help
0x00000000013ec000 	/System/Library/Frameworks/Carbon.framework/Versions/A/Frameworks/ImageCapture.framework/Versions/A/ImageCapture
0x00000000013ec000 	/System/Library/Frameworks/Carbon.framework/Versions/A/Frameworks/OpenScripting.framework/Versions/A/OpenScripting
0x00000000013ec000 	/System/Library/Frameworks/Carbon.framework/Versions/A/Frameworks/Print.framework/Versions/A/Print
0x00000000013ec000 	/System/Library/Frameworks/Carbon.framework/Versions/A/Frameworks/SecurityHI.framework/Versions/A/SecurityHI

VM Arguments:
jvm_args: -Xmx1024M -Dfile.encoding=UTF-8 -Duser.country=US -Duser.language=en -Duser.variant 
java_command: com.android.dx.command.Main --dex --num-threads=4 --output /Users/madjerbo/Documents/Workspace/Android/ComerNaRua/app/build/intermediates/pre-dexed/debug/classes-9eb3177433352ce62b9683653fa19a51e5107597.jar /Users/madjerbo/Documents/Workspace/Android/ComerNaRua/app/build/intermediates/exploded-aar/com.android.support/support-v4/23.0.1/jars/classes.jar
java_class_path (initial): /Users/madjerbo/Library/Android/sdk/build-tools/23.0.1/lib/dx.jar
Launcher Type: SUN_STANDARD

Environment Variables:
PATH=/usr/bin:/bin:/usr/sbin:/sbin
SHELL=/bin/bash

Signal Handlers:
SIGSEGV: [libjvm.dylib+0x5a6d31], sa_mask[0]=11111111011111110111111111111111, sa_flags=SA_ONSTACK|SA_RESTART|SA_SIGINFO
SIGBUS: [libjvm.dylib+0x5a6d31], sa_mask[0]=11111111011111110111111111111111, sa_flags=SA_RESTART|SA_SIGINFO
SIGFPE: [libjvm.dylib+0x480a4c], sa_mask[0]=11111111011111110111111111111111, sa_flags=SA_RESTART|SA_SIGINFO
SIGPIPE: [libjvm.dylib+0x480a4c], sa_mask[0]=11111111011111110111111111111111, sa_flags=SA_RESTART|SA_SIGINFO
SIGXFSZ: [libjvm.dylib+0x480a4c], sa_mask[0]=11111111011111110111111111111111, sa_flags=SA_RESTART|SA_SIGINFO
SIGILL: [libjvm.dylib+0x480a4c], sa_mask[0]=11111111011111110111111111111111, sa_flags=SA_RESTART|SA_SIGINFO
SIGUSR1: SIG_DFL, sa_mask[0]=00000000000000000000000000000000, sa_flags=none
SIGUSR2: [libjvm.dylib+0x48056a], sa_mask[0]=00100000000000000000000000000000, sa_flags=SA_RESTART|SA_SIGINFO
SIGHUP: [libjvm.dylib+0x47eb41], sa_mask[0]=11111111011111110111111111111111, sa_flags=SA_RESTART|SA_SIGINFO
SIGINT: [libjvm.dylib+0x47eb41], sa_mask[0]=11111111011111110111111111111111, sa_flags=SA_RESTART|SA_SIGINFO
SIGTERM: [libjvm.dylib+0x47eb41], sa_mask[0]=11111111011111110111111111111111, sa_flags=SA_RESTART|SA_SIGINFO
SIGQUIT: [libjvm.dylib+0x47eb41], sa_mask[0]=11111111011111110111111111111111, sa_flags=SA_RESTART|SA_SIGINFO


---------------  S Y S T E M  ---------------

OS:Bsduname:Darwin 15.0.0 Darwin Kernel Version 15.0.0: Sat Sep 19 15:53:46 PDT 2015; root:xnu-3247.10.11~1/RELEASE_X86_64 x86_64
rlimit: STACK 8192k, CORE 0k, NPROC 709, NOFILE 10240, AS infinity
load average:3.20 1.97 1.63

CPU:total 4 (2 cores per cpu, 2 threads per core) family 6 model 42 stepping 7, cmov, cx8, fxsr, mmx, sse, sse2, sse3, ssse3, sse4.1, sse4.2, popcnt, avx, aes, clmul, ht, tsc, tscinvbit

Memory: 4k page, physical 8388608k(171404k free)

/proc/meminfo:


vm_info: Java HotSpot(TM) 64-Bit Server VM (25.60-b23) for bsd-amd64 JRE (1.8.0_60-b27), built on Aug  4 2015 10:47:24 by "java_re" with gcc 4.2.1 (Based on Apple Inc. build 5658) (LLVM build 2336.11.00)

time: Sun Nov 15 22:22:41 2015
elapsed time: 3 seconds (0d 0h 0m 3s)

