JvmtiExport can_access_local_variables 0
JvmtiExport can_hotswap_or_post_breakpoint 0
JvmtiExport can_post_on_exceptions 0
# 328 ciObject found
ciMethod java/lang/Object <init> ()V 4097 1 266778 0 -1
ciMethod java/lang/String <init> ([CII)V 2097 1 5406 0 -1
ciMethod java/lang/AbstractStringBuilder <init> (I)V 1377 1 4772 0 -1
ciMethod java/lang/AbstractStringBuilder append (Ljava/lang/String;)Ljava/lang/AbstractStringBuilder; 2057 1 12263 0 -1
ciMethod java/lang/StringBuilder <init> ()V 1217 1 4405 0 -1
ciMethod java/lang/StringBuilder append (Ljava/lang/String;)Ljava/lang/StringBuilder; 2105 1 11162 0 -1
ciMethod java/lang/StringBuilder toString ()Ljava/lang/String; 1209 1 4404 0 -1
ciMethod java/lang/Math max (II)I 225 1 25841 0 -1
ciMethod java/util/AbstractMap <init> ()V 601 1 22592 0 -1
ciMethod java/util/ArrayList ensureCapacityInternal (I)V 593 1 72173 0 -1
ciMethod java/util/ArrayList ensureExplicitCapacity (I)V 593 1 72031 0 -1
ciMethod java/util/ArrayList grow (I)V 124025 1 16340 0 -1
ciMethod java/util/ArrayList size ()I 1105 1 138 0 -1
ciMethod java/util/ArrayList elementData (I)Ljava/lang/Object; 2105 1 184483 0 -1
ciMethod java/util/ArrayList get (I)Ljava/lang/Object; 2017 1 174038 0 -1
ciMethod java/util/ArrayList set (ILjava/lang/Object;)Ljava/lang/Object; 4097 1 5404 0 -1
ciMethod java/util/ArrayList add (Ljava/lang/Object;)Z 593 1 72127 0 -1
ciMethod java/util/ArrayList rangeCheck (I)V 2017 1 184546 0 -1
ciMethod java/util/ArrayList outOfBoundsMsg (I)Ljava/lang/String; 0 0 1 0 -1
ciMethod java/util/HashMap <init> ()V 401 1 20844 0 -1
ciMethodData java/lang/Object <init> ()V 2 266778 orig 264 176 164 174 9 1 0 0 0 128 20 60 28 1 0 0 0 32 1 0 0 0 0 0 0 0 0 0 0 0 0 0 0 0 0 0 0 0 0 0 0 0 0 0 0 0 0 0 0 0 0 0 0 0 0 0 0 0 0 0 0 0 0 0 0 0 0 0 0 0 0 0 0 0 0 0 0 0 0 0 0 77 68 79 32 101 120 116 114 97 32 100 97 116 97 32 108 111 99 107 0 0 0 0 0 0 0 0 0 0 0 0 0 0 0 0 0 0 0 0 0 0 0 0 0 0 0 0 0 0 0 0 0 0 0 0 0 0 0 0 0 0 0 0 0 0 0 0 0 0 0 0 0 0 0 0 0 0 0 0 0 0 0 0 0 0 0 0 0 0 0 0 0 0 0 0 0 0 0 0 0 0 0 0 0 1 0 0 0 0 0 0 0 1 0 0 0 0 0 0 0 1 0 0 0 0 0 0 0 0 0 0 0 0 0 0 0 0 2 0 0 209 128 32 0 1 0 0 0 0 0 0 0 0 0 0 0 2 0 0 0 0 0 3 0 1 0 0 0 0 0 0 0 255 255 255 255 0 0 0 0 0 0 0 0 data 0 oops 0
ciMethodData java/lang/String <init> ([CII)V 2 5406 orig 264 176 164 174 9 1 0 0 0 160 65 60 28 1 0 0 0 80 2 0 0 208 0 0 0 0 0 0 0 0 0 0 0 0 0 0 0 0 0 0 0 0 0 0 0 0 0 0 0 0 0 0 0 0 0 0 0 0 0 0 0 0 0 0 0 0 0 0 0 0 0 0 0 0 0 0 0 0 0 0 0 77 68 79 32 101 120 116 114 97 32 100 97 116 97 32 108 111 99 107 0 0 0 0 0 0 0 0 0 0 0 0 0 0 0 0 0 0 0 0 0 0 0 0 0 0 0 0 0 0 0 0 0 0 0 0 0 0 0 0 0 0 0 0 0 0 0 0 0 0 0 0 0 0 0 0 0 0 0 0 0 0 0 0 0 0 0 0 0 0 0 0 0 0 0 0 0 0 0 0 0 0 0 0 0 0 0 0 0 0 0 0 0 0 0 0 0 0 0 0 0 0 0 0 0 0 0 0 0 0 0 0 0 0 0 0 0 6 1 0 0 193 160 0 0 1 0 0 0 0 0 0 0 0 0 0 0 2 0 0 0 0 0 14 0 2 0 0 0 240 0 0 0 255 255 255 255 2 0 1 0 0 0 0 0 data 30 0x10002 0x1418 0x50007 0x1418 0x30 0x0 0xd0002 0x0 0x120007 0x140f 0x70 0x9 0x160007 0x9 0x30 0x0 0x1e0002 0x0 0x250007 0x0 0x20 0x9 0x370007 0x140f 0x30 0x0 0x410002 0x0 0x4b0002 0x140e oops 0
ciMethodData java/lang/AbstractStringBuilder append (Ljava/lang/String;)Ljava/lang/AbstractStringBuilder; 2 12263 orig 264 176 164 174 9 1 0 0 0 192 94 67 28 1 0 0 0 240 1 0 0 32 0 0 0 0 0 0 0 0 0 0 0 0 0 0 0 0 0 0 0 0 0 0 0 0 0 0 0 0 0 0 0 0 0 0 0 0 0 0 0 0 0 0 0 0 0 0 0 0 0 0 0 0 0 0 0 0 0 0 0 77 68 79 32 101 120 116 114 97 32 100 97 116 97 32 108 111 99 107 0 0 0 0 0 0 0 0 0 0 0 0 0 0 0 0 0 0 0 0 0 0 0 0 0 0 0 0 0 0 0 0 0 0 0 0 0 0 0 0 0 0 0 0 0 0 0 0 0 0 0 0 0 0 0 0 0 0 0 0 0 0 0 0 0 0 0 0 0 0 0 0 0 0 0 0 0 0 0 0 0 0 0 0 0 0 0 0 0 0 0 0 0 0 0 0 0 0 0 0 0 0 0 0 0 0 0 0 0 0 0 0 0 0 0 0 0 1 1 0 0 49 119 1 0 1 0 0 0 0 0 0 0 0 0 0 0 2 0 0 0 0 0 9 0 2 0 0 0 160 0 0 0 255 255 255 255 7 0 1 0 0 0 0 0 data 20 0x10007 0x2ee6 0x30 0x0 0x50002 0x0 0xa0005 0x6 0x7ff1088440a0 0x2ee0 0x0 0x0 0x150002 0x2ee6 0x230005 0x6 0x7ff1088440a0 0x2ee1 0x0 0x0 oops 2 8 java/lang/String 16 java/lang/String
ciMethodData java/lang/StringBuilder append (Ljava/lang/String;)Ljava/lang/StringBuilder; 2 11162 orig 264 176 164 174 9 1 0 0 0 208 146 67 28 1 0 0 0 56 1 0 0 0 0 0 0 0 0 0 0 0 0 0 0 0 0 0 0 0 0 0 0 0 0 0 0 0 0 0 0 0 0 0 0 0 0 0 0 0 0 0 0 0 0 0 0 0 0 0 0 0 0 0 0 0 0 0 0 0 0 0 0 77 68 79 32 101 120 116 114 97 32 100 97 116 97 32 108 111 99 107 0 0 0 0 0 0 0 0 0 0 0 0 0 0 0 0 0 0 0 0 0 0 0 0 0 0 0 0 0 0 0 0 0 0 0 0 0 0 0 0 0 0 0 0 0 0 0 0 0 0 0 0 0 0 0 0 0 0 0 0 0 0 0 0 0 0 0 0 0 0 0 0 0 0 0 0 0 0 0 0 0 0 0 0 0 0 0 0 0 0 0 0 0 0 0 0 0 0 0 0 0 0 0 0 0 0 0 0 0 0 0 0 0 0 0 0 0 7 1 0 0 153 84 1 0 1 0 0 0 0 0 0 0 0 0 0 0 2 0 0 0 0 0 3 0 2 0 0 0 16 0 0 0 255 255 255 255 2 0 2 0 0 0 0 0 data 2 0x20002 0x2a93 oops 0
ciMethodData java/lang/StringBuilder <init> ()V 2 4405 orig 264 176 164 174 9 1 0 0 0 184 143 67 28 1 0 0 0 48 1 0 0 0 0 0 0 0 0 0 0 0 0 0 0 0 0 0 0 0 0 0 0 0 0 0 0 0 0 0 0 0 0 0 0 0 0 0 0 0 0 0 0 0 0 0 0 0 0 0 0 0 0 0 0 0 0 0 0 0 0 0 0 77 68 79 32 101 120 116 114 97 32 100 97 116 97 32 108 111 99 107 0 0 0 0 0 0 0 0 0 0 0 0 0 0 0 0 0 0 0 0 0 0 0 0 0 0 0 0 0 0 0 0 0 0 0 0 0 0 0 0 0 0 0 0 0 0 0 0 0 0 0 0 0 0 0 0 0 0 0 0 0 0 0 0 0 0 0 0 0 0 0 0 0 0 0 0 0 0 0 0 0 0 0 0 0 0 0 0 0 0 0 0 0 0 0 0 0 0 0 0 0 0 0 0 0 0 0 0 0 0 0 0 0 0 0 0 0 152 0 0 0 233 132 0 0 1 0 0 0 0 0 0 0 0 0 0 0 2 0 0 0 0 0 3 0 2 0 0 0 16 0 0 0 255 255 255 255 2 0 3 0 0 0 0 0 data 2 0x30002 0x109d oops 0
ciMethodData java/lang/AbstractStringBuilder <init> (I)V 2 4772 orig 264 176 164 174 9 1 0 0 0 160 83 67 28 1 0 0 0 56 1 0 0 0 0 0 0 0 0 0 0 0 0 0 0 0 0 0 0 0 0 0 0 0 0 0 0 0 0 0 0 0 0 0 0 0 0 0 0 0 0 0 0 0 0 0 0 0 0 0 0 0 0 0 0 0 0 0 0 0 0 0 0 77 68 79 32 101 120 116 114 97 32 100 97 116 97 32 108 111 99 107 0 0 0 0 0 0 0 0 0 0 0 0 0 0 0 0 0 0 0 0 0 0 0 0 0 0 0 0 0 0 0 0 0 0 0 0 0 0 0 0 0 0 0 0 0 0 0 0 0 0 0 0 0 0 0 0 0 0 0 0 0 0 0 0 0 0 0 0 0 0 0 0 0 0 0 0 0 0 0 0 0 0 0 0 0 0 0 0 0 0 0 0 0 0 0 0 0 0 0 0 0 0 0 0 0 0 0 0 0 0 0 0 0 0 0 0 0 172 0 0 0 193 143 0 0 1 0 0 0 0 0 0 0 0 0 0 0 2 0 0 0 0 0 3 0 2 0 0 0 16 0 0 0 255 255 255 255 2 0 1 0 0 0 0 0 data 2 0x10002 0x11f8 oops 0
ciMethodData java/lang/StringBuilder toString ()Ljava/lang/String; 2 4404 orig 264 176 164 174 9 1 0 0 0 128 166 67 28 1 0 0 0 48 1 0 0 0 0 0 0 0 0 0 0 0 0 0 0 0 0 0 0 0 0 0 0 0 0 0 0 0 0 0 0 0 0 0 0 0 0 0 0 0 0 0 0 0 0 0 0 0 0 0 0 0 0 0 0 0 0 0 0 0 0 0 0 77 68 79 32 101 120 116 114 97 32 100 97 116 97 32 108 111 99 107 0 0 0 0 0 0 0 0 0 0 0 0 0 0 0 0 0 0 0 0 0 0 0 0 0 0 0 0 0 0 0 0 0 0 0 0 0 0 0 0 0 0 0 0 0 0 0 0 0 0 0 0 0 0 0 0 0 0 0 0 0 0 0 0 0 0 0 0 0 0 0 0 0 0 0 0 0 0 0 0 0 0 0 0 0 0 0 0 0 0 0 0 0 0 0 0 0 0 0 0 0 0 0 0 0 0 0 0 0 0 0 0 0 0 0 0 0 151 0 0 0 233 132 0 0 1 0 0 0 0 0 0 0 0 0 0 0 2 0 0 0 0 0 3 0 2 0 0 0 16 0 0 0 255 255 255 255 2 0 13 0 0 0 0 0 data 2 0xd0002 0x109d oops 0
ciMethodData java/util/ArrayList add (Ljava/lang/Object;)Z 2 72127 orig 264 176 164 174 9 1 0 0 0 208 180 74 28 1 0 0 0 144 1 0 0 0 0 0 0 0 0 0 0 0 0 0 0 0 0 0 0 0 0 0 0 0 0 0 0 0 0 0 0 0 0 0 0 0 0 0 0 0 0 0 0 0 0 0 0 0 0 0 0 0 0 0 0 0 0 0 0 0 0 0 0 77 68 79 32 101 120 116 114 97 32 100 97 116 97 32 108 111 99 107 0 0 0 0 0 0 0 0 0 0 0 0 0 0 0 0 0 0 0 0 0 0 0 0 0 0 0 0 0 0 0 0 0 0 0 0 0 0 0 0 0 0 0 0 0 0 0 0 0 0 0 0 0 0 0 0 0 0 0 0 0 0 0 0 0 0 0 0 0 0 0 0 0 0 0 0 0 0 0 0 0 0 0 0 0 17 0 0 0 0 0 0 0 0 0 0 0 0 0 0 0 1 0 0 0 0 0 0 0 0 0 0 0 0 0 0 0 74 0 0 0 169 203 8 0 1 0 0 0 0 0 0 0 0 0 0 0 2 0 0 0 0 0 15 0 2 0 0 0 64 0 0 0 255 255 255 255 2 0 7 0 0 0 0 0 data 8 0x70002 0x11977 0x1a0104 0x0 0x7ff109276a70 0x2d3 0x7ff109276b20 0xe oops 2 4 java/util/zip/ZipEntry 6 java/util/concurrent/FutureTask
ciMethodData java/util/ArrayList ensureCapacityInternal (I)V 2 72173 orig 264 176 164 174 9 1 0 0 0 72 170 74 28 1 0 0 0 144 1 0 0 32 0 0 0 0 0 0 0 0 0 0 0 0 0 0 0 0 0 0 0 0 0 0 0 0 0 0 0 0 0 0 0 0 0 0 0 0 0 0 0 0 0 0 0 0 0 0 0 0 0 0 0 0 0 0 0 0 0 0 0 77 68 79 32 101 120 116 114 97 32 100 97 116 97 32 108 111 99 107 0 0 0 0 0 0 0 0 0 0 0 0 0 0 0 0 0 0 0 0 0 0 0 0 0 0 0 0 0 0 0 0 0 0 0 0 0 0 0 0 0 0 0 0 0 0 0 0 0 0 0 0 0 0 0 0 0 0 0 0 0 0 0 0 0 0 0 0 0 0 0 0 0 0 0 0 0 0 0 0 0 0 0 0 0 17 0 0 0 0 0 0 0 0 0 0 0 0 0 0 0 1 0 0 0 0 0 0 0 0 0 0 0 0 0 0 0 74 0 0 0 25 205 8 0 1 0 0 0 0 0 0 0 0 0 0 0 2 0 0 0 0 0 14 0 2 0 0 0 64 0 0 0 255 255 255 255 7 0 7 0 0 0 0 0 data 8 0x70007 0xdfe9 0x30 0x39c1 0xd0002 0x39c1 0x130002 0x119a4 oops 0
ciMethodData java/lang/Math max (II)I 2 25841 orig 264 176 164 174 9 1 0 0 0 200 107 73 28 1 0 0 0 96 1 0 0 0 0 0 0 0 0 0 0 0 0 0 0 0 0 0 0 0 0 0 0 0 0 0 0 0 0 0 0 0 0 0 0 0 0 0 0 0 0 0 0 0 0 0 0 0 0 0 0 0 0 0 0 0 0 0 0 0 0 0 0 77 68 79 32 101 120 116 114 97 32 100 97 116 97 32 108 111 99 107 0 0 0 0 0 0 0 0 0 0 0 0 0 0 0 0 0 0 0 0 0 0 0 0 0 0 0 0 0 0 0 0 0 0 0 0 0 0 0 0 0 0 0 0 0 0 0 0 0 0 0 0 0 0 0 0 0 0 0 0 0 0 0 0 0 0 0 0 0 0 0 0 0 0 0 0 0 0 0 0 0 0 0 0 0 0 0 0 0 0 0 0 0 0 0 0 0 0 0 0 0 0 0 0 0 0 0 0 0 0 0 0 0 0 0 0 0 28 0 0 0 169 38 3 0 1 0 0 0 0 0 0 0 0 0 0 0 2 0 0 0 0 0 6 0 2 0 0 0 56 0 0 0 255 255 255 255 7 0 2 0 0 0 0 0 data 7 0x20007 0x1fc1 0x38 0x4514 0x60003 0x4516 0x18 oops 0
ciMethodData java/util/ArrayList ensureExplicitCapacity (I)V 2 72031 orig 264 176 164 174 9 1 0 0 0 248 170 74 28 1 0 0 0 88 1 0 0 0 0 0 0 0 0 0 0 0 0 0 0 0 0 0 0 0 0 0 0 0 0 0 0 0 0 0 0 0 0 0 0 0 0 0 0 0 0 0 0 0 0 0 0 0 0 0 0 0 0 0 0 0 0 0 0 0 0 0 0 77 68 79 32 101 120 116 114 97 32 100 97 116 97 32 108 111 99 107 0 0 0 0 0 0 0 0 0 0 0 0 0 0 0 0 0 0 0 0 0 0 0 0 0 0 0 0 0 0 0 0 0 0 0 0 0 0 0 0 0 0 0 0 0 0 0 0 0 0 0 0 0 0 0 0 0 0 0 0 0 0 0 0 0 0 0 0 0 0 0 0 0 0 0 0 0 0 0 0 0 0 0 0 0 17 0 0 0 0 0 0 0 0 0 0 0 0 0 0 0 1 0 0 0 0 0 0 0 0 0 0 0 0 0 0 0 74 0 0 0 169 200 8 0 1 0 0 0 0 0 0 0 0 0 0 0 2 0 0 0 0 0 0 0 0 0 0 0 48 0 0 0 255 255 255 255 7 0 17 0 0 0 0 0 data 6 0x110007 0xdac3 0x30 0x3e5e 0x160002 0x3e5d oops 0
ciMethodData java/util/ArrayList grow (I)V 2 16340 orig 264 176 164 174 9 1 0 0 0 192 171 74 28 1 0 0 0 176 1 0 0 64 0 0 0 0 0 0 0 0 0 0 0 0 0 0 0 0 0 0 0 0 0 0 0 0 0 0 0 0 0 0 0 0 0 0 0 0 0 0 0 0 0 0 0 0 0 0 0 0 0 0 0 0 0 0 0 0 0 0 0 77 68 79 32 101 120 116 114 97 32 100 97 116 97 32 108 111 99 107 0 0 0 0 0 0 0 0 0 0 0 0 0 0 0 0 0 0 0 0 0 0 0 0 0 0 0 0 0 0 0 0 0 0 0 0 0 0 0 0 0 0 0 0 0 0 0 0 0 0 0 0 0 0 0 0 0 0 0 0 0 0 0 0 0 0 0 0 0 0 0 0 0 0 0 0 0 0 0 0 0 0 0 0 0 17 0 0 0 0 0 0 0 0 0 0 0 0 0 0 0 1 0 0 0 0 0 0 0 0 0 0 0 0 0 0 0 11 0 0 0 177 192 0 0 1 0 0 0 0 0 0 0 0 0 0 0 2 0 0 0 0 0 11 0 2 0 0 0 96 0 0 0 255 255 255 255 7 0 15 0 0 0 0 0 data 12 0xf0007 0x17b 0x20 0x169e 0x180007 0x1819 0x30 0x0 0x1c0002 0x0 0x260002 0x1818 oops 0
ciMethodData java/util/ArrayList get (I)Ljava/lang/Object; 2 174038 orig 264 176 164 174 9 1 0 0 0 120 179 74 28 1 0 0 0 144 1 0 0 0 0 0 0 0 0 0 0 0 0 0 0 0 0 0 0 0 0 0 0 0 0 0 0 0 0 0 0 0 0 0 0 0 0 0 0 0 0 0 0 0 0 0 0 0 0 0 0 0 0 0 0 0 0 0 0 0 0 0 0 77 68 79 32 101 120 116 114 97 32 100 97 116 97 32 108 111 99 107 0 0 0 0 0 0 0 0 0 0 0 0 0 0 0 0 0 0 0 0 0 0 0 0 0 0 0 0 0 0 0 0 0 0 0 0 0 0 0 0 0 0 0 0 0 0 0 0 0 0 0 0 0 0 0 0 0 0 0 0 0 0 0 0 0 0 0 0 0 0 0 0 0 0 0 0 0 0 0 0 0 0 0 0 0 0 0 0 0 0 0 0 0 0 0 0 0 0 0 0 0 0 0 0 0 0 0 0 0 0 0 0 0 0 0 0 0 252 0 0 0 209 54 21 0 1 0 0 0 0 0 0 0 0 0 0 0 2 0 0 0 0 0 6 0 2 0 0 0 64 0 0 0 255 255 255 255 2 0 2 0 0 0 0 0 data 8 0x20002 0x2a6f3 0x70005 0x0 0x7ff10a1179b0 0x2a70c 0x0 0x0 oops 1 4 java/util/ArrayList
ciMethodData java/util/ArrayList rangeCheck (I)V 2 184546 orig 264 176 164 174 9 1 0 0 0 88 188 74 28 1 0 0 0 104 1 0 0 0 0 0 0 0 0 0 0 0 0 0 0 0 0 0 0 0 0 0 0 0 0 0 0 0 0 0 0 0 0 0 0 0 0 0 0 0 0 0 0 0 0 0 0 0 0 0 0 0 0 0 0 0 0 0 0 0 0 0 0 77 68 79 32 101 120 116 114 97 32 100 97 116 97 32 108 111 99 107 0 0 0 0 0 0 0 0 0 0 0 0 0 0 0 0 0 0 0 0 0 0 0 0 0 0 0 0 0 0 0 0 0 0 0 0 0 0 0 0 0 0 0 0 0 0 0 0 0 0 0 0 0 0 0 0 0 0 0 0 0 0 0 0 0 0 0 0 0 0 0 0 0 0 0 0 0 0 0 0 0 0 0 0 0 0 0 0 0 0 0 0 0 0 0 0 0 0 0 0 0 0 0 0 0 0 0 0 0 0 0 0 0 0 0 0 0 252 0 0 0 49 127 22 0 1 0 0 0 0 0 0 0 0 0 0 0 2 0 0 0 0 0 5 0 2 0 0 0 64 0 0 0 255 255 255 255 7 0 5 0 0 0 0 0 data 8 0x50007 0x2cffd 0x40 0x0 0xe0002 0x0 0x110002 0x0 oops 0
ciMethodData java/util/ArrayList outOfBoundsMsg (I)Ljava/lang/String; 1 0 orig 264 176 164 174 9 1 0 0 0 184 189 74 28 1 0 0 0 80 2 0 0 0 0 0 0 0 0 0 0 0 0 0 0 0 0 0 0 0 0 0 0 0 0 0 0 0 0 0 0 0 0 0 0 0 0 0 0 0 0 0 0 0 0 0 0 0 0 0 0 0 0 0 0 0 0 0 0 0 0 0 0 77 68 79 32 101 120 116 114 97 32 100 97 116 97 32 108 111 99 107 0 0 0 0 0 0 0 0 0 0 0 0 0 0 0 0 0 0 0 0 0 0 0 0 0 0 0 0 0 0 0 0 0 0 0 0 0 0 0 0 0 0 0 0 0 0 0 0 0 0 0 0 0 0 0 0 0 0 0 0 0 0 0 0 0 0 0 0 0 0 0 0 0 0 0 0 0 0 0 0 0 0 0 0 0 0 0 0 0 0 0 0 0 0 0 0 0 0 0 0 0 0 0 0 0 0 0 0 0 0 0 0 0 0 0 0 0 0 0 0 0 1 0 0 0 1 0 0 0 0 0 0 0 0 0 0 0 2 0 0 0 0 0 0 0 0 0 0 0 0 1 0 0 255 255 255 255 2 0 4 0 0 0 0 0 data 32 0x40002 0x0 0x90005 0x0 0x0 0x0 0x0 0x0 0xd0005 0x0 0x0 0x0 0x0 0x0 0x120005 0x0 0x0 0x0 0x0 0x0 0x190005 0x0 0x0 0x0 0x0 0x0 0x1c0005 0x0 0x0 0x0 0x0 0x0 oops 0
ciMethodData java/util/ArrayList elementData (I)Ljava/lang/Object; 2 184483 orig 264 176 164 174 9 1 0 0 0 216 178 74 28 1 0 0 0 40 1 0 0 0 0 0 0 0 0 0 0 0 0 0 0 0 0 0 0 0 0 0 0 0 0 0 0 0 0 0 0 0 0 0 0 0 0 0 0 0 0 0 0 0 0 0 0 0 0 0 0 0 0 0 0 0 0 0 0 0 0 0 0 77 68 79 32 101 120 116 114 97 32 100 97 116 97 32 108 111 99 107 0 0 0 0 0 0 0 0 0 0 0 0 0 0 0 0 0 0 0 0 0 0 0 0 0 0 0 0 0 0 0 0 0 0 0 0 0 0 0 0 0 0 0 0 0 0 0 0 0 0 0 0 0 0 0 0 0 0 0 0 0 0 0 0 0 0 0 0 0 0 0 0 0 0 0 0 0 0 0 0 0 0 0 0 0 0 0 0 0 0 0 0 0 0 0 0 0 0 0 0 0 0 0 0 0 0 0 0 0 0 0 0 0 0 0 0 0 7 1 0 0 225 124 22 0 1 0 0 0 0 0 0 0 0 0 0 0 2 0 0 0 0 0 3 0 1 0 0 0 0 0 0 0 255 255 255 255 0 0 0 0 0 0 0 0 data 0 oops 0
ciMethodData java/util/HashMap <init> ()V 2 20844 orig 264 176 164 174 9 1 0 0 0 104 231 75 28 1 0 0 0 48 1 0 0 0 0 0 0 0 0 0 0 0 0 0 0 0 0 0 0 0 0 0 0 0 0 0 0 0 0 0 0 0 0 0 0 0 0 0 0 0 0 0 0 0 0 0 0 0 0 0 0 0 0 0 0 0 0 0 0 0 0 0 0 77 68 79 32 101 120 116 114 97 32 100 97 116 97 32 108 111 99 107 0 0 0 0 0 0 0 0 0 0 0 0 0 0 0 0 0 0 0 0 0 0 0 0 0 0 0 0 0 0 0 0 0 0 0 0 0 0 0 0 0 0 0 0 0 0 0 0 0 0 0 0 0 0 0 0 0 0 0 0 0 0 0 0 0 0 0 0 0 0 0 0 0 0 0 0 0 0 0 0 0 0 0 0 0 0 0 0 0 0 0 0 0 0 0 0 0 0 0 0 0 0 0 0 0 0 0 0 0 0 0 0 0 0 0 0 0 50 0 0 0 209 137 2 0 1 0 0 0 0 0 0 0 0 0 0 0 2 0 0 0 0 0 3 0 2 0 0 0 16 0 0 0 255 255 255 255 2 0 1 0 0 0 0 0 data 2 0x10002 0x513b oops 0
ciMethodData java/util/AbstractMap <init> ()V 2 22592 orig 264 176 164 174 9 1 0 0 0 0 54 74 28 1 0 0 0 48 1 0 0 0 0 0 0 0 0 0 0 0 0 0 0 0 0 0 0 0 0 0 0 0 0 0 0 0 0 0 0 0 0 0 0 0 0 0 0 0 0 0 0 0 0 0 0 0 0 0 0 0 0 0 0 0 0 0 0 0 0 0 0 77 68 79 32 101 120 116 114 97 32 100 97 116 97 32 108 111 99 107 0 0 0 0 0 0 0 0 0 0 0 0 0 0 0 0 0 0 0 0 0 0 0 0 0 0 0 0 0 0 0 0 0 0 0 0 0 0 0 0 0 0 0 0 0 0 0 0 0 0 0 0 0 0 0 0 0 0 0 0 0 0 0 0 0 0 0 0 0 0 0 0 0 0 0 0 0 0 0 0 0 0 0 0 0 0 0 0 0 0 0 0 0 0 0 0 0 0 0 0 0 0 0 0 0 0 0 0 0 0 0 0 0 0 0 0 0 75 0 0 0 169 191 2 0 1 0 0 0 0 0 0 0 0 0 0 0 2 0 0 0 0 0 3 0 2 0 0 0 16 0 0 0 255 255 255 255 2 0 1 0 0 0 0 0 data 2 0x10002 0x57f6 oops 0
ciMethod java/lang/IndexOutOfBoundsException <init> (Ljava/lang/String;)V 0 0 1 0 -1
ciMethodData java/util/ArrayList set (ILjava/lang/Object;)Ljava/lang/Object; 2 5404 orig 264 176 164 174 9 1 0 0 0 32 180 74 28 1 0 0 0 200 1 0 0 0 0 0 0 0 0 0 0 0 0 0 0 0 0 0 0 0 0 0 0 0 0 0 0 0 0 0 0 0 0 0 0 0 0 0 0 0 0 0 0 0 0 0 0 0 0 0 0 0 0 0 0 0 0 0 0 0 0 0 0 77 68 79 32 101 120 116 114 97 32 100 97 116 97 32 108 111 99 107 0 0 0 0 0 0 0 0 0 0 0 0 0 0 0 0 0 0 0 0 0 0 0 0 0 0 0 0 0 0 0 0 0 0 0 0 0 0 0 0 0 0 0 0 0 0 0 0 0 0 0 0 0 0 0 0 0 0 0 0 0 0 0 0 0 0 0 0 0 0 0 0 0 0 0 0 0 0 0 0 0 0 0 0 0 0 0 0 0 0 0 0 0 0 0 0 0 0 0 0 0 0 0 0 0 0 0 0 0 0 0 0 0 0 0 0 0 0 2 0 0 225 152 0 0 1 0 0 0 0 0 0 0 0 0 0 0 2 0 0 0 0 0 0 0 0 0 0 0 112 0 0 0 255 255 255 255 2 0 2 0 0 0 0 0 data 14 0x20002 0x131c 0x70005 0x0 0x7ff10a1179b0 0x131c 0x0 0x0 0x110004 0x0 0x7ff10916a080 0x115d 0x7ff10916a130 0x1b7 oops 3 4 java/util/ArrayList 10 com/android/dx/rop/code/LocalItem 12 com/android/dx/ssa/NormalSsaInsn
ciMethod com/android/dex/util/ExceptionWithContext addContext (Ljava/lang/String;)V 0 0 1 0 -1
ciMethod com/android/dx/rop/cst/CstType getClassType ()Lcom/android/dx/rop/type/Type; 4657 1 582 0 -1
ciMethod com/android/dx/rop/type/TypeList size ()I 0 0 1 0 -1
ciMethod com/android/dx/util/MutabilityControl setImmutable ()V 4097 1 20953 0 -1
ciMethod com/android/dx/util/MutabilityControl throwIfImmutable ()V 2065 1 128086 0 -1
ciMethod com/android/dx/util/MutabilityException <init> (Ljava/lang/String;)V 0 0 1 0 -1
ciMethod com/android/dx/util/FixedSizeList <init> (I)V 4097 1 8006 0 -1
ciMethod com/android/dx/util/FixedSizeList size ()I 4097 1 127662 0 -1
ciMethod com/android/dx/util/FixedSizeList get0 (I)Ljava/lang/Object; 3577 1 10198 0 -1
ciMethod com/android/dx/util/FixedSizeList set0 (ILjava/lang/Object;)V 4097 1 50250 0 -1
ciMethod com/android/dx/util/FixedSizeList throwIndex (I)Ljava/lang/Object; 0 0 1 0 -1
ciMethod com/android/dx/cf/iface/Member getAccessFlags ()I 0 0 1 0 -1
ciMethod com/android/dx/cf/code/ByteCatchList get (I)Lcom/android/dx/cf/code/ByteCatchList$Item; 817 1 102 0 -1
ciMethod com/android/dx/cf/code/ByteCatchList toRopCatchList ()Lcom/android/dx/rop/type/TypeList; 4097 129 3263 0 -1
ciMethod com/android/dx/cf/attrib/AttCode getCatches ()Lcom/android/dx/cf/code/ByteCatchList; 5513 1 689 0 -1
ciMethod com/android/dx/util/Hex u2 (I)Ljava/lang/String; 17 65 124 0 -1
ciMethodData com/android/dx/util/MutabilityControl throwIfImmutable ()V 2 128086 orig 264 176 164 174 9 1 0 0 0 96 123 128 28 1 0 0 0 80 1 0 0 0 0 0 0 0 0 0 0 0 0 0 0 0 0 0 0 0 0 0 0 0 0 0 0 0 0 0 0 0 0 0 0 0 0 0 0 0 0 0 0 0 0 0 0 0 0 0 0 0 0 0 0 0 0 0 0 0 0 0 0 77 68 79 32 101 120 116 114 97 32 100 97 116 97 32 108 111 99 107 0 0 0 0 0 0 0 0 0 0 0 0 0 0 0 0 0 0 0 0 0 0 0 0 0 0 0 0 0 0 0 0 0 0 0 0 0 0 0 0 0 0 0 0 0 0 0 0 0 0 0 0 0 0 0 0 0 0 0 0 0 0 0 0 0 0 0 0 0 0 0 0 0 0 0 0 0 0 0 0 0 0 0 0 0 0 0 0 0 0 0 0 0 0 0 0 0 0 0 0 0 0 0 0 0 0 0 0 0 0 0 0 0 0 0 0 0 2 1 0 0 161 154 15 0 1 0 0 0 0 0 0 0 0 0 0 0 2 0 0 0 0 0 5 0 2 0 0 0 48 0 0 0 255 255 255 255 7 0 4 0 0 0 0 0 data 6 0x40007 0x1f35e 0x30 0x0 0xd0002 0x0 oops 0
ciMethodData com/android/dx/util/Hex u2 (I)Ljava/lang/String; 1 496 orig 264 176 164 174 9 1 0 0 0 8 187 130 28 1 0 0 0 160 1 0 0 48 0 0 0 0 0 0 0 0 0 0 0 0 0 0 0 0 0 0 0 0 0 0 0 0 0 0 0 0 0 0 0 0 0 0 0 0 0 0 0 0 0 0 0 0 0 0 0 0 0 0 0 0 0 0 0 0 0 0 0 77 68 79 32 101 120 116 114 97 32 100 97 116 97 32 108 111 99 107 0 0 0 0 0 0 0 0 0 0 0 0 0 0 0 0 0 0 0 0 0 0 0 0 0 0 0 0 0 0 0 0 0 0 0 0 0 0 0 0 0 0 0 0 0 0 0 0 0 0 0 0 0 0 0 0 0 0 0 0 0 0 0 0 0 0 0 0 0 0 0 0 0 0 0 0 0 0 0 0 0 0 0 0 0 0 0 0 0 0 0 0 0 0 0 0 0 0 0 0 0 0 0 0 0 0 0 0 0 0 0 0 0 0 0 0 0 8 0 0 0 209 3 0 0 65 15 0 0 0 0 0 0 0 0 0 0 2 0 0 0 0 0 0 0 0 0 0 0 88 0 0 0 255 255 255 255 7 0 8 0 0 0 0 0 data 11 0x80007 0x7a 0x48 0x1e8 0x150002 0x1e8 0x200003 0x1e8 0xffffffffffffffd0 0x280002 0x7a oops 0
ciMethod com/android/dx/cf/code/ConcreteMethod getAccessFlags ()I 4097 1 4229 0 -1
ciMethod com/android/dx/cf/code/ConcreteMethod getCatches ()Lcom/android/dx/cf/code/ByteCatchList; 4097 1 6348 0 -1
ciMethod com/android/dx/cf/code/Ropper getSpecialLabel (I)I 4097 1 1811 0 -1
ciMethod com/android/dx/cf/code/Ropper getAvailableLabel ()I 1913 32769 1465 0 -1
ciMethod com/android/dx/cf/code/Ropper isSynchronized ()Z 4097 1 4228 0 -1
ciMethod com/android/dx/cf/code/Ropper addBlock (Lcom/android/dx/rop/code/BasicBlock;Lcom/android/dx/util/IntList;)V 4097 1 2348 0 -1
ciMethod com/android/dx/cf/code/Ropper addOrReplaceBlock (Lcom/android/dx/rop/code/BasicBlock;Lcom/android/dx/util/IntList;)Z 4097 1 3262 0 -1
ciMethod com/android/dx/cf/code/Ropper processBlock (Lcom/android/dx/cf/code/ByteBlock;Lcom/android/dx/cf/code/Frame;[I)V 4097 13769 3262 0 -1
ciMethod com/android/dx/cf/code/Ropper mergeAndWorkAsNecessary (IILcom/android/dx/cf/code/Ropper$Subroutine;Lcom/android/dx/cf/code/Frame;[I)V 4097 1 3149 0 -1
ciMethod com/android/dx/rop/code/Insn getOpcode ()Lcom/android/dx/rop/code/Rop; 1025 1 128 0 -1
ciMethod com/android/dx/rop/code/Insn getPosition ()Lcom/android/dx/rop/code/SourcePosition; 1049 1 131 0 -1
ciMethod com/android/dx/rop/code/Insn canThrow ()Z 6273 1 784 0 -1
ciMethod com/android/dx/rop/code/Insn withAddedCatch (Lcom/android/dx/rop/type/Type;)Lcom/android/dx/rop/code/Insn; 0 0 1 0 -1
ciMethod com/android/dx/rop/code/PlainInsn <init> (Lcom/android/dx/rop/code/Rop;Lcom/android/dx/rop/code/SourcePosition;Lcom/android/dx/rop/code/RegisterSpec;Lcom/android/dx/rop/code/RegisterSpecList;)V 4097 1 22352 0 -1
ciMethodData com/android/dx/util/FixedSizeList set0 (ILjava/lang/Object;)V 2 50250 orig 264 176 164 174 9 1 0 0 0 16 49 129 28 1 0 0 0 224 1 0 0 0 0 0 0 0 0 0 0 0 0 0 0 0 0 0 0 0 0 0 0 0 0 0 0 0 0 0 0 0 0 0 0 0 0 0 0 0 0 0 0 0 0 0 0 0 0 0 0 0 0 0 0 0 0 0 0 0 0 0 0 77 68 79 32 101 120 116 114 97 32 100 97 116 97 32 108 111 99 107 0 0 0 0 0 0 0 0 0 0 0 0 0 0 0 0 0 0 0 0 0 0 0 0 0 0 0 0 0 0 0 0 0 0 0 0 0 0 0 0 0 0 0 0 0 0 0 0 0 0 0 0 0 0 0 0 0 0 0 0 0 0 0 0 0 0 0 0 0 0 0 0 0 0 0 0 0 0 0 0 0 0 0 0 0 0 0 0 0 0 0 0 0 0 0 0 0 0 0 0 0 0 0 0 0 0 0 0 0 0 0 0 0 0 0 0 0 0 2 0 0 81 18 6 0 1 0 0 0 0 0 0 0 0 0 0 0 2 0 0 0 0 0 11 0 2 0 0 0 136 0 0 0 255 255 255 255 5 0 1 0 0 0 0 0 data 17 0x10005 0xc1aa 0x7ff10a3108e0 0x9 0x7ff10a310990 0x9b 0xa0004 0x0 0x7ff1091a00d0 0x250 0x7ff10a348cf0 0x3d 0xb0003 0xc255 0x28 0x110002 0x0 oops 4 2 com/android/dx/cf/iface/StdFieldList 4 com/android/dx/cf/code/LineNumberList 8 com/android/dx/rop/type/Type 10 com/android/dx/cf/iface/StdMethod
ciMethod com/android/dx/util/IntList makeImmutable (I)Lcom/android/dx/util/IntList; 13961 1 4791 0 -1
ciMethod com/android/dx/util/IntList <init> (I)V 4097 1 7740 0 -1
ciMethod com/android/dx/util/IntList size ()I 2585 1 323 0 -1
ciMethod com/android/dx/util/IntList get (I)I 2081 1 5525 0 -1
ciMethod com/android/dx/util/IntList set (II)V 4097 1 13598 0 -1
ciMethod com/android/dx/util/IntList add (I)V 4097 1 6022 0 -1
ciMethod com/android/dx/util/IntList mutableCopy ()Lcom/android/dx/util/IntList; 3929 32769 1925 0 -1
ciMethod com/android/dx/util/IntList indexOf (I)I 4097 1 19802 0 -1
ciMethod com/android/dx/util/IntList binarysearch (I)I 4097 3721 20173 0 -1
ciMethodData com/android/dx/util/FixedSizeList throwIndex (I)Ljava/lang/Object; 1 0 orig 264 176 164 174 9 1 0 0 0 240 49 129 28 1 0 0 0 104 1 0 0 32 0 0 0 0 0 0 0 0 0 0 0 0 0 0 0 0 0 0 0 0 0 0 0 0 0 0 0 0 0 0 0 0 0 0 0 0 0 0 0 0 0 0 0 0 0 0 0 0 0 0 0 0 0 0 0 0 0 0 0 77 68 79 32 101 120 116 114 97 32 100 97 116 97 32 108 111 99 107 0 0 0 0 0 0 0 0 0 0 0 0 0 0 0 0 0 0 0 0 0 0 0 0 0 0 0 0 0 0 0 0 0 0 0 0 0 0 0 0 0 0 0 0 0 0 0 0 0 0 0 0 0 0 0 0 0 0 0 0 0 0 0 0 0 0 0 0 0 0 0 0 0 0 0 0 0 0 0 0 0 0 0 0 0 31 0 0 0 0 0 0 0 1 0 0 0 0 0 0 0 1 0 0 0 0 0 0 0 0 0 0 0 0 0 0 0 0 0 0 0 1 0 0 0 1 0 0 0 0 0 0 0 0 0 0 0 2 0 0 0 0 0 0 0 0 0 0 0 64 0 0 0 255 255 255 255 7 0 1 0 0 0 0 0 data 8 0x10007 0x0 0x30 0x0 0xa0002 0x0 0x140002 0x0 oops 0
ciMethodData com/android/dx/util/FixedSizeList size ()I 2 127662 orig 264 176 164 174 9 1 0 0 0 144 44 129 28 1 0 0 0 32 1 0 0 0 0 0 0 0 0 0 0 0 0 0 0 0 0 0 0 0 0 0 0 0 0 0 0 0 0 0 0 0 0 0 0 0 0 0 0 0 0 0 0 0 0 0 0 0 0 0 0 0 0 0 0 0 0 0 0 0 0 0 0 77 68 79 32 101 120 116 114 97 32 100 97 116 97 32 108 111 99 107 0 0 0 0 0 0 0 0 0 0 0 0 0 0 0 0 0 0 0 0 0 0 0 0 0 0 0 0 0 0 0 0 0 0 0 0 0 0 0 0 0 0 0 0 0 0 0 0 0 0 0 0 0 0 0 0 0 0 0 0 0 0 0 0 0 0 0 0 0 0 0 0 0 0 0 0 0 0 0 0 0 0 0 0 0 1 0 0 0 0 0 0 0 0 0 0 0 0 0 0 0 1 0 0 0 0 0 0 0 0 0 0 0 0 0 0 0 0 2 0 0 113 133 15 0 1 0 0 0 0 0 0 0 0 0 0 0 2 0 0 0 0 0 3 0 1 0 0 0 0 0 0 0 255 255 255 255 0 0 0 0 0 0 0 0 data 0 oops 0
ciMethod com/android/dx/cf/code/ByteCatchList$Item getHandlerPc ()I 305 1 38 0 -1
ciMethod com/android/dx/cf/code/ByteCatchList$Item getExceptionClass ()Lcom/android/dx/rop/cst/CstType; 385 1 48 0 -1
ciMethod com/android/dx/cf/code/ByteBlock getLabel ()I 7817 1 977 0 -1
ciMethod com/android/dx/cf/code/ByteBlock getSuccessors ()Lcom/android/dx/util/IntList; 7705 1 963 0 -1
ciMethod com/android/dx/cf/code/ByteBlock getCatches ()Lcom/android/dx/cf/code/ByteCatchList; 3473 1 434 0 -1
ciMethod com/android/dx/cf/code/RopperMachine getInsns ()Ljava/util/ArrayList; 7705 1 963 0 -1
ciMethod com/android/dx/cf/code/RopperMachine startBlock (Lcom/android/dx/rop/type/TypeList;)V 4097 1 3262 0 -1
ciMethod com/android/dx/cf/code/RopperMachine wereCatchesUsed ()Z 7705 1 963 0 -1
ciMethod com/android/dx/cf/code/RopperMachine returns ()Z 4537 1 502 0 -1
ciMethod com/android/dx/cf/code/RopperMachine getPrimarySuccessorIndex ()I 7705 1 963 0 -1
ciMethod com/android/dx/cf/code/RopperMachine getExtraBlockCount ()I 7705 1 963 0 -1
ciMethod com/android/dx/cf/code/RopperMachine canThrow ()Z 0 0 1 0 -1
ciMethod com/android/dx/cf/code/RopperMachine hasJsr ()Z 7705 1 963 0 -1
ciMethod com/android/dx/cf/code/RopperMachine hasRet ()Z 4097 1 3263 0 -1
ciMethod com/android/dx/cf/code/RopperMachine getReturnAddress ()Lcom/android/dx/cf/code/ReturnAddress; 0 0 1 0 -1
ciMethod com/android/dx/cf/code/Simulator simulate (Lcom/android/dx/cf/code/ByteBlock;Lcom/android/dx/cf/code/Frame;)V 4097 7481 3260 0 -1
ciMethod com/android/dx/cf/code/Frame <init> (Lcom/android/dx/cf/code/LocalsArray;Lcom/android/dx/cf/code/ExecutionStack;Lcom/android/dx/util/IntList;)V 4097 1 3749 0 -1
ciMethod com/android/dx/cf/code/Frame copy ()Lcom/android/dx/cf/code/Frame; 4097 1 3261 0 -1
ciMethod com/android/dx/cf/code/Frame setImmutable ()V 4097 1 3702 0 -1
ciMethod com/android/dx/cf/code/Frame getLocals ()Lcom/android/dx/cf/code/LocalsArray; 3441 1 430 0 -1
ciMethod com/android/dx/cf/code/Frame getStack ()Lcom/android/dx/cf/code/ExecutionStack; 6801 1 850 0 -1
ciMethod com/android/dx/cf/code/Frame getSubroutines ()Lcom/android/dx/util/IntList; 4809 1 601 0 -1
ciMethod com/android/dx/cf/code/Frame makeExceptionHandlerStartFrame (Lcom/android/dx/rop/cst/CstType;)Lcom/android/dx/cf/code/Frame; 129 1 16 0 -1
ciMethod com/android/dx/cf/code/Ropper$Subroutine <init> (Lcom/android/dx/cf/code/Ropper;I)V 0 0 1 0 -1
ciMethod com/android/dx/cf/code/Ropper$Subroutine <init> (Lcom/android/dx/cf/code/Ropper;II)V 0 0 1 0 -1
ciMethod com/android/dx/cf/code/Ropper$Subroutine addRetBlock (I)V 0 0 1 0 -1
ciMethod com/android/dx/cf/code/Ropper$Subroutine addCallerBlock (I)V 0 0 1 0 -1
ciMethod com/android/dx/cf/code/Ropper$Subroutine getSuccessors ()Lcom/android/dx/util/IntList; 0 0 1 0 -1
ciMethod com/android/dx/cf/code/Ropper$Subroutine mergeToSuccessors (Lcom/android/dx/cf/code/Frame;[I)V 0 0 1 0 -1
ciMethod com/android/dx/cf/code/Ropper$CatchInfo <init> (Lcom/android/dx/cf/code/Ropper;)V 25 1 3 0 -1
ciMethod com/android/dx/cf/code/Ropper$CatchInfo getSetup (Lcom/android/dx/rop/type/Type;)Lcom/android/dx/cf/code/Ropper$ExceptionHandlerSetup; 129 1 16 0 -1
ciMethod com/android/dx/cf/code/Ropper$CatchInfo <init> (Lcom/android/dx/cf/code/Ropper;Lcom/android/dx/cf/code/Ropper$1;)V 25 1 3 0 -1
ciMethod com/android/dx/cf/code/LocalsArray copy ()Lcom/android/dx/cf/code/LocalsArray; 0 0 1 0 -1
ciMethod com/android/dx/cf/code/ExecutionStack copy ()Lcom/android/dx/cf/code/ExecutionStack; 4097 1 3303 0 -1
ciMethod com/android/dx/cf/code/ExecutionStack clear ()V 129 201 16 0 -1
ciMethod com/android/dx/cf/code/ExecutionStack push (Lcom/android/dx/rop/type/TypeBearer;)V 17081 1 5059 0 -1
ciMethod com/android/dx/rop/code/InsnList <init> (I)V 4097 1 9594 0 -1
ciMethod com/android/dx/rop/code/InsnList set (ILcom/android/dx/rop/code/Insn;)V 4097 1 19152 0 -1
ciMethod com/android/dx/rop/code/Rop getBranchingness ()I 1121 1 140 0 -1
ciMethod com/android/dx/rop/code/Rop canThrow ()Z 4097 1 12280 0 -1
ciMethod com/android/dx/rop/code/BasicBlock <init> (ILcom/android/dx/rop/code/InsnList;Lcom/android/dx/util/IntList;I)V 4097 3017 11718 0 -1
ciMethodData com/android/dx/util/FixedSizeList <init> (I)V 2 8006 orig 264 176 164 174 9 1 0 0 0 224 38 129 28 1 0 0 0 152 1 0 0 56 0 0 0 0 0 0 0 0 0 0 0 0 0 0 0 0 0 0 0 0 0 0 0 0 0 0 0 0 0 0 0 0 0 0 0 0 0 0 0 0 0 0 0 0 0 0 0 0 0 0 0 0 0 0 0 0 0 0 0 77 68 79 32 101 120 116 114 97 32 100 97 116 97 32 108 111 99 107 0 0 0 0 0 0 0 0 0 0 0 0 0 0 0 0 0 0 0 0 0 0 0 0 0 0 0 0 0 0 0 0 0 0 0 0 0 0 0 0 0 0 0 0 0 0 0 0 0 0 0 0 0 0 0 0 0 0 0 0 0 0 0 0 0 0 0 0 0 0 0 0 0 0 0 0 0 0 0 0 0 0 0 0 0 0 0 0 0 0 0 0 0 0 0 0 0 0 0 0 0 0 0 0 0 0 0 0 0 0 0 0 0 0 0 0 0 0 2 0 0 49 234 0 0 1 0 0 0 0 0 0 0 0 0 0 0 2 0 0 0 0 0 10 0 2 0 0 0 112 0 0 0 255 255 255 255 7 0 2 0 0 0 0 0 data 14 0x20007 0xa4b 0x38 0x12ff 0x60003 0x12ff 0x18 0xa0002 0x1d47 0x150003 0x1d47 0x28 0x1f0002 0x0 oops 0
ciMethodData com/android/dx/util/FixedSizeList get0 (I)Ljava/lang/Object; 2 10198 orig 264 176 164 174 9 1 0 0 0 40 47 129 28 1 0 0 0 48 2 0 0 192 0 0 0 0 0 0 0 0 0 0 0 0 0 0 0 0 0 0 0 0 0 0 0 0 0 0 0 0 0 0 0 0 0 0 0 0 0 0 0 0 0 0 0 0 0 0 0 0 0 0 0 0 0 0 0 0 0 0 0 77 68 79 32 101 120 116 114 97 32 100 97 116 97 32 108 111 99 107 0 0 0 0 0 0 0 0 0 0 0 0 0 0 0 0 0 0 0 0 0 0 0 0 0 0 0 0 0 0 0 0 0 0 0 0 0 0 0 0 0 0 0 0 0 0 0 0 0 0 0 0 0 0 0 0 0 0 0 0 0 0 0 0 0 0 0 0 0 0 0 0 0 0 0 0 0 0 0 0 0 0 0 0 0 25 0 0 0 0 0 0 0 0 0 0 0 0 0 0 0 1 0 0 0 0 0 0 0 0 0 0 0 0 0 0 0 191 1 0 0 185 48 1 0 1 0 0 0 0 0 0 0 0 0 0 0 2 0 0 0 0 0 9 0 2 0 0 0 224 0 0 0 255 255 255 255 7 0 8 0 0 0 0 0 data 28 0x80007 0x2615 0xd0 0x0 0x130002 0x0 0x180005 0x0 0x0 0x0 0x0 0x0 0x1c0005 0x0 0x0 0x0 0x0 0x0 0x1f0005 0x0 0x0 0x0 0x0 0x0 0x220002 0x0 0x2b0002 0x0 oops 0
ciMethodData com/android/dx/util/MutabilityControl setImmutable ()V 2 20953 orig 264 176 164 174 9 1 0 0 0 80 121 128 28 1 0 0 0 32 1 0 0 0 0 0 0 0 0 0 0 0 0 0 0 0 0 0 0 0 0 0 0 0 0 0 0 0 0 0 0 0 0 0 0 0 0 0 0 0 0 0 0 0 0 0 0 0 0 0 0 0 0 0 0 0 0 0 0 0 0 0 0 77 68 79 32 101 120 116 114 97 32 100 97 116 97 32 108 111 99 107 0 0 0 0 0 0 0 0 0 0 0 0 0 0 0 0 0 0 0 0 0 0 0 0 0 0 0 0 0 0 0 0 0 0 0 0 0 0 0 0 0 0 0 0 0 0 0 0 0 0 0 0 0 0 0 0 0 0 0 0 0 0 0 0 0 0 0 0 0 0 0 0 0 0 0 0 0 0 0 0 0 0 0 0 0 0 0 0 0 0 0 0 0 0 0 0 0 0 0 0 0 0 0 0 0 0 0 0 0 0 0 0 0 0 0 0 0 0 2 0 0 201 126 2 0 1 0 0 0 0 0 0 0 0 0 0 0 2 0 0 0 0 0 3 0 1 0 0 0 0 0 0 0 255 255 255 255 0 0 0 0 0 0 0 0 data 0 oops 0
ciMethodData com/android/dx/util/IntList get (I)I 2 5525 orig 264 176 164 174 9 1 0 0 0 192 91 135 28 1 0 0 0 104 1 0 0 32 0 0 0 0 0 0 0 0 0 0 0 0 0 0 0 0 0 0 0 0 0 0 0 0 0 0 0 0 0 0 0 0 0 0 0 0 0 0 0 0 0 0 0 0 0 0 0 0 0 0 0 0 0 0 0 0 0 0 0 77 68 79 32 101 120 116 114 97 32 100 97 116 97 32 108 111 99 107 0 0 0 0 0 0 0 0 0 0 0 0 0 0 0 0 0 0 0 0 0 0 0 0 0 0 0 0 0 0 0 0 0 0 0 0 0 0 0 0 0 0 0 0 0 0 0 0 0 0 0 0 0 0 0 0 0 0 0 0 0 0 0 0 0 0 0 0 0 0 0 0 0 0 0 0 0 0 0 0 0 0 0 0 0 0 0 0 0 0 0 0 0 0 0 0 0 0 0 0 0 0 0 0 0 0 0 0 0 0 0 0 0 0 0 0 0 4 1 0 0 137 164 0 0 1 0 0 0 0 0 0 0 0 0 0 0 2 0 0 0 0 0 7 0 2 0 0 0 64 0 0 0 255 255 255 255 7 0 5 0 0 0 0 0 data 8 0x50007 0x1492 0x30 0x0 0xe0002 0x0 0x200002 0x0 oops 0
ciMethodData com/android/dx/util/IntList add (I)V 2 6022 orig 264 176 164 174 9 1 0 0 0 240 93 135 28 1 0 0 0 8 2 0 0 0 0 0 0 0 0 0 0 0 0 0 0 0 0 0 0 0 0 0 0 0 0 0 0 0 0 0 0 0 0 0 0 0 0 0 0 0 0 0 0 0 0 0 0 0 0 0 0 0 0 0 0 0 0 0 0 0 0 0 0 77 68 79 32 101 120 116 114 97 32 100 97 116 97 32 108 111 99 107 0 0 0 0 0 0 0 0 0 0 0 0 0 0 0 0 0 0 0 0 0 0 0 0 0 0 0 0 0 0 0 0 0 0 0 0 0 0 0 0 0 0 0 0 0 0 0 0 0 0 0 0 0 0 0 0 0 0 0 0 0 0 0 0 0 0 0 0 0 0 0 0 0 0 0 0 0 0 0 0 0 0 0 0 0 0 0 0 0 0 0 0 0 0 0 0 0 0 0 0 0 0 0 0 0 0 0 0 0 0 0 0 0 0 0 0 0 0 2 0 0 49 172 0 0 1 0 0 0 0 0 0 0 0 0 0 0 2 0 0 0 0 0 14 0 2 0 0 0 184 0 0 0 255 255 255 255 5 0 1 0 0 0 0 0 data 23 0x10005 0x726 0x7ff10a117c70 0xe58 0x0 0x0 0x50002 0x1586 0x1d0007 0x7b8 0x78 0xdd1 0x250007 0x813 0x58 0x5bf 0x350007 0x1e 0x38 0x5a1 0x390003 0x5a1 0x18 oops 1 2 com/android/dx/util/IntList
ciMethodData com/android/dx/util/IntList <init> (I)V 2 7740 orig 264 176 164 174 9 1 0 0 0 200 86 135 28 1 0 0 0 96 1 0 0 0 0 0 0 0 0 0 0 0 0 0 0 0 0 0 0 0 0 0 0 0 0 0 0 0 0 0 0 0 0 0 0 0 0 0 0 0 0 0 0 0 0 0 0 0 0 0 0 0 0 0 0 0 0 0 0 0 0 0 0 77 68 79 32 101 120 116 114 97 32 100 97 116 97 32 108 111 99 107 0 0 0 0 0 0 0 0 0 0 0 0 0 0 0 0 0 0 0 0 0 0 0 0 0 0 0 0 0 0 0 0 0 0 0 0 0 0 0 0 0 0 0 0 0 0 0 0 0 0 0 0 0 0 0 0 0 0 0 0 0 0 0 0 0 0 0 0 0 0 0 0 0 0 0 0 0 0 0 0 0 0 0 0 0 0 0 0 0 0 0 0 0 0 0 0 0 0 0 0 0 0 0 0 0 0 0 0 0 0 0 0 0 0 0 0 0 0 2 0 0 225 225 0 0 1 0 0 0 0 0 0 0 0 0 0 0 2 0 0 0 0 0 7 0 2 0 0 0 56 0 0 0 255 255 255 255 2 0 2 0 0 0 0 0 data 7 0x20002 0x1c3d 0xc0003 0x1c40 0x28 0x160002 0x0 oops 0
ciMethodData com/android/dx/util/IntList set (II)V 2 13598 orig 264 176 164 174 9 1 0 0 0 232 92 135 28 1 0 0 0 0 2 0 0 80 0 0 0 0 0 0 0 0 0 0 0 0 0 0 0 0 0 0 0 0 0 0 0 0 0 0 0 0 0 0 0 0 0 0 0 0 0 0 0 0 0 0 0 0 0 0 0 0 0 0 0 0 0 0 0 0 0 0 0 77 68 79 32 101 120 116 114 97 32 100 97 116 97 32 108 111 99 107 0 0 0 0 0 0 0 0 0 0 0 0 0 0 0 0 0 0 0 0 0 0 0 0 0 0 0 0 0 0 0 0 0 0 0 0 0 0 0 0 0 0 0 0 0 0 0 0 0 0 0 0 0 0 0 0 0 0 0 0 0 0 0 0 0 0 0 0 0 0 0 0 0 0 0 0 0 0 0 0 0 0 0 0 0 0 0 0 0 0 0 0 0 0 0 0 0 0 0 0 0 0 0 0 0 0 0 0 0 0 0 0 0 0 0 0 0 0 2 0 0 241 152 1 0 1 0 0 0 0 0 0 0 0 0 0 0 2 0 0 0 0 0 13 0 2 0 0 0 168 0 0 0 255 255 255 255 5 0 1 0 0 0 0 0 data 21 0x10005 0x9cf 0x7ff10a117c70 0x2950 0x0 0x0 0x90007 0x331f 0x30 0x0 0x120002 0x0 0x220003 0x331f 0x48 0x270007 0x0 0x30 0x0 0x300002 0x0 oops 1 2 com/android/dx/util/IntList
ciMethodData com/android/dx/rop/code/InsnList set (ILcom/android/dx/rop/code/Insn;)V 2 19152 orig 264 176 164 174 9 1 0 0 0 72 125 137 28 1 0 0 0 136 1 0 0 0 0 0 0 0 0 0 0 0 0 0 0 0 0 0 0 0 0 0 0 0 0 0 0 0 0 0 0 0 0 0 0 0 0 0 0 0 0 0 0 0 0 0 0 0 0 0 0 0 0 0 0 0 0 0 0 0 0 0 0 77 68 79 32 101 120 116 114 97 32 100 97 116 97 32 108 111 99 107 0 0 0 0 0 0 0 0 0 0 0 0 0 0 0 0 0 0 0 0 0 0 0 0 0 0 0 0 0 0 0 0 0 0 0 0 0 0 0 0 0 0 0 0 0 0 0 0 0 0 0 0 0 0 0 0 0 0 0 0 0 0 0 0 0 0 0 0 0 0 0 0 0 0 0 0 0 0 0 0 0 0 0 0 0 0 0 0 0 0 0 0 0 0 0 0 0 0 0 0 0 0 0 0 0 0 0 0 0 0 0 0 0 0 0 0 0 0 2 0 0 129 70 2 0 1 0 0 0 0 0 0 0 0 0 0 0 2 0 0 0 0 0 12 0 2 0 0 0 48 0 0 0 255 255 255 255 5 0 3 0 0 0 0 0 data 6 0x30005 0x801 0x7ff10a117bc0 0x40cd 0x0 0x0 oops 1 2 com/android/dx/rop/code/InsnList
ciMethodData com/android/dx/util/IntList indexOf (I)I 2 19802 orig 264 176 164 174 9 1 0 0 0 24 103 135 28 1 0 0 0 184 1 0 0 0 0 0 0 0 0 0 0 0 0 0 0 0 0 0 0 0 0 0 0 0 0 0 0 0 0 0 0 0 0 0 0 0 0 0 0 0 0 0 0 0 0 0 0 0 0 0 0 0 0 0 0 0 0 0 0 0 0 0 0 77 68 79 32 101 120 116 114 97 32 100 97 116 97 32 108 111 99 107 0 0 0 0 0 0 0 0 0 0 0 0 0 0 0 0 0 0 0 0 0 0 0 0 0 0 0 0 0 0 0 0 0 0 0 0 0 0 0 0 0 0 0 0 0 0 0 0 0 0 0 0 0 0 0 0 0 0 0 0 0 0 0 0 0 0 0 0 0 0 0 0 0 0 0 0 0 0 0 0 0 0 0 0 0 0 0 0 0 0 0 0 0 0 0 0 0 0 0 0 0 0 0 0 0 0 0 0 0 0 0 0 0 0 0 0 0 0 2 0 0 209 90 2 0 1 0 0 0 0 0 0 0 0 0 0 0 2 0 0 0 0 0 6 0 2 0 0 0 104 0 0 0 255 255 255 255 5 0 2 0 0 0 0 0 data 13 0x20005 0x6bc 0x7ff10a117c70 0x44a0 0x0 0x0 0x70007 0x1450 0x38 0x370d 0xb0003 0x370d 0x18 oops 1 2 com/android/dx/util/IntList
ciMethodData com/android/dx/util/IntList binarysearch (I)I 2 20173 orig 264 176 164 174 9 1 0 0 0 184 104 135 28 1 0 0 0 112 2 0 0 96 0 0 0 0 0 0 0 0 0 0 0 0 0 0 0 0 0 0 0 0 0 0 0 0 0 0 0 0 0 0 0 0 0 0 0 0 0 0 0 0 0 0 0 0 0 0 0 0 0 0 0 0 0 0 0 0 0 0 0 77 68 79 32 101 120 116 114 97 32 100 97 116 97 32 108 111 99 107 0 0 0 0 0 0 0 0 0 0 0 0 0 0 0 0 0 0 0 0 0 0 0 0 0 0 0 0 0 0 0 0 0 0 0 0 0 0 0 0 0 0 0 0 0 0 0 0 0 0 0 0 0 0 0 0 0 0 0 0 0 0 0 0 0 0 0 0 0 0 0 0 0 0 0 0 0 0 0 0 0 0 0 0 0 0 0 0 0 0 0 0 0 0 0 0 0 0 0 0 0 0 0 0 0 0 0 0 0 0 0 0 0 0 0 0 0 0 2 0 0 105 102 2 0 49 73 2 0 0 0 0 0 0 0 0 0 2 0 0 0 2 0 21 0 2 0 0 0 64 1 0 0 255 255 255 255 7 0 9 0 0 0 0 0 data 40 0x90007 0x469e 0x78 0x62f 0x100007 0x3a 0x58 0x6f3 0x1a0007 0xff 0x20 0x5f5 0x220003 0xff 0xffffffffffffffc0 0x320007 0x46a3 0x70 0x4826 0x4b0007 0x1701 0x38 0x3125 0x520003 0x3128 0x18 0x580003 0x4827 0xffffffffffffffa8 0x5e0007 0x1579 0x58 0x3128 0x690007 0x0 0x38 0x3128 0x6e0003 0x3127 0x18 oops 0
ciMethodData com/android/dx/rop/code/PlainInsn <init> (Lcom/android/dx/rop/code/Rop;Lcom/android/dx/rop/code/SourcePosition;Lcom/android/dx/rop/code/RegisterSpec;Lcom/android/dx/rop/code/RegisterSpecList;)V 2 22352 orig 264 176 164 174 9 1 0 0 0 240 183 134 28 1 0 0 0 120 2 0 0 128 0 0 0 0 0 0 0 0 0 0 0 0 0 0 0 0 0 0 0 0 0 0 0 0 0 0 0 0 0 0 0 0 0 0 0 0 0 0 0 0 0 0 0 0 0 0 0 0 0 0 0 0 0 0 0 0 0 0 0 77 68 79 32 101 120 116 114 97 32 100 97 116 97 32 108 111 99 107 0 0 0 0 0 0 0 0 0 0 0 0 0 0 0 0 0 0 0 0 0 0 0 0 0 0 0 0 0 0 0 0 0 0 0 0 0 0 0 0 0 0 0 0 0 0 0 0 0 0 0 0 0 0 0 0 0 0 0 0 0 0 0 0 0 0 0 0 0 0 0 0 0 0 0 0 0 0 0 0 0 0 0 0 0 0 0 0 0 0 0 0 0 0 0 0 0 0 0 0 0 0 0 0 0 0 0 0 0 0 0 0 0 0 0 0 0 0 2 0 0 129 170 2 0 1 0 0 0 0 0 0 0 0 0 0 0 2 0 0 0 0 0 11 0 2 0 0 0 16 1 0 0 255 255 255 255 2 0 6 0 0 0 0 0 data 34 0x60002 0x5550 0xa0005 0x721 0x7ff109168520 0x4e2e 0x0 0x0 0xd0008 0x6 0x721 0x50 0x0 0x40 0x0 0x40 0x2e0002 0x0 0x330007 0x283e 0x80 0x2d18 0x370005 0x382 0x7ff109168520 0x2996 0x0 0x0 0x3b0007 0x2d19 0x30 0x0 0x440002 0x0 oops 2 4 com/android/dx/rop/code/Rop 24 com/android/dx/rop/code/Rop
ciMethodData com/android/dx/rop/code/InsnList <init> (I)V 2 9594 orig 264 176 164 174 9 1 0 0 0 216 123 137 28 1 0 0 0 56 1 0 0 0 0 0 0 0 0 0 0 0 0 0 0 0 0 0 0 0 0 0 0 0 0 0 0 0 0 0 0 0 0 0 0 0 0 0 0 0 0 0 0 0 0 0 0 0 0 0 0 0 0 0 0 0 0 0 0 0 0 0 0 77 68 79 32 101 120 116 114 97 32 100 97 116 97 32 108 111 99 107 0 0 0 0 0 0 0 0 0 0 0 0 0 0 0 0 0 0 0 0 0 0 0 0 0 0 0 0 0 0 0 0 0 0 0 0 0 0 0 0 0 0 0 0 0 0 0 0 0 0 0 0 0 0 0 0 0 0 0 0 0 0 0 0 0 0 0 0 0 0 0 0 0 0 0 0 0 0 0 0 0 0 0 0 0 0 0 0 0 0 0 0 0 0 0 0 0 0 0 0 0 0 0 0 0 0 0 0 0 0 0 0 0 0 0 0 0 0 2 0 0 209 27 1 0 1 0 0 0 0 0 0 0 0 0 0 0 2 0 0 0 0 0 3 0 2 0 0 0 16 0 0 0 255 255 255 255 2 0 2 0 0 0 0 0 data 2 0x20002 0x237a oops 0
ciMethodData com/android/dx/rop/code/BasicBlock <init> (ILcom/android/dx/rop/code/InsnList;Lcom/android/dx/util/IntList;I)V 2 11718 orig 264 176 164 174 9 1 0 0 0 168 0 139 28 1 0 0 0 32 7 0 0 40 4 0 0 0 0 0 0 0 0 0 0 0 0 0 0 0 0 0 0 0 0 0 0 0 0 0 0 0 0 0 0 0 0 0 0 0 0 0 0 0 0 0 0 0 0 0 0 0 0 0 0 0 0 0 0 0 0 0 0 77 68 79 32 101 120 116 114 97 32 100 97 116 97 32 108 111 99 107 0 0 0 0 0 0 0 0 0 0 0 0 0 0 0 0 0 0 0 0 0 0 0 0 0 0 0 0 0 0 0 0 0 0 0 0 0 0 0 0 0 0 0 0 0 0 0 0 0 0 0 0 0 0 0 0 0 0 0 0 0 0 0 0 0 0 0 0 0 0 0 0 0 0 0 0 0 0 0 0 0 0 0 0 0 0 0 0 0 0 0 0 0 0 0 0 0 0 0 0 0 0 0 0 0 0 0 0 0 0 0 0 0 0 0 0 0 0 2 0 0 49 94 1 0 185 79 1 0 0 0 0 0 0 0 0 0 2 0 0 0 1 0 44 0 2 0 0 0 184 5 0 0 255 255 255 255 2 0 1 0 0 0 0 0 data 183 0x10002 0x2bc6 0x50007 0x2bc6 0x30 0x0 0xe0002 0x0 0x130005 0x71a 0x7ff10a117bc0 0x24ac 0x0 0x0 0x160003 0x2bc6 0x28 0x210002 0x0 0x260005 0x71a 0x7ff10a117bc0 0x24ac 0x0 0x0 0x2d0007 0x2bc5 0x30 0x0 0x360002 0x0 0x420007 0x2bc6 0x1f8 0x29f6 0x480005 0x62c 0x7ff10a117bc0 0x23c9 0x0 0x0 0x4b0005 0x630 0x7ff10a117a60 0x195f 0x7ff109275070 0xa64 0x520005 0x62c 0x7ff109168520 0x23ca 0x0 0x0 0x560007 0x29f5 0x130 0x0 0x610002 0x0 0x660005 0x0 0x0 0x0 0x0 0x0 0x6b0005 0x0 0x0 0x0 0x0 0x0 0x700005 0x0 0x0 0x0 0x0 0x0 0x750005 0x0 0x0 0x0 0x0 0x0 0x780005 0x0 0x0 0x0 0x0 0x0 0x7b0002 0x0 0x820003 0x29f6 0xfffffffffffffe20 0x8a0005 0x71a 0x7ff10a117bc0 0x24ac 0x0 0x0 0x910005 0x79f 0x7ff10a117a60 0x1621 0x7ff10a117d20 0xe07 0x940005 0x71a 0x7ff109168520 0x24ac 0x0 0x0 0x980007 0x2bc5 0x30 0x0 0xa10002 0x0 0xa60005 0x71a 0x7ff10a117c70 0x24ab 0x0 0x0 0xa90003 0x2bc4 0x28 0xb40002 0x0 0xbb0007 0x2bc4 0x30 0x0 0xc40002 0x0 0xca0007 0x35a 0x180 0x286a 0xd00005 0x68c 0x7ff10a117c70 0x21de 0x0 0x0 0xd30007 0x286d 0x130 0x0 0xde0002 0x0 0xe30005 0x0 0x0 0x0 0x0 0x0 0xe80005 0x0 0x0 0x0 0x0 0x0 0xed0005 0x0 0x0 0x0 0x0 0x0 0xf10005 0x0 0x0 0x0 0x0 0x0 0xf40005 0x0 0x0 0x0 0x0 0x0 0xf70002 0x0 oops 12 10 com/android/dx/rop/code/InsnList 21 com/android/dx/rop/code/InsnList 37 com/android/dx/rop/code/InsnList 43 com/android/dx/rop/code/PlainInsn 45 com/android/dx/rop/code/PlainCstInsn 49 com/android/dx/rop/code/Rop 96 com/android/dx/rop/code/InsnList 102 com/android/dx/rop/code/PlainInsn 104 com/android/dx/rop/code/ThrowingCstInsn 108 com/android/dx/rop/code/Rop 120 com/android/dx/util/IntList 141 com/android/dx/util/IntList
ciMethodData com/android/dx/rop/code/Rop canThrow ()Z 2 12280 orig 264 176 164 174 9 1 0 0 0 224 180 138 28 1 0 0 0 176 1 0 0 0 0 0 0 0 0 0 0 0 0 0 0 0 0 0 0 0 0 0 0 0 0 0 0 0 0 0 0 0 0 0 0 0 0 0 0 0 0 0 0 0 0 0 0 0 0 0 0 0 0 0 0 0 0 0 0 0 0 0 0 77 68 79 32 101 120 116 114 97 32 100 97 116 97 32 108 111 99 107 0 0 0 0 0 0 0 0 0 0 0 0 0 0 0 0 0 0 0 0 0 0 0 0 0 0 0 0 0 0 0 0 0 0 0 0 0 0 0 0 0 0 0 0 0 0 0 0 0 0 0 0 0 0 0 0 0 0 0 0 0 0 0 0 0 0 0 0 0 0 0 0 0 0 0 0 0 0 0 0 0 0 0 0 0 0 0 0 0 0 0 0 0 0 0 0 0 0 0 0 0 0 0 0 0 0 0 0 0 0 0 0 0 0 0 0 0 0 2 0 0 193 111 1 0 1 0 0 0 0 0 0 0 0 0 0 0 2 0 0 0 0 0 6 0 2 0 0 0 104 0 0 0 255 255 255 255 5 0 4 0 0 0 0 0 data 13 0x40005 0x0 0x7ff1091689b0 0x2df9 0x0 0x0 0x90007 0x2229 0x38 0xbd1 0xd0003 0xbd1 0x18 oops 1 2 com/android/dx/rop/type/StdTypeList
ciMethodData com/android/dx/cf/code/ConcreteMethod getCatches ()Lcom/android/dx/cf/code/ByteCatchList; 2 6348 orig 264 176 164 174 9 1 0 0 0 40 100 133 28 1 0 0 0 120 1 0 0 0 0 0 0 0 0 0 0 0 0 0 0 0 0 0 0 0 0 0 0 0 0 0 0 0 0 0 0 0 0 0 0 0 0 0 0 0 0 0 0 0 0 0 0 0 0 0 0 0 0 0 0 0 0 0 0 0 0 0 0 77 68 79 32 101 120 116 114 97 32 100 97 116 97 32 108 111 99 107 0 0 0 0 0 0 0 0 0 0 0 0 0 0 0 0 0 0 0 0 0 0 0 0 0 0 0 0 0 0 0 0 0 0 0 0 0 0 0 0 0 0 0 0 0 0 0 0 0 0 0 0 0 0 0 0 0 0 0 0 0 0 0 0 0 0 0 0 0 0 0 0 0 0 0 0 0 0 0 0 0 0 0 0 0 0 0 0 0 0 0 0 0 0 0 0 0 0 0 0 0 0 0 0 0 0 0 0 0 0 0 0 0 0 0 0 0 0 2 0 0 97 182 0 0 1 0 0 0 0 0 0 0 0 0 0 0 2 0 0 0 0 0 3 0 2 0 0 0 48 0 0 0 255 255 255 255 5 0 4 0 0 0 0 0 data 6 0x40005 0xf92 0x7ff10a345520 0x73a 0x0 0x0 oops 1 2 com/android/dx/cf/attrib/AttCode
ciMethod com/android/dx/cf/code/Ropper$ExceptionHandlerSetup getLabel ()I 153 1 19 0 -1
ciMethodData com/android/dx/util/IntList makeImmutable (I)Lcom/android/dx/util/IntList; 2 4791 orig 264 176 164 174 9 1 0 0 0 96 84 135 28 1 0 0 0 184 1 0 0 0 0 0 0 0 0 0 0 0 0 0 0 0 0 0 0 0 0 0 0 0 0 0 0 0 0 0 0 0 0 0 0 0 0 0 0 0 0 0 0 0 0 0 0 0 0 0 0 0 0 0 0 0 0 0 0 0 0 0 0 77 68 79 32 101 120 116 114 97 32 100 97 116 97 32 108 111 99 107 0 0 0 0 0 0 0 0 0 0 0 0 0 0 0 0 0 0 0 0 0 0 0 0 0 0 0 0 0 0 0 0 0 0 0 0 0 0 0 0 0 0 0 0 0 0 0 0 0 0 0 0 0 0 0 0 0 0 0 0 0 0 0 0 0 0 0 0 0 0 0 0 0 0 0 0 0 0 0 0 0 0 0 0 0 0 0 0 0 0 0 0 0 0 0 0 0 0 0 0 0 0 0 0 0 0 0 0 0 0 0 0 0 0 0 0 0 0 2 0 0 225 122 0 0 1 0 0 0 0 0 0 0 0 0 0 0 2 0 0 0 0 0 3 0 2 0 0 0 112 0 0 0 255 255 255 255 2 0 5 0 0 0 0 0 data 14 0x50002 0xf5c 0xb0005 0xf5c 0x0 0x0 0x0 0x0 0xf0005 0x0 0x7ff10a117c70 0xf5b 0x0 0x0 oops 1 10 com/android/dx/util/IntList
ciMethodData com/android/dx/cf/code/Ropper isSynchronized ()Z 2 4228 orig 264 176 164 174 9 1 0 0 0 56 235 133 28 1 0 0 0 176 1 0 0 0 0 0 0 0 0 0 0 0 0 0 0 0 0 0 0 0 0 0 0 0 0 0 0 0 0 0 0 0 0 0 0 0 0 0 0 0 0 0 0 0 0 0 0 0 0 0 0 0 0 0 0 0 0 0 0 0 0 0 0 77 68 79 32 101 120 116 114 97 32 100 97 116 97 32 108 111 99 107 0 0 0 0 0 0 0 0 0 0 0 0 0 0 0 0 0 0 0 0 0 0 0 0 0 0 0 0 0 0 0 0 0 0 0 0 0 0 0 0 0 0 0 0 0 0 0 0 0 0 0 0 0 0 0 0 0 0 0 0 0 0 0 0 0 0 0 0 0 0 0 0 0 0 0 0 0 0 0 0 0 0 0 0 0 0 0 0 0 0 0 0 0 0 0 0 0 0 0 0 0 0 0 0 0 0 0 0 0 0 0 0 0 0 0 0 0 0 2 0 0 33 116 0 0 1 0 0 0 0 0 0 0 0 0 0 0 2 0 0 0 0 0 0 0 0 0 0 0 104 0 0 0 255 255 255 255 5 0 4 0 0 0 0 0 data 13 0x40005 0xe6f 0x7ff10a345080 0x14 0x0 0x0 0xc0007 0xe84 0x38 0x0 0x100003 0x0 0x18 oops 1 2 com/android/dx/cf/code/ConcreteMethod
ciMethodData com/android/dx/cf/code/ConcreteMethod getAccessFlags ()I 2 4229 orig 264 176 164 174 9 1 0 0 0 240 94 133 28 1 0 0 0 120 1 0 0 0 0 0 0 0 0 0 0 0 0 0 0 0 0 0 0 0 0 0 0 0 0 0 0 0 0 0 0 0 0 0 0 0 0 0 0 0 0 0 0 0 0 0 0 0 0 0 0 0 0 0 0 0 0 0 0 0 0 0 0 77 68 79 32 101 120 116 114 97 32 100 97 116 97 32 108 111 99 107 0 0 0 0 0 0 0 0 0 0 0 0 0 0 0 0 0 0 0 0 0 0 0 0 0 0 0 0 0 0 0 0 0 0 0 0 0 0 0 0 0 0 0 0 0 0 0 0 0 0 0 0 0 0 0 0 0 0 0 0 0 0 0 0 0 0 0 0 0 0 0 0 0 0 0 0 0 0 0 0 0 0 0 0 0 0 0 0 0 0 0 0 0 0 0 0 0 0 0 0 0 0 0 0 0 0 0 0 0 0 0 0 0 0 0 0 0 0 2 0 0 41 116 0 0 1 0 0 0 0 0 0 0 0 0 0 0 2 0 0 0 0 0 0 0 0 0 0 0 48 0 0 0 255 255 255 255 5 0 4 0 0 0 0 0 data 6 0x40005 0x0 0x7ff10a348cf0 0xe84 0x0 0x0 oops 1 2 com/android/dx/cf/iface/StdMethod
ciMethodData com/android/dx/cf/code/ExecutionStack push (Lcom/android/dx/rop/type/TypeBearer;)V 2 5059 orig 264 176 164 174 9 1 0 0 0 128 81 137 28 1 0 0 0 232 2 0 0 56 1 0 0 0 0 0 0 0 0 0 0 0 0 0 0 0 0 0 0 0 0 0 0 0 0 0 0 0 0 0 0 0 0 0 0 0 0 0 0 0 0 0 0 0 0 0 0 0 0 0 0 0 0 0 0 0 0 0 0 77 68 79 32 101 120 116 114 97 32 100 97 116 97 32 108 111 99 107 0 0 0 0 0 0 0 0 0 0 0 0 0 0 0 0 0 0 0 0 0 0 0 0 0 0 0 0 0 0 0 0 0 0 0 0 0 0 0 0 0 0 0 0 0 0 0 0 0 0 0 0 0 0 0 0 0 0 0 0 0 0 0 0 0 0 0 0 0 0 0 0 0 0 0 0 0 0 0 0 0 0 0 0 0 0 0 0 0 0 0 0 0 0 0 0 0 0 0 0 0 0 0 0 0 0 0 0 0 0 0 0 0 0 0 0 0 0 2 0 0 217 127 0 0 1 0 0 0 0 0 0 0 0 0 0 0 2 0 0 0 0 0 11 0 2 0 0 0 152 1 0 0 255 255 255 255 5 0 1 0 0 0 0 0 data 51 0x10005 0xff8 0x0 0x0 0x0 0x0 0x50005 0x1c7 0x7ff1091a0020 0x18 0x7ff1091a00d0 0xe1a 0xc0005 0x1c7 0x7ff1091a0020 0x18 0x7ff1091a00d0 0xe1c 0x110005 0xffb 0x0 0x0 0x0 0x0 0x150003 0xff9 0x28 0x1f0002 0x0 0x2e0007 0xff9 0x30 0x0 0x330002 0x0 0x3a0007 0xfe9 0x50 0xf 0x460104 0x0 0x0 0x0 0x0 0x0 0x5a0004 0x0 0x7ff1091a0020 0x18 0x7ff1091a00d0 0xe1c oops 6 8 com/android/dx/rop/cst/CstString 10 com/android/dx/rop/type/Type 14 com/android/dx/rop/cst/CstString 16 com/android/dx/rop/type/Type 47 com/android/dx/rop/cst/CstString 49 com/android/dx/rop/type/Type
ciMethodData com/android/dx/cf/code/Frame <init> (Lcom/android/dx/cf/code/LocalsArray;Lcom/android/dx/cf/code/ExecutionStack;Lcom/android/dx/util/IntList;)V 2 3749 orig 264 176 164 174 9 1 0 0 0 40 200 136 28 1 0 0 0 0 2 0 0 96 0 0 0 0 0 0 0 0 0 0 0 0 0 0 0 0 0 0 0 0 0 0 0 0 0 0 0 0 0 0 0 0 0 0 0 0 0 0 0 0 0 0 0 0 0 0 0 0 0 0 0 0 0 0 0 0 0 0 0 77 68 79 32 101 120 116 114 97 32 100 97 116 97 32 108 111 99 107 0 0 0 0 0 0 0 0 0 0 0 0 0 0 0 0 0 0 0 0 0 0 0 0 0 0 0 0 0 0 0 0 0 0 0 0 0 0 0 0 0 0 0 0 0 0 0 0 0 0 0 0 0 0 0 0 0 0 0 0 0 0 0 0 0 0 0 0 0 0 0 0 0 0 0 0 0 0 0 0 0 0 0 0 0 0 0 0 0 0 0 0 0 0 0 0 0 0 0 0 0 0 0 0 0 0 0 0 0 0 0 0 0 0 0 0 0 0 2 0 0 41 101 0 0 1 0 0 0 0 0 0 0 0 0 0 0 2 0 0 0 0 0 0 0 0 0 0 0 160 0 0 0 255 255 255 255 2 0 1 0 0 0 0 0 data 20 0x10002 0xca3 0x50007 0xca5 0x30 0x0 0xe0002 0x0 0x130007 0xca3 0x30 0x0 0x1c0002 0x0 0x210005 0xca4 0x0 0x0 0x0 0x0 oops 0
ciMethodData com/android/dx/cf/code/Frame setImmutable ()V 2 3702 orig 264 176 164 174 9 1 0 0 0 120 202 136 28 1 0 0 0 168 1 0 0 0 0 0 0 0 0 0 0 0 0 0 0 0 0 0 0 0 0 0 0 0 0 0 0 0 0 0 0 0 0 0 0 0 0 0 0 0 0 0 0 0 0 0 0 0 0 0 0 0 0 0 0 0 0 0 0 0 0 0 0 77 68 79 32 101 120 116 114 97 32 100 97 116 97 32 108 111 99 107 0 0 0 0 0 0 0 0 0 0 0 0 0 0 0 0 0 0 0 0 0 0 0 0 0 0 0 0 0 0 0 0 0 0 0 0 0 0 0 0 0 0 0 0 0 0 0 0 0 0 0 0 0 0 0 0 0 0 0 0 0 0 0 0 0 0 0 0 0 0 0 0 0 0 0 0 0 0 0 0 0 0 0 0 0 0 0 0 0 0 0 0 0 0 0 0 0 0 0 0 0 0 0 0 0 0 0 0 0 0 0 0 0 0 0 0 0 0 2 0 0 177 99 0 0 1 0 0 0 0 0 0 0 0 0 0 0 2 0 0 0 0 0 0 0 0 0 0 0 96 0 0 0 255 255 255 255 5 0 4 0 0 0 0 0 data 12 0x40005 0x0 0x7ff10912cf60 0xc76 0x0 0x0 0xb0005 0x0 0x7ff10912da80 0xc76 0x0 0x0 oops 2 2 com/android/dx/cf/code/OneLocalsArray 8 com/android/dx/cf/code/ExecutionStack
ciMethodData com/android/dx/cf/code/Ropper getAvailableLabel ()I 2 49598 orig 264 176 164 174 9 1 0 0 0 96 234 133 28 1 0 0 0 160 2 0 0 16 0 0 0 0 0 0 0 0 0 0 0 0 0 0 0 0 0 0 0 0 0 0 0 0 0 0 0 0 0 0 0 0 0 0 0 0 0 0 0 0 0 0 0 0 0 0 0 0 0 0 0 0 0 0 0 0 0 0 0 77 68 79 32 101 120 116 114 97 32 100 97 116 97 32 108 111 99 107 0 0 0 0 0 0 0 0 0 0 0 0 0 0 0 0 0 0 0 0 0 0 0 0 0 0 0 0 0 0 0 0 0 0 0 0 0 0 0 0 0 0 0 0 0 0 0 0 0 0 0 0 0 0 0 0 0 0 0 0 0 0 0 0 0 0 0 0 0 0 0 0 0 0 0 0 0 0 0 0 0 0 0 0 0 0 0 0 0 0 0 0 0 0 0 0 0 0 0 0 0 0 0 0 0 0 0 0 0 0 0 0 0 0 0 0 0 0 16 0 0 81 38 0 0 241 141 5 0 0 0 0 0 0 0 0 0 2 0 0 0 0 0 0 0 0 0 0 0 88 1 0 0 255 255 255 255 2 0 1 0 0 0 0 0 data 43 0x10002 0x4c9 0x90005 0x0 0x7ff10a1179b0 0x4c9 0x0 0x0 0xe0005 0x0 0x7ff1092745a0 0xb66e 0x0 0x0 0x130007 0x4ca 0xe8 0xb1a7 0x170005 0x0 0x7ff1092745a0 0xb1a7 0x0 0x0 0x1c0004 0x0 0x7ff109274650 0xb1a7 0x0 0x0 0x210005 0xb1a7 0x0 0x0 0x0 0x0 0x290007 0x75d3 0x20 0x3bd6 0x310003 0xb1a5 0xffffffffffffff00 oops 4 4 java/util/ArrayList 10 java/util/ArrayList$Itr 20 java/util/ArrayList$Itr 26 com/android/dx/rop/code/BasicBlock
ciMethodData com/android/dx/cf/code/ExecutionStack copy ()Lcom/android/dx/cf/code/ExecutionStack; 2 3303 orig 264 176 164 174 9 1 0 0 0 176 75 137 28 1 0 0 0 120 1 0 0 0 0 0 0 0 0 0 0 0 0 0 0 0 0 0 0 0 0 0 0 0 0 0 0 0 0 0 0 0 0 0 0 0 0 0 0 0 0 0 0 0 0 0 0 0 0 0 0 0 0 0 0 0 0 0 0 0 0 0 0 77 68 79 32 101 120 116 114 97 32 100 97 116 97 32 108 111 99 107 0 0 0 0 0 0 0 0 0 0 0 0 0 0 0 0 0 0 0 0 0 0 0 0 0 0 0 0 0 0 0 0 0 0 0 0 0 0 0 0 0 0 0 0 0 0 0 0 0 0 0 0 0 0 0 0 0 0 0 0 0 0 0 0 0 0 0 0 0 0 0 0 0 0 0 0 0 0 0 0 0 0 0 0 0 0 0 0 0 0 0 0 0 0 0 0 0 0 0 0 0 0 0 0 0 0 0 0 0 0 0 0 0 0 0 0 0 0 2 0 0 57 87 0 0 1 0 0 0 0 0 0 0 0 0 0 0 2 0 0 0 0 0 0 0 0 0 0 0 48 0 0 0 255 255 255 255 2 0 9 0 0 0 0 0 data 6 0x90002 0xae8 0x1c0002 0xae9 0x2e0002 0xaea oops 0
ciMethodData com/android/dx/cf/code/Ropper processBlock (Lcom/android/dx/cf/code/ByteBlock;Lcom/android/dx/cf/code/Frame;[I)V 2 12146 orig 264 176 164 174 9 1 0 0 0 160 2 134 28 1 0 0 0 120 24 0 0 120 21 0 0 0 0 0 0 0 0 0 0 0 0 0 0 0 0 0 0 0 0 0 0 0 0 0 0 0 0 0 0 0 0 0 0 0 0 0 0 0 0 0 0 0 0 0 0 0 0 0 0 0 0 0 0 0 0 0 0 77 68 79 32 101 120 116 114 97 32 100 97 116 97 32 108 111 99 107 0 0 0 0 0 0 0 0 0 0 0 0 0 0 0 0 0 0 0 0 0 0 0 0 0 0 0 0 0 0 0 0 0 0 0 0 0 0 0 0 0 0 0 0 0 0 0 0 0 0 0 0 0 0 0 0 0 0 0 0 0 0 0 0 0 0 0 0 0 0 0 0 0 0 0 0 0 0 0 0 0 0 0 0 0 0 0 0 0 0 0 0 0 0 0 0 0 0 0 0 0 0 0 0 0 0 0 0 0 0 0 0 0 0 0 0 0 185 6 0 0 241 85 0 0 201 69 1 0 0 0 0 0 0 0 0 0 2 0 0 0 0 0 0 0 0 0 0 0 0 23 0 0 255 255 255 255 5 0 1 0 0 0 0 0 data 736 0x10005 0xabd 0x0 0x0 0x0 0x0 0xc0005 0xabf 0x0 0x0 0x0 0x0 0xf0005 0xabf 0x0 0x0 0x0 0x0 0x130005 0xabf 0x0 0x0 0x0 0x0 0x1d0005 0x0 0x7ff10a117900 0xabf 0x0 0x0 0x210005 0xabf 0x0 0x0 0x0 0x0 0x280005 0xabf 0x0 0x0 0x0 0x0 0x310005 0xabe 0x0 0x0 0x0 0x0 0x380005 0x0 0x7ff10a1179b0 0xabf 0x0 0x0 0x3f0005 0xabe 0x0 0x0 0x0 0x0 0x450005 0xabf 0x0 0x0 0x0 0x0 0x510005 0xabf 0x0 0x0 0x0 0x0 0x540007 0xabe 0x128 0x0 0x5d0005 0x0 0x0 0x0 0x0 0x0 0x690007 0x0 0x60 0x0 0x790002 0x0 0x7c0004 0x0 0x0 0x0 0x0 0x0 0x850005 0x0 0x0 0x0 0x0 0x0 0x880005 0x0 0x0 0x0 0x0 0x0 0x940003 0x0 0x2e0 0x9b0005 0xabe 0x0 0x0 0x0 0x0 0x9e0007 0xabf 0x230 0x0 0xa50005 0x0 0x0 0x0 0x0 0x0 0xac0005 0x0 0x0 0x0 0x0 0x0 0xb80007 0x0 0xa8 0x0 0xc90005 0x0 0x0 0x0 0x0 0x0 0xcc0002 0x0 0xcf0004 0x0 0x0 0x0 0x0 0x0 0xd00003 0x0 0x78 0xdb0005 0x0 0x0 0x0 0x0 0x0 0xde0005 0x0 0x0 0x0 0x0 0x0 0xe80005 0x0 0x0 0x0 0x0 0x0 0xf60005 0x0 0x0 0x0 0x0 0x0 0xfb0005 0x0 0x0 0x0 0x0 0x0 0x1000003 0x0 0x80 0x1070005 0xabf 0x0 0x0 0x0 0x0 0x10a0007 0x39a 0x38 0x725 0x1110003 0x725 0x18 0x1190005 0xabf 0x0 0x0 0x0 0x0 0x1260007 0xabe 0x1a0 0xa66 0x12d0005 0xa66 0x0 0x0 0x0 0x0 0x1360005 0xa65 0x0 0x0 0x0 0x0 0x13d0002 0xa64 0x1400003 0xa65 0xf8 0x14b0002 0x0 0x1500005 0x0 0x0 0x0 0x0 0x0 0x1550002 0x0 0x1580005 0x0 0x0 0x0 0x0 0x0 0x15b0005 0x0 0x0 0x0 0x0 0x0 0x15e0005 0x0 0x0 0x0 0x0 0x0 0x1670003 0xa65 0xfffffffffffffe78 0x16c0007 0x915 0x90 0x1a9 0x1730005 0x1a9 0x0 0x0 0x0 0x0 0x1760007 0xb 0x40 0x19e 0x17c0002 0x19e 0x17f0002 0x19e 0x1890007 0xab3 0x38 0xb 0x18f0003 0xb 0x98 0x1960005 0xab3 0x0 0x0 0x0 0x0 0x19d0007 0x0 0x50 0xab2 0x1a40005 0xab3 0x0 0x0 0x0 0x0 0x1aa0002 0xabf 0x1ad0007 0xabf 0x88 0x0 0x1b40005 0x0 0x0 0x0 0x0 0x0 0x1b70007 0x0 0x38 0x0 0x1bb0003 0x0 0x18 0x1c30007 0x0 0x40 0xabe 0x1c80007 0xabe 0x600 0x0 0x1d40002 0x0 0x1e00007 0x0 0x388 0x0 0x1e70005 0x0 0x0 0x0 0x0 0x0 0x1ee0005 0x0 0x0 0x0 0x0 0x0 0x1f50005 0x0 0x0 0x0 0x0 0x0 0x2010007 0x0 0x38 0x0 0x2050003 0x0 0x18 0x20f0005 0x0 0x0 0x0 0x0 0x0 0x2180005 0x0 0x0 0x0 0x0 0x0 0x21f0002 0x0 0x2220003 0x0 0xf8 0x22d0002 0x0 0x2320005 0x0 0x0 0x0 0x0 0x0 0x2370002 0x0 0x23a0005 0x0 0x0 0x0 0x0 0x0 0x23d0005 0x0 0x0 0x0 0x0 0x0 0x2400005 0x0 0x0 0x0 0x0 0x0 0x2510007 0x0 0x60 0x0 0x25a0002 0x0 0x2670004 0x0 0x0 0x0 0x0 0x0 0x26c0005 0x0 0x0 0x0 0x0 0x0 0x26f0005 0x0 0x0 0x0 0x0 0x0 0x2780005 0x0 0x0 0x0 0x0 0x0 0x27b0005 0x0 0x0 0x0 0x0 0x0 0x2810003 0x0 0xfffffffffffffc90 0x2860007 0x0 0x1c8 0x0 0x28b0007 0x0 0x1a8 0x0 0x2930002 0x0 0x2960005 0x0 0x0 0x0 0x0 0x0 0x2ab0007 0x0 0x148 0x0 0x2b20005 0x0 0x0 0x0 0x0 0x0 0x2b50004 0x0 0x0 0x0 0x0 0x0 0x2bc0005 0x0 0x0 0x0 0x0 0x0 0x2bf0007 0x0 0x80 0x0 0x2c70005 0x0 0x0 0x0 0x0 0x0 0x2d20005 0x0 0x0 0x0 0x0 0x0 0x2d90003 0x0 0xfffffffffffffed0 0x2de0007 0x0 0x50 0x0 0x2e50005 0x0 0x0 0x0 0x0 0x0 0x2ea0005 0x0 0x0 0x0 0x0 0x0 0x2f50005 0xabd 0x0 0x0 0x0 0x0 0x2fc0007 0xabf 0x368 0x4b6 0x3060005 0x0 0x7ff10a1179b0 0x4b6 0x0 0x0 0x3090004 0x0 0x7ff10a117a60 0x4b1 0x7ff10a117b10 0x5 0x3100005 0x4b6 0x0 0x0 0x0 0x0 0x3130005 0x4b6 0x0 0x0 0x0 0x0 0x3170007 0x0 0x38 0x4b7 0x31b0003 0x4b7 0x18 0x3270007 0x0 0x38 0x4b7 0x32b0003 0x4b6 0x18 0x32f0002 0x4b7 0x33d0005 0x4b7 0x0 0x0 0x0 0x0 0x3420007 0x0 0xa0 0x4b7 0x3510005 0x4b7 0x0 0x0 0x0 0x0 0x3580002 0x4b6 0x35b0005 0x4b7 0x0 0x0 0x0 0x0 0x3600002 0x4b7 0x3670005 0x0 0x7ff10a117bc0 0x4b7 0x0 0x0 0x36b0002 0x4b6 0x37c0002 0x4b7 0x3850005 0x4b7 0x0 0x0 0x0 0x0 0x3880002 0x4b7 0x38d0005 0x4b7 0x0 0x0 0x0 0x0 0x3980005 0x4b6 0x0 0x0 0x0 0x0 0x39d0005 0x0 0x7ff10a117c70 0x4b6 0x0 0x0 0x3a70003 0x4b7 0xfffffffffffffcb0 0x3ac0007 0xaba 0x38 0x4 0x3b00003 0x4 0x78 0x3b90005 0x0 0x7ff10a1179b0 0xaba 0x0 0x0 0x3bc0004 0x0 0x7ff10a117d20 0x6ea 0x7ff10a117a60 0x37a 0x3c30007 0x4 0xa0 0xabb 0x3c80005 0xaba 0x0 0x0 0x0 0x0 0x3cb0005 0xabb 0x0 0x0 0x0 0x0 0x3cf0007 0xa7c 0xc8 0x3f 0x3d40007 0x3f 0x38 0x4 0x3da0003 0x4 0x48 0x3df0005 0x3f 0x0 0x0 0x0 0x0 0x3f30002 0x43 0x3f60005 0x0 0x7ff10a1179b0 0x43 0x0 0x0 0x4030002 0xabe 0x40f0007 0xabf 0xc8 0x199a 0x41a0005 0x0 0x7ff10a1179b0 0x199b 0x0 0x0 0x41d0004 0x0 0x7ff10a117a60 0x1063 0x7ff10a117d20 0x6ea 0x4200005 0x199b 0x0 0x0 0x0 0x0 0x4260003 0x199a 0xffffffffffffff50 0x42b0005 0x0 0x7ff10a117bc0 0xabf 0x0 0x0 0x4330005 0xabf 0x0 0x0 0x0 0x0 0x43c0002 0xabf 0x4450005 0xabe 0x0 0x0 0x0 0x0 0x4480002 0xabf oops 15 26 com/android/dx/cf/code/Simulator 50 java/util/ArrayList 524 java/util/ArrayList 530 com/android/dx/rop/code/PlainInsn 532 com/android/dx/rop/code/FillArrayDataInsn 590 com/android/dx/rop/code/InsnList 620 com/android/dx/util/IntList 636 java/util/ArrayList 642 com/android/dx/rop/code/ThrowingCstInsn 644 com/android/dx/rop/code/PlainInsn 683 java/util/ArrayList 695 java/util/ArrayList 701 com/android/dx/rop/code/PlainInsn 703 com/android/dx/rop/code/ThrowingCstInsn 716 com/android/dx/rop/code/InsnList
ciMethodData com/android/dx/cf/code/ByteCatchList toRopCatchList ()Lcom/android/dx/rop/type/TypeList; 2 3263 orig 264 176 164 174 9 1 0 0 0 120 49 130 28 1 0 0 0 208 2 0 0 80 0 0 0 0 0 0 0 0 0 0 0 0 0 0 0 0 0 0 0 0 0 0 0 0 0 0 0 0 0 0 0 0 0 0 0 0 0 0 0 0 0 0 0 0 0 0 0 0 0 0 0 0 0 0 0 0 0 0 0 77 68 79 32 101 120 116 114 97 32 100 97 116 97 32 108 111 99 107 0 0 0 0 0 0 0 0 0 0 0 0 0 0 0 0 0 0 0 0 0 0 0 0 0 0 0 0 0 0 0 0 0 0 0 0 0 0 0 0 0 0 0 0 0 0 0 0 0 0 0 0 0 0 0 0 0 0 0 0 0 0 0 0 0 0 0 0 0 0 0 0 0 0 0 0 0 0 0 0 0 0 0 0 0 0 0 0 0 0 0 0 0 0 0 0 0 0 0 0 0 0 0 0 0 0 0 0 0 0 0 0 0 0 0 0 0 0 2 0 0 249 85 0 0 1 0 0 0 0 0 0 0 0 0 0 0 2 0 0 0 0 0 0 0 0 0 0 0 136 1 0 0 255 255 255 255 5 0 1 0 0 0 0 0 data 49 0x10005 0xabd 0x0 0x0 0x0 0x0 0x60007 0x0 0x20 0xabd 0x120002 0x0 0x1a0007 0x0 0xf8 0x0 0x210005 0x0 0x0 0x0 0x0 0x0 0x240005 0x0 0x0 0x0 0x0 0x0 0x270005 0x0 0x0 0x0 0x0 0x0 0x2a0005 0x0 0x0 0x0 0x0 0x0 0x300003 0x0 0xffffffffffffff20 0x340005 0x0 0x0 0x0 0x0 0x0 oops 0
ciMethodData com/android/dx/cf/code/RopperMachine startBlock (Lcom/android/dx/rop/type/TypeList;)V 2 3262 orig 264 176 164 174 9 1 0 0 0 24 243 135 28 1 0 0 0 128 1 0 0 0 0 0 0 0 0 0 0 0 0 0 0 0 0 0 0 0 0 0 0 0 0 0 0 0 0 0 0 0 0 0 0 0 0 0 0 0 0 0 0 0 0 0 0 0 0 0 0 0 0 0 0 0 0 0 0 0 0 0 0 77 68 79 32 101 120 116 114 97 32 100 97 116 97 32 108 111 99 107 0 0 0 0 0 0 0 0 0 0 0 0 0 0 0 0 0 0 0 0 0 0 0 0 0 0 0 0 0 0 0 0 0 0 0 0 0 0 0 0 0 0 0 0 0 0 0 0 0 0 0 0 0 0 0 0 0 0 0 0 0 0 0 0 0 0 0 0 0 0 0 0 0 0 0 0 0 0 0 0 0 0 0 0 0 0 0 0 0 0 0 0 0 0 0 0 0 0 0 0 0 0 0 0 0 0 0 0 0 0 0 0 0 0 0 0 0 0 2 0 0 241 85 0 0 1 0 0 0 0 0 0 0 0 0 0 0 2 0 0 0 0 0 0 0 0 0 0 0 48 0 0 0 255 255 255 255 5 0 9 0 0 0 0 0 data 6 0x90005 0x0 0x7ff10a1179b0 0xabe 0x0 0x0 oops 1 2 java/util/ArrayList
ciMethodData com/android/dx/cf/code/Frame copy ()Lcom/android/dx/cf/code/Frame; 2 3261 orig 264 176 164 174 9 1 0 0 0 200 201 136 28 1 0 0 0 184 1 0 0 0 0 0 0 0 0 0 0 0 0 0 0 0 0 0 0 0 0 0 0 0 0 0 0 0 0 0 0 0 0 0 0 0 0 0 0 0 0 0 0 0 0 0 0 0 0 0 0 0 0 0 0 0 0 0 0 0 0 0 0 77 68 79 32 101 120 116 114 97 32 100 97 116 97 32 108 111 99 107 0 0 0 0 0 0 0 0 0 0 0 0 0 0 0 0 0 0 0 0 0 0 0 0 0 0 0 0 0 0 0 0 0 0 0 0 0 0 0 0 0 0 0 0 0 0 0 0 0 0 0 0 0 0 0 0 0 0 0 0 0 0 0 0 0 0 0 0 0 0 0 0 0 0 0 0 0 0 0 0 0 0 0 0 0 0 0 0 0 0 0 0 0 0 0 0 0 0 0 0 0 0 0 0 0 0 0 0 0 0 0 0 0 0 0 0 0 0 2 0 0 233 85 0 0 1 0 0 0 0 0 0 0 0 0 0 0 2 0 0 0 0 0 0 0 0 0 0 0 112 0 0 0 255 255 255 255 5 0 8 0 0 0 0 0 data 14 0x80005 0x0 0x7ff10912cf60 0xabe 0x0 0x0 0xf0005 0xabf 0x0 0x0 0x0 0x0 0x160002 0xabe oops 1 2 com/android/dx/cf/code/OneLocalsArray
ciMethodData com/android/dx/cf/code/Simulator simulate (Lcom/android/dx/cf/code/ByteBlock;Lcom/android/dx/cf/code/Frame;)V 2 7065 orig 264 176 164 174 9 1 0 0 0 184 132 136 28 1 0 0 0 200 2 0 0 96 0 0 0 0 0 0 0 0 0 0 0 0 0 0 0 0 0 0 0 0 0 0 0 0 0 0 0 0 0 0 0 0 0 0 0 0 0 0 0 0 0 0 0 0 0 0 0 0 0 0 0 0 0 0 0 0 0 0 0 77 68 79 32 101 120 116 114 97 32 100 97 116 97 32 108 111 99 107 0 0 0 0 0 0 0 0 0 0 0 0 0 0 0 0 0 0 0 0 0 0 0 0 0 0 0 0 0 0 0 0 0 0 0 0 0 0 0 0 0 0 0 0 0 0 0 0 0 0 0 0 0 0 0 0 0 0 0 0 0 0 0 0 0 0 0 0 0 0 0 0 0 0 0 0 0 0 0 0 0 0 0 0 0 0 0 0 0 0 0 0 0 0 0 0 0 0 0 0 0 0 0 0 0 0 0 0 0 0 0 0 0 0 0 0 0 167 3 0 0 225 85 0 0 145 191 0 0 0 0 0 0 0 0 0 0 2 0 0 0 0 0 0 0 0 0 0 0 112 1 0 0 255 255 255 255 5 0 1 0 0 0 0 0 data 46 0x10005 0xabb 0x0 0x0 0x0 0x0 0xa0005 0x0 0x7ff109130250 0xabd 0x0 0x0 0xe0005 0xabe 0x0 0x0 0x0 0x0 0x160007 0xabf 0x98 0x17ed 0x230005 0x17f2 0x0 0x0 0x0 0x0 0x2e0005 0x0 0x7ff109130250 0x17f2 0x0 0x0 0x380003 0x17ee 0xffffffffffffff80 0x3b0003 0xabf 0x48 0x430005 0x0 0x0 0x0 0x0 0x0 oops 2 8 com/android/dx/cf/code/Simulator$SimVisitor 30 com/android/dx/cf/code/Simulator$SimVisitor
ciMethodData com/android/dx/cf/code/RopperMachine hasRet ()Z 2 3263 orig 264 176 164 174 9 1 0 0 0 128 247 135 28 1 0 0 0 88 1 0 0 0 0 0 0 0 0 0 0 0 0 0 0 0 0 0 0 0 0 0 0 0 0 0 0 0 0 0 0 0 0 0 0 0 0 0 0 0 0 0 0 0 0 0 0 0 0 0 0 0 0 0 0 0 0 0 0 0 0 0 0 77 68 79 32 101 120 116 114 97 32 100 97 116 97 32 108 111 99 107 0 0 0 0 0 0 0 0 0 0 0 0 0 0 0 0 0 0 0 0 0 0 0 0 0 0 0 0 0 0 0 0 0 0 0 0 0 0 0 0 0 0 0 0 0 0 0 0 0 0 0 0 0 0 0 0 0 0 0 0 0 0 0 0 0 0 0 0 0 0 0 0 0 0 0 0 0 0 0 0 0 0 0 0 0 0 0 0 0 0 0 0 0 0 0 0 0 0 0 0 0 0 0 0 0 0 0 0 0 0 0 0 0 0 0 0 0 0 2 0 0 249 85 0 0 1 0 0 0 0 0 0 0 0 0 0 0 2 0 0 0 0 0 0 0 0 0 0 0 56 0 0 0 255 255 255 255 7 0 4 0 0 0 0 0 data 7 0x40007 0xabf 0x38 0x0 0x80003 0x0 0x18 oops 0
ciMethodData com/android/dx/cf/code/Ropper addOrReplaceBlock (Lcom/android/dx/rop/code/BasicBlock;Lcom/android/dx/util/IntList;)Z 2 3262 orig 264 176 164 174 9 1 0 0 0 240 241 133 28 1 0 0 0 160 2 0 0 168 0 0 0 0 0 0 0 0 0 0 0 0 0 0 0 0 0 0 0 0 0 0 0 0 0 0 0 0 0 0 0 0 0 0 0 0 0 0 0 0 0 0 0 0 0 0 0 0 0 0 0 0 0 0 0 0 0 0 0 77 68 79 32 101 120 116 114 97 32 100 97 116 97 32 108 111 99 107 0 0 0 0 0 0 0 0 0 0 0 0 0 0 0 0 0 0 0 0 0 0 0 0 0 0 0 0 0 0 0 0 0 0 0 0 0 0 0 0 0 0 0 0 0 0 0 0 0 0 0 0 0 0 0 0 0 0 0 0 0 0 0 0 0 0 0 0 0 0 0 0 0 0 0 0 0 0 0 0 0 0 0 0 0 0 0 0 0 0 0 0 0 0 0 0 0 0 0 0 0 0 0 0 0 0 0 0 0 0 0 0 0 0 0 0 0 0 2 0 0 241 85 0 0 1 0 0 0 0 0 0 0 0 0 0 0 2 0 0 0 0 0 0 0 0 0 0 0 72 1 0 0 255 255 255 255 7 0 1 0 0 0 0 0 data 41 0x10007 0xabc 0x30 0x0 0xa0002 0x0 0x100005 0xabe 0x0 0x0 0x0 0x0 0x130002 0xabf 0x180007 0x0 0x38 0xabf 0x1e0003 0xabf 0x28 0x230002 0x0 0x2e0005 0x0 0x7ff10a1179b0 0xabf 0x0 0x0 0x330005 0xabe 0x0 0x0 0x0 0x0 0x3b0005 0x0 0x7ff10a1179b0 0xabf 0x0 0x0 oops 2 25 java/util/ArrayList 37 java/util/ArrayList
ciMethodData com/android/dx/cf/code/Ropper mergeAndWorkAsNecessary (IILcom/android/dx/cf/code/Ropper$Subroutine;Lcom/android/dx/cf/code/Frame;[I)V 2 3149 orig 264 176 164 174 9 1 0 0 0 80 13 134 28 1 0 0 0 168 3 0 0 248 1 0 0 0 0 0 0 0 0 0 0 0 0 0 0 0 0 0 0 0 0 0 0 0 0 0 0 0 0 0 0 0 0 0 0 0 0 0 0 0 0 0 0 0 0 0 0 0 0 0 0 0 0 0 0 0 0 0 0 77 68 79 32 101 120 116 114 97 32 100 97 116 97 32 108 111 99 107 0 0 0 0 0 0 0 0 0 0 0 0 0 0 0 0 0 0 0 0 0 0 0 0 0 0 0 0 0 0 0 0 0 0 0 0 0 0 0 0 0 0 0 0 0 0 0 0 0 0 0 0 0 0 0 0 0 0 0 0 0 0 0 0 0 0 0 0 0 0 0 0 0 0 0 0 0 0 0 0 0 0 0 0 0 0 0 0 0 0 0 0 0 0 0 0 0 0 0 0 0 0 0 0 0 0 0 0 0 0 0 0 0 0 0 0 0 0 2 0 0 105 82 0 0 1 0 0 0 0 0 0 0 0 0 0 0 2 0 0 0 0 0 0 0 0 0 0 0 56 2 0 0 255 255 255 255 7 0 10 0 0 0 0 0 data 71 0xa0007 0x93f 0x160 0x10e 0xe0007 0x10e 0x98 0x0 0x160005 0x0 0x0 0x0 0x0 0x0 0x1a0005 0x0 0x0 0x0 0x0 0x0 0x1f0003 0x0 0x48 0x260005 0x10e 0x0 0x0 0x0 0x0 0x2f0007 0xf7 0x150 0x17 0x390004 0x0 0x7ff10a115310 0x17 0x0 0x0 0x3d0002 0x17 0x400003 0x17 0xf0 0x440007 0x93f 0x98 0x0 0x500005 0x0 0x0 0x0 0x0 0x0 0x530004 0x0 0x0 0x0 0x0 0x0 0x540003 0x0 0x48 0x5e0004 0x0 0x7ff10a115310 0x93f 0x0 0x0 0x620002 0x93e oops 2 35 com/android/dx/cf/code/Frame 65 com/android/dx/cf/code/Frame
ciMethodData com/android/dx/cf/code/Ropper addBlock (Lcom/android/dx/rop/code/BasicBlock;Lcom/android/dx/util/IntList;)V 2 2348 orig 264 176 164 174 9 1 0 0 0 176 240 133 28 1 0 0 0 24 2 0 0 32 0 0 0 0 0 0 0 0 0 0 0 0 0 0 0 0 0 0 0 0 0 0 0 0 0 0 0 0 0 0 0 0 0 0 0 0 0 0 0 0 0 0 0 0 0 0 0 0 0 0 0 0 0 0 0 0 0 0 0 77 68 79 32 101 120 116 114 97 32 100 97 116 97 32 108 111 99 107 0 0 0 0 0 0 0 0 0 0 0 0 0 0 0 0 0 0 0 0 0 0 0 0 0 0 0 0 0 0 0 0 0 0 0 0 0 0 0 0 0 0 0 0 0 0 0 0 0 0 0 0 0 0 0 0 0 0 0 0 0 0 0 0 0 0 0 0 0 0 0 0 0 0 0 0 0 0 0 0 0 0 0 0 0 0 0 0 0 0 0 0 0 0 0 0 0 0 0 0 0 0 0 0 0 0 0 0 0 0 0 0 0 0 0 0 0 0 2 0 0 97 57 0 0 1 0 0 0 0 0 0 0 0 0 0 0 2 0 0 0 0 0 0 0 0 0 0 0 192 0 0 0 255 255 255 255 7 0 1 0 0 0 0 0 data 24 0x10007 0x72c 0x30 0x0 0xa0002 0x0 0x130005 0x0 0x7ff10a1179b0 0x72c 0x0 0x0 0x180005 0x72c 0x0 0x0 0x0 0x0 0x200005 0x0 0x7ff10a1179b0 0x72c 0x0 0x0 oops 2 8 java/util/ArrayList 20 java/util/ArrayList
ciMethodData com/android/dx/util/IntList mutableCopy ()Lcom/android/dx/util/IntList; 2 21697 orig 264 176 164 174 9 1 0 0 0 96 101 135 28 1 0 0 0 192 1 0 0 0 0 0 0 0 0 0 0 0 0 0 0 0 0 0 0 0 0 0 0 0 0 0 0 0 0 0 0 0 0 0 0 0 0 0 0 0 0 0 0 0 0 0 0 0 0 0 0 0 0 0 0 0 0 0 0 0 0 0 0 77 68 79 32 101 120 116 114 97 32 100 97 116 97 32 108 111 99 107 0 0 0 0 0 0 0 0 0 0 0 0 0 0 0 0 0 0 0 0 0 0 0 0 0 0 0 0 0 0 0 0 0 0 0 0 0 0 0 0 0 0 0 0 0 0 0 0 0 0 0 0 0 0 0 0 0 0 0 0 0 0 0 0 0 0 0 0 0 0 0 0 0 0 0 0 0 0 0 0 0 0 0 0 0 0 0 0 0 0 0 0 0 0 0 0 0 0 0 0 0 0 0 0 0 0 0 0 0 0 0 0 0 0 0 0 0 0 16 0 0 209 44 0 0 9 38 2 0 0 0 0 0 0 0 0 0 2 0 0 0 0 0 0 0 0 0 0 0 120 0 0 0 255 255 255 255 2 0 10 0 0 0 0 0 data 15 0xa0002 0x59a 0x120007 0x59b 0x68 0x44b1 0x1c0005 0x44af 0x0 0x0 0x0 0x0 0x220003 0x44b0 0xffffffffffffffb0 oops 0
ciMethodData com/android/dx/cf/code/Ropper getSpecialLabel (I)I 2 1811 orig 264 176 164 174 9 1 0 0 0 168 232 133 28 1 0 0 0 176 1 0 0 0 0 0 0 0 0 0 0 0 0 0 0 0 0 0 0 0 0 0 0 0 0 0 0 0 0 0 0 0 0 0 0 0 0 0 0 0 0 0 0 0 0 0 0 0 0 0 0 0 0 0 0 0 0 0 0 0 0 0 0 77 68 79 32 101 120 116 114 97 32 100 97 116 97 32 108 111 99 107 0 0 0 0 0 0 0 0 0 0 0 0 0 0 0 0 0 0 0 0 0 0 0 0 0 0 0 0 0 0 0 0 0 0 0 0 0 0 0 0 0 0 0 0 0 0 0 0 0 0 0 0 0 0 0 0 0 0 0 0 0 0 0 0 0 0 0 0 0 0 0 0 0 0 0 0 0 0 0 0 0 0 0 0 0 0 0 0 0 0 0 0 0 0 0 0 0 0 0 0 0 0 0 0 0 0 0 0 0 0 0 0 0 0 0 0 0 0 2 0 0 153 40 0 0 1 0 0 0 0 0 0 0 0 0 0 0 2 0 0 0 0 0 0 0 0 0 0 0 96 0 0 0 255 255 255 255 5 0 8 0 0 0 0 0 data 12 0x80005 0x513 0x0 0x0 0x0 0x0 0xb0005 0x513 0x0 0x0 0x0 0x0 oops 0
ciMethodData com/android/dx/cf/code/ByteCatchList get (I)Lcom/android/dx/cf/code/ByteCatchList$Item; 1 102 orig 264 176 164 174 9 1 0 0 0 200 41 130 28 1 0 0 0 176 1 0 0 0 0 0 0 0 0 0 0 0 0 0 0 0 0 0 0 0 0 0 0 0 0 0 0 0 0 0 0 0 0 0 0 0 0 0 0 0 0 0 0 0 0 0 0 0 0 0 0 0 0 0 0 0 0 0 0 0 0 0 0 77 68 79 32 101 120 116 114 97 32 100 97 116 97 32 108 111 99 107 0 0 0 0 0 0 0 0 0 0 0 0 0 0 0 0 0 0 0 0 0 0 0 0 0 0 0 0 0 0 0 0 0 0 0 0 0 0 0 0 0 0 0 0 0 0 0 0 0 0 0 0 0 0 0 0 0 0 0 0 0 0 0 0 0 0 0 0 0 0 0 0 0 0 0 0 0 0 0 0 0 0 0 0 0 0 0 0 0 0 0 0 0 0 0 0 0 0 0 0 0 0 0 0 0 0 0 0 0 0 0 0 0 0 0 0 0 102 0 0 0 1 0 0 0 1 0 0 0 0 0 0 0 0 0 0 0 2 0 0 0 0 0 0 0 0 0 0 0 96 0 0 0 255 255 255 255 5 0 2 0 0 0 0 0 data 12 0x20005 0x0 0x0 0x0 0x0 0x0 0x50004 0x0 0x0 0x0 0x0 0x0 oops 0
ciMethodData com/android/dx/cf/code/ByteCatchList$Item getExceptionClass ()Lcom/android/dx/rop/cst/CstType; 1 48 orig 264 176 164 174 9 1 0 0 0 24 163 135 28 1 0 0 0 88 1 0 0 0 0 0 0 0 0 0 0 0 0 0 0 0 0 0 0 0 0 0 0 0 0 0 0 0 0 0 0 0 0 0 0 0 0 0 0 0 0 0 0 0 0 0 0 0 0 0 0 0 0 0 0 0 0 0 0 0 0 0 0 77 68 79 32 101 120 116 114 97 32 100 97 116 97 32 108 111 99 107 0 0 0 0 0 0 0 0 0 0 0 0 0 0 0 0 0 0 0 0 0 0 0 0 0 0 0 0 0 0 0 0 0 0 0 0 0 0 0 0 0 0 0 0 0 0 0 0 0 0 0 0 0 0 0 0 0 0 0 0 0 0 0 0 0 0 0 0 0 0 0 0 0 0 0 0 0 0 0 0 0 0 0 0 0 0 0 0 0 0 0 0 0 0 0 0 0 0 0 0 0 0 0 0 0 0 0 0 0 0 0 0 0 0 0 0 0 48 0 0 0 1 0 0 0 1 0 0 0 0 0 0 0 0 0 0 0 2 0 0 0 0 0 0 0 0 0 0 0 56 0 0 0 255 255 255 255 7 0 4 0 0 0 0 0 data 7 0x40007 0x0 0x38 0x0 0xb0003 0x0 0x18 oops 0
ciMethodData com/android/dx/cf/code/Frame makeExceptionHandlerStartFrame (Lcom/android/dx/rop/cst/CstType;)Lcom/android/dx/cf/code/Frame; 1 16 orig 264 176 164 174 9 1 0 0 0 216 215 136 28 1 0 0 0 80 2 0 0 0 0 0 0 0 0 0 0 0 0 0 0 0 0 0 0 0 0 0 0 0 0 0 0 0 0 0 0 0 0 0 0 0 0 0 0 0 0 0 0 0 0 0 0 0 0 0 0 0 0 0 0 0 0 0 0 0 0 0 0 77 68 79 32 101 120 116 114 97 32 100 97 116 97 32 108 111 99 107 0 0 0 0 0 0 0 0 0 0 0 0 0 0 0 0 0 0 0 0 0 0 0 0 0 0 0 0 0 0 0 0 0 0 0 0 0 0 0 0 0 0 0 0 0 0 0 0 0 0 0 0 0 0 0 0 0 0 0 0 0 0 0 0 0 0 0 0 0 0 0 0 0 0 0 0 0 0 0 0 0 0 0 0 0 0 0 0 0 0 0 0 0 0 0 0 0 0 0 0 0 0 0 0 0 0 0 0 0 0 0 0 0 0 0 0 0 16 0 0 0 1 0 0 0 1 0 0 0 0 0 0 0 0 0 0 0 2 0 0 0 0 0 0 0 0 0 0 0 0 1 0 0 255 255 255 255 5 0 1 0 0 0 0 0 data 32 0x10005 0x0 0x0 0x0 0x0 0x0 0x40005 0x0 0x0 0x0 0x0 0x0 0x90005 0x0 0x0 0x0 0x0 0x0 0xe0005 0x0 0x0 0x0 0x0 0x0 0x160005 0x0 0x0 0x0 0x0 0x0 0x1e0002 0x0 oops 0
ciMethodData com/android/dx/cf/code/ExecutionStack clear ()V 1 25 orig 264 176 164 174 9 1 0 0 0 40 80 137 28 1 0 0 0 224 1 0 0 0 0 0 0 0 0 0 0 0 0 0 0 0 0 0 0 0 0 0 0 0 0 0 0 0 0 0 0 0 0 0 0 0 0 0 0 0 0 0 0 0 0 0 0 0 0 0 0 0 0 0 0 0 0 0 0 0 0 0 0 77 68 79 32 101 120 116 114 97 32 100 97 116 97 32 108 111 99 107 0 0 0 0 0 0 0 0 0 0 0 0 0 0 0 0 0 0 0 0 0 0 0 0 0 0 0 0 0 0 0 0 0 0 0 0 0 0 0 0 0 0 0 0 0 0 0 0 0 0 0 0 0 0 0 0 0 0 0 0 0 0 0 0 0 0 0 0 0 0 0 0 0 0 0 0 0 0 0 0 0 0 0 0 0 0 0 0 0 0 0 0 0 0 0 0 0 0 0 0 0 0 0 0 0 0 0 0 0 0 0 0 0 0 0 0 0 25 0 0 0 1 0 0 0 1 0 0 0 0 0 0 0 0 0 0 0 2 0 0 0 0 0 0 0 0 0 0 0 152 0 0 0 255 255 255 255 5 0 1 0 0 0 0 0 data 19 0x10005 0x0 0x0 0x0 0x0 0x0 0xb0007 0x0 0x68 0x0 0x140004 0x0 0x0 0x0 0x0 0x0 0x1f0003 0x0 0xffffffffffffffb0 oops 0
ciMethodData com/android/dx/cf/code/Ropper$CatchInfo <init> (Lcom/android/dx/cf/code/Ropper;Lcom/android/dx/cf/code/Ropper$1;)V 1 3 orig 264 176 164 174 9 1 0 0 0 120 236 136 28 1 0 0 0 64 1 0 0 0 0 0 0 0 0 0 0 0 0 0 0 0 0 0 0 0 0 0 0 0 0 0 0 0 0 0 0 0 0 0 0 0 0 0 0 0 0 0 0 0 0 0 0 0 0 0 0 0 0 0 0 0 0 0 0 0 0 0 0 77 68 79 32 101 120 116 114 97 32 100 97 116 97 32 108 111 99 107 0 0 0 0 0 0 0 0 0 0 0 0 0 0 0 0 0 0 0 0 0 0 0 0 0 0 0 0 0 0 0 0 0 0 0 0 0 0 0 0 0 0 0 0 0 0 0 0 0 0 0 0 0 0 0 0 0 0 0 0 0 0 0 0 0 0 0 0 0 0 0 0 0 0 0 0 0 0 0 0 0 0 0 0 0 0 0 0 0 0 0 0 0 0 0 0 0 0 0 0 0 0 0 0 0 0 0 0 0 0 0 0 0 0 0 0 0 3 0 0 0 1 0 0 0 1 0 0 0 0 0 0 0 0 0 0 0 2 0 0 0 0 0 0 0 0 0 0 0 16 0 0 0 255 255 255 255 2 0 2 0 0 0 0 0 data 2 0x20002 0x0 oops 0
ciMethodData com/android/dx/cf/code/Ropper$CatchInfo <init> (Lcom/android/dx/cf/code/Ropper;)V 1 3 orig 264 176 164 174 9 1 0 0 0 248 233 136 28 1 0 0 0 72 1 0 0 0 0 0 0 0 0 0 0 0 0 0 0 0 0 0 0 0 0 0 0 0 0 0 0 0 0 0 0 0 0 0 0 0 0 0 0 0 0 0 0 0 0 0 0 0 0 0 0 0 0 0 0 0 0 0 0 0 0 0 0 77 68 79 32 101 120 116 114 97 32 100 97 116 97 32 108 111 99 107 0 0 0 0 0 0 0 0 0 0 0 0 0 0 0 0 0 0 0 0 0 0 0 0 0 0 0 0 0 0 0 0 0 0 0 0 0 0 0 0 0 0 0 0 0 0 0 0 0 0 0 0 0 0 0 0 0 0 0 0 0 0 0 0 0 0 0 0 0 0 0 0 0 0 0 0 0 0 0 0 0 0 0 0 0 0 0 0 0 0 0 0 0 0 0 0 0 0 0 0 0 0 0 0 0 0 0 0 0 0 0 0 0 0 0 0 0 3 0 0 0 1 0 0 0 1 0 0 0 0 0 0 0 0 0 0 0 2 0 0 0 0 0 0 0 0 0 0 0 32 0 0 0 255 255 255 255 2 0 6 0 0 0 0 0 data 4 0x60002 0x0 0xe0002 0x0 oops 0
ciMethodData com/android/dx/cf/code/Ropper$CatchInfo getSetup (Lcom/android/dx/rop/type/Type;)Lcom/android/dx/cf/code/Ropper$ExceptionHandlerSetup; 1 16 orig 264 176 164 174 9 1 0 0 0 248 234 136 28 1 0 0 0 80 2 0 0 0 0 0 0 0 0 0 0 0 0 0 0 0 0 0 0 0 0 0 0 0 0 0 0 0 0 0 0 0 0 0 0 0 0 0 0 0 0 0 0 0 0 0 0 0 0 0 0 0 0 0 0 0 0 0 0 0 0 0 0 77 68 79 32 101 120 116 114 97 32 100 97 116 97 32 108 111 99 107 0 0 0 0 0 0 0 0 0 0 0 0 0 0 0 0 0 0 0 0 0 0 0 0 0 0 0 0 0 0 0 0 0 0 0 0 0 0 0 0 0 0 0 0 0 0 0 0 0 0 0 0 0 0 0 0 0 0 0 0 0 0 0 0 0 0 0 0 0 0 0 0 0 0 0 0 0 0 0 0 0 0 0 0 0 0 0 0 0 0 0 0 0 0 0 0 0 0 0 0 0 0 0 0 0 0 0 0 0 0 0 0 0 0 0 0 0 16 0 0 0 1 0 0 0 1 0 0 0 0 0 0 0 0 0 0 0 2 0 0 0 0 0 0 0 0 0 0 0 0 1 0 0 255 255 255 255 5 0 5 0 0 0 0 0 data 32 0x50005 0x0 0x0 0x0 0x0 0x0 0xa0004 0x0 0x0 0x0 0x0 0x0 0xf0007 0x0 0xa0 0x0 0x160002 0x0 0x190005 0x0 0x0 0x0 0x0 0x0 0x230002 0x0 0x2d0005 0x0 0x0 0x0 0x0 0x0 oops 0
ciMethodData com/android/dx/rop/code/Insn canThrow ()Z 1 784 orig 264 176 164 174 9 1 0 0 0 152 118 134 28 1 0 0 0 120 1 0 0 0 0 0 0 0 0 0 0 0 0 0 0 0 0 0 0 0 0 0 0 0 0 0 0 0 0 0 0 0 0 0 0 0 0 0 0 0 0 0 0 0 0 0 0 0 0 0 0 0 0 0 0 0 0 0 0 0 0 0 0 77 68 79 32 101 120 116 114 97 32 100 97 116 97 32 108 111 99 107 0 0 0 0 0 0 0 0 0 0 0 0 0 0 0 0 0 0 0 0 0 0 0 0 0 0 0 0 0 0 0 0 0 0 0 0 0 0 0 0 0 0 0 0 0 0 0 0 0 0 0 0 0 0 0 0 0 0 0 0 0 0 0 0 0 0 0 0 0 0 0 0 0 0 0 0 0 0 0 0 0 0 0 0 0 0 0 0 0 0 0 0 0 0 0 0 0 0 0 0 0 0 0 0 0 0 0 0 0 0 0 0 0 0 0 0 0 16 3 0 0 1 0 0 0 1 0 0 0 0 0 0 0 0 0 0 0 2 0 0 0 0 0 0 0 0 0 0 0 48 0 0 0 255 255 255 255 5 0 4 0 0 0 0 0 data 6 0x40005 0x0 0x0 0x0 0x0 0x0 oops 0
instanceKlass java/util/DualPivotQuicksort
instanceKlass com/android/dx/dex/file/ParameterAnnotationStruct
instanceKlass com/android/dx/dex/file/MethodAnnotationStruct
instanceKlass java/util/ArrayList$1
instanceKlass com/android/dx/cf/direct/AnnotationParser
instanceKlass com/android/dx/cf/code/Ropper$ExceptionHandlerSetup
instanceKlass com/android/dx/ssa/back/FirstFitLocalCombiningAllocator$Multiset
instanceKlass com/android/dx/dex/file/FieldAnnotationStruct
instanceKlass com/android/dx/ssa/PhiInsn$Operand
instanceKlass com/android/dx/dex/code/DalvCode
instanceKlass com/android/dx/dex/code/StdCatchBuilder
instanceKlass com/android/dx/dex/code/RopToDop
instanceKlass com/android/dx/dex/code/OutputFinisher
instanceKlass com/android/dx/dex/code/OutputCollector
instanceKlass com/android/dx/rop/code/Insn$BaseVisitor
instanceKlass com/android/dx/io/Opcodes
instanceKlass com/android/dx/dex/code/InsnFormat
instanceKlass com/android/dx/dex/code/Dop
instanceKlass com/android/dx/dex/code/Dops
instanceKlass com/android/dx/dex/code/BlockAddresses
instanceKlass com/android/dx/dex/code/DalvInsn
instanceKlass com/android/dx/dex/code/CatchBuilder
instanceKlass com/android/dx/dex/code/RopTranslator$TranslationVisitor
instanceKlass com/android/dx/dex/code/RopTranslator
instanceKlass com/android/dx/rop/code/LocalVariableExtractor
instanceKlass com/android/dx/ssa/back/IdenticalBlockCombiner
instanceKlass com/android/dx/ssa/back/SsaToRop$1
instanceKlass com/android/dx/ssa/back/SsaToRop$PhiVisitor
instanceKlass com/android/dx/ssa/back/FirstFitLocalCombiningAllocator$1
instanceKlass com/android/dx/ssa/back/LivenessAnalyzer$1
instanceKlass com/android/dx/ssa/back/InterferenceGraph
instanceKlass com/android/dx/ssa/back/LivenessAnalyzer
instanceKlass com/android/dx/ssa/back/RegisterAllocator
instanceKlass com/android/dx/ssa/back/SsaToRop
instanceKlass com/android/dx/ssa/PhiTypeResolver
instanceKlass java/util/TimSort
instanceKlass sun/security/action/GetBooleanAction
instanceKlass java/util/Arrays$LegacyMergeSort
instanceKlass com/android/dx/ssa/ConstCollector$1
instanceKlass java/util/HashMap$HashIterator
instanceKlass com/android/dx/ssa/ConstCollector
instanceKlass com/android/dx/ssa/SsaMethod$1
instanceKlass com/android/dx/ssa/LiteralOpUpgrader$1
instanceKlass com/android/dx/ssa/LiteralOpUpgrader
instanceKlass com/android/dx/ssa/DeadCodeRemover$NoSideEffectVisitor
instanceKlass com/android/dx/ssa/DeadCodeRemover
instanceKlass com/android/dx/ssa/SsaMethod$2
instanceKlass com/android/dx/ssa/SCCP
instanceKlass com/android/dx/ssa/MoveParamCombiner$1
instanceKlass com/android/dx/ssa/MoveParamCombiner
instanceKlass com/android/dx/ssa/SsaRenamer$BlockRenamer$1
instanceKlass com/android/dx/ssa/PhiInsn$Visitor
instanceKlass com/android/dx/ssa/RegisterMapper
instanceKlass com/android/dx/ssa/SsaRenamer$BlockRenamer
instanceKlass com/android/dx/ssa/SsaRenamer$1
instanceKlass com/android/dx/ssa/SsaRenamer
instanceKlass com/android/dx/util/BitIntSet$1
instanceKlass com/android/dx/util/IntIterator
instanceKlass com/android/dx/util/BitIntSet
instanceKlass com/android/dx/util/IntSet
instanceKlass com/android/dx/ssa/SetFactory
instanceKlass com/android/dx/ssa/Dominators$DfsWalker
instanceKlass com/android/dx/ssa/Dominators$DFSInfo
instanceKlass com/android/dx/ssa/SsaBasicBlock$Visitor
instanceKlass com/android/dx/ssa/Dominators
instanceKlass com/android/dx/ssa/DomFront$DomInfo
instanceKlass com/android/dx/ssa/DomFront
instanceKlass com/android/dx/ssa/LocalVariableExtractor
instanceKlass com/android/dx/ssa/SsaBasicBlock$LabelComparator
instanceKlass com/android/dx/ssa/SsaBasicBlock
instanceKlass com/android/dx/rop/code/BasicBlockList$RegCountVisitor
instanceKlass com/android/dx/ssa/SsaInsn$Visitor
instanceKlass com/android/dx/ssa/SsaInsn
instanceKlass com/android/dx/ssa/SsaMethod
instanceKlass com/android/dx/ssa/SsaConverter
instanceKlass java/lang/Class$4
instanceKlass com/android/dx/ssa/Optimizer
instanceKlass com/android/dx/rop/code/RopMethod
instanceKlass com/android/dx/rop/code/Insn$Visitor
instanceKlass com/android/dx/cf/code/Merger
instanceKlass com/android/dx/rop/code/BasicBlock
instanceKlass com/android/dx/rop/code/Exceptions
instanceKlass com/android/dx/rop/code/Rop
instanceKlass com/android/dx/rop/code/Rops
instanceKlass com/android/dx/rop/code/RegisterSpec$ForComparison
instanceKlass com/android/dx/rop/code/RegisterSpec
instanceKlass com/android/dx/rop/code/LocalItem
instanceKlass com/android/dx/rop/code/SourcePosition
instanceKlass com/android/dx/cf/code/Ropper$LabelAllocator
instanceKlass com/android/dx/cf/code/Ropper$CatchInfo
instanceKlass com/android/dx/cf/code/Ropper$Subroutine
instanceKlass com/android/dx/cf/code/Frame
instanceKlass com/android/dx/cf/code/Simulator$SimVisitor
instanceKlass com/android/dx/cf/code/Simulator
instanceKlass com/android/dx/cf/code/BaseMachine
instanceKlass com/android/dx/cf/code/ByteBlock
instanceKlass com/android/dx/util/LabeledItem
instanceKlass com/android/dx/cf/code/ByteCatchList$Item
instanceKlass com/android/dx/cf/code/ByteOps
instanceKlass com/android/dx/util/Bits
instanceKlass com/android/dx/cf/code/BasicBlocker
instanceKlass com/android/dx/rop/code/BasicBlock$Visitor
instanceKlass com/android/dx/rop/code/Insn
instanceKlass com/android/dx/cf/code/Machine
instanceKlass com/android/dx/cf/code/Ropper
instanceKlass com/android/dx/dex/file/ValueEncoder
instanceKlass com/android/dx/dex/file/AnnotationItem$TypeIdSorter
instanceKlass com/android/dx/rop/code/DexTranslationAdvice
instanceKlass java/util/Collections$UnmodifiableCollection$1
instanceKlass com/android/dx/cf/code/ConcreteMethod
instanceKlass java/util/TreeMap$PrivateEntryIterator
instanceKlass com/android/dx/rop/annotation/NameValuePair
instanceKlass com/android/dx/dex/file/EncodedMember
instanceKlass com/android/dx/dex/file/AnnotationUtils
instanceKlass com/android/dx/dex/cf/AttributeTranslator
instanceKlass com/android/dx/cf/attrib/InnerClassList$Item
instanceKlass com/android/dx/cf/direct/DirectClassFile$DcfTypeList
instanceKlass com/android/dx/dex/cf/OptimizerOptions
instanceKlass com/android/dx/dex/code/DalvCode$AssignIndicesCallback
instanceKlass com/android/dx/rop/code/TranslationAdvice
instanceKlass sun/nio/ch/Interruptible
instanceKlass java/util/concurrent/locks/LockSupport
instanceKlass com/android/dx/dex/cf/CfTranslator
instanceKlass com/android/dx/command/dexer/Main$ClassDefItemConsumer
instanceKlass java/util/concurrent/FutureTask$WaitNode
instanceKlass java/util/concurrent/FutureTask
instanceKlass java/util/concurrent/RunnableFuture
instanceKlass java/util/concurrent/Future
instanceKlass com/android/dx/command/dexer/Main$ClassTranslatorTask
instanceKlass com/android/dx/util/Hex
instanceKlass com/android/dx/rop/code/AccessFlags
instanceKlass com/android/dx/cf/code/LocalVariableList$Item
instanceKlass com/android/dx/cf/code/LineNumberList$Item
instanceKlass com/android/dx/cf/code/BytecodeArray$BaseVisitor
instanceKlass com/android/dx/cf/code/BytecodeArray
instanceKlass com/android/dx/cf/iface/Method
instanceKlass com/android/dx/cf/iface/StdMember
instanceKlass com/android/dx/cf/attrib/BaseAttribute
instanceKlass com/android/dx/cf/direct/AttributeListParser
instanceKlass com/android/dx/cf/iface/Field
instanceKlass com/android/dx/cf/iface/Member
instanceKlass com/android/dx/cf/direct/MemberListParser
instanceKlass com/android/dx/rop/type/Prototype
instanceKlass com/android/dx/rop/type/Type
instanceKlass com/android/dx/util/MutabilityControl
instanceKlass com/android/dx/cf/cst/ConstantPoolParser
instanceKlass com/android/dx/cf/code/BytecodeArray$Visitor
instanceKlass com/android/dx/cf/iface/Attribute
instanceKlass com/android/dx/util/ByteArray
instanceKlass com/android/dx/rop/type/TypeList
instanceKlass com/android/dx/cf/iface/MethodList
instanceKlass com/android/dx/cf/iface/FieldList
instanceKlass com/android/dx/cf/iface/AttributeList
instanceKlass com/android/dx/rop/cst/ConstantPool
instanceKlass com/android/dx/cf/direct/DirectClassFile
instanceKlass com/android/dx/cf/iface/ClassFile
instanceKlass com/android/dx/cf/iface/HasAttribute
instanceKlass com/android/dx/command/dexer/Main$ClassParserTask
instanceKlass com/android/dx/command/dexer/Main$DirectClassFileConsumer
instanceKlass java/util/TreeMap$Entry
instanceKlass sun/util/calendar/CalendarUtils
instanceKlass sun/util/calendar/CalendarDate
instanceKlass java/util/TimeZone$1
instanceKlass java/util/zip/CRC32
instanceKlass java/util/zip/Checksum
instanceKlass sun/util/calendar/ZoneInfoFile$ZoneOffsetTransitionRule
instanceKlass java/io/DataInput
instanceKlass sun/util/calendar/ZoneInfoFile$1
instanceKlass sun/util/calendar/ZoneInfoFile
instanceKlass java/util/TimeZone
instanceKlass sun/util/calendar/CalendarSystem
instanceKlass java/util/Date
instanceKlass java/util/zip/ZipUtils
instanceKlass java/util/ArrayList$Itr
instanceKlass java/util/zip/ZipFile$ZipEntryIterator
instanceKlass com/android/dx/command/dexer/Main$FileBytesConsumer
instanceKlass com/android/dx/cf/direct/ClassPathOpener$1
instanceKlass com/android/dx/cf/direct/ClassPathOpener
instanceKlass java/util/concurrent/LinkedBlockingQueue$Node
instanceKlass java/util/concurrent/Executors$DefaultThreadFactory
instanceKlass java/util/concurrent/ThreadFactory
instanceKlass java/util/concurrent/Executors
instanceKlass java/util/concurrent/ThreadPoolExecutor$CallerRunsPolicy
instanceKlass java/util/concurrent/locks/AbstractQueuedSynchronizer$ConditionObject
instanceKlass java/util/concurrent/locks/Condition
instanceKlass java/util/concurrent/locks/AbstractQueuedSynchronizer$Node
instanceKlass java/util/concurrent/locks/AbstractOwnableSynchronizer
instanceKlass java/util/concurrent/ThreadPoolExecutor$AbortPolicy
instanceKlass java/util/concurrent/AbstractExecutorService
instanceKlass java/util/NavigableMap
instanceKlass java/util/SortedMap
instanceKlass com/android/dx/dex/file/MixedItemSection$1
instanceKlass com/android/dx/dex/file/Item
instanceKlass com/android/dx/rop/type/TypeBearer
instanceKlass com/android/dx/rop/cst/Constant
instanceKlass com/android/dx/util/ToHuman
instanceKlass com/android/dx/util/AnnotatedOutput
instanceKlass com/android/dx/util/Output
instanceKlass com/android/dex/util/ByteOutput
instanceKlass com/android/dx/dex/file/Section
instanceKlass com/android/dx/dex/file/DexFile
instanceKlass com/android/dx/dex/DexOptions
instanceKlass com/android/dx/command/DxConsole
instanceKlass com/android/dx/dex/cf/CfOptions
instanceKlass com/android/dex/util/FileUtils
instanceKlass com/android/dx/command/dexer/Main$Arguments$ArgumentsParser
instanceKlass com/android/dx/command/dexer/Main$Arguments
instanceKlass com/android/dx/cf/direct/AttributeFactory
instanceKlass com/android/dx/cf/direct/ClassPathOpener$Consumer
instanceKlass com/android/dx/cf/direct/ClassPathOpener$FileNameFilter
instanceKlass java/util/concurrent/ExecutorService
instanceKlass java/util/concurrent/Executor
instanceKlass java/util/concurrent/BlockingQueue
instanceKlass java/util/concurrent/RejectedExecutionHandler
instanceKlass java/util/concurrent/Callable
instanceKlass com/android/dx/command/dexer/Main
instanceKlass java/lang/Void
instanceKlass java/lang/Class$MethodArray
instanceKlass sun/launcher/LauncherHelper$FXHelper
instanceKlass com/android/dx/command/Main
instanceKlass java/io/FilePermission$1
instanceKlass sun/net/www/MessageHeader
instanceKlass java/net/URLConnection
instanceKlass java/security/PermissionCollection
instanceKlass sun/nio/ByteBuffered
instanceKlass sun/security/util/ManifestEntryVerifier
instanceKlass sun/security/util/SignatureFileVerifier
instanceKlass java/lang/Package
instanceKlass java/util/jar/JarVerifier$3
instanceKlass java/security/CodeSigner
instanceKlass java/util/jar/JarVerifier
instanceKlass sun/misc/ASCIICaseInsensitiveComparator
instanceKlass java/util/jar/Attributes$Name
instanceKlass java/util/jar/Attributes
instanceKlass sun/misc/Resource
instanceKlass sun/misc/IOUtils
instanceKlass sun/misc/ExtensionDependency
instanceKlass java/util/LinkedList$Node
instanceKlass java/util/zip/ZStreamRef
instanceKlass java/util/zip/Inflater
instanceKlass java/util/zip/ZipEntry
instanceKlass sun/misc/JarIndex
instanceKlass sun/nio/ch/DirectBuffer
instanceKlass sun/misc/PerfCounter$CoreCounters
instanceKlass sun/misc/Perf
instanceKlass sun/misc/Perf$GetPerfAction
instanceKlass sun/misc/PerfCounter
instanceKlass java/util/zip/ZipCoder
instanceKlass java/util/Deque
instanceKlass java/util/Queue
instanceKlass java/nio/charset/StandardCharsets
instanceKlass java/util/jar/JavaUtilJarAccessImpl
instanceKlass sun/misc/JavaUtilJarAccess
instanceKlass sun/misc/FileURLMapper
instanceKlass sun/misc/URLClassPath$JarLoader$1
instanceKlass java/util/zip/ZipFile$1
instanceKlass sun/misc/JavaUtilZipFileAccess
instanceKlass java/util/zip/ZipFile
instanceKlass java/util/zip/ZipConstants
instanceKlass sun/misc/URLClassPath$Loader
instanceKlass sun/misc/URLClassPath$3
instanceKlass sun/net/util/URLUtil
instanceKlass java/net/URLClassLoader$1
instanceKlass java/io/FileOutputStream$1
instanceKlass sun/usagetracker/UsageTrackerClient$3
instanceKlass sun/usagetracker/UsageTrackerClient$4
instanceKlass sun/usagetracker/UsageTrackerClient$1
instanceKlass java/util/concurrent/atomic/AtomicBoolean
instanceKlass sun/usagetracker/UsageTrackerClient
instanceKlass sun/misc/PostVMInitHook
instanceKlass java/lang/invoke/MethodHandleStatics$1
instanceKlass java/lang/invoke/MethodHandleStatics
instanceKlass java/lang/invoke/MemberName$Factory
instanceKlass java/lang/ClassValue$Version
instanceKlass java/lang/ClassValue$Identity
instanceKlass java/lang/ClassValue
instanceKlass java/lang/invoke/MethodHandleImpl$3
instanceKlass java/lang/invoke/MethodHandleImpl$2
instanceKlass java/util/function/Function
instanceKlass java/lang/invoke/MethodHandleImpl$1
instanceKlass java/lang/invoke/MethodHandleImpl
instanceKlass java/lang/SystemClassLoaderAction
instanceKlass sun/misc/Launcher$AppClassLoader$1
instanceKlass sun/misc/URLClassPath
instanceKlass java/security/Principal
instanceKlass java/security/ProtectionDomain$Key
instanceKlass java/security/ProtectionDomain$2
instanceKlass sun/misc/JavaSecurityProtectionDomainAccess
instanceKlass java/security/ProtectionDomain$JavaSecurityAccessImpl
instanceKlass sun/misc/JavaSecurityAccess
instanceKlass java/net/URLStreamHandler
instanceKlass java/net/Parts
instanceKlass java/lang/CharacterData
instanceKlass sun/util/locale/LocaleUtils
instanceKlass java/util/Locale$LocaleKey
instanceKlass sun/util/locale/BaseLocale$Key
instanceKlass sun/util/locale/BaseLocale
instanceKlass java/util/concurrent/ConcurrentHashMap$CollectionView
instanceKlass java/util/concurrent/ConcurrentHashMap$CounterCell
instanceKlass java/util/concurrent/ConcurrentHashMap$Node
instanceKlass java/util/concurrent/locks/ReentrantLock
instanceKlass java/util/concurrent/locks/Lock
instanceKlass java/util/concurrent/ConcurrentMap
instanceKlass sun/util/locale/LocaleObjectCache
instanceKlass java/util/Locale
instanceKlass java/util/BitSet
instanceKlass sun/net/www/ParseUtil
instanceKlass java/io/FileInputStream$1
instanceKlass java/lang/reflect/Array
instanceKlass java/nio/charset/CoderResult$Cache
instanceKlass java/nio/charset/CoderResult
instanceKlass java/io/Reader
instanceKlass java/lang/Readable
instanceKlass sun/misc/MetaIndex
instanceKlass sun/misc/Launcher$ExtClassLoader$1
instanceKlass java/util/StringTokenizer
instanceKlass java/net/URLClassLoader$7
instanceKlass sun/misc/JavaNetAccess
instanceKlass java/lang/ClassLoader$ParallelLoaders
instanceKlass sun/security/util/Debug
instanceKlass sun/misc/Launcher$Factory
instanceKlass java/net/URLStreamHandlerFactory
instanceKlass java/lang/Compiler$1
instanceKlass java/lang/Compiler
instanceKlass java/lang/System$2
instanceKlass sun/misc/JavaLangAccess
instanceKlass sun/misc/OSEnvironment
instanceKlass java/lang/Integer$IntegerCache
instanceKlass sun/misc/NativeSignalHandler
instanceKlass sun/misc/Signal
instanceKlass java/lang/Terminator$1
instanceKlass sun/misc/SignalHandler
instanceKlass java/lang/Terminator
instanceKlass java/lang/ClassLoader$NativeLibrary
instanceKlass java/io/ExpiringCache$Entry
instanceKlass java/lang/ClassLoader$3
instanceKlass java/lang/StringCoding$StringEncoder
instanceKlass java/nio/file/Path
instanceKlass java/nio/file/Watchable
instanceKlass java/lang/Enum
instanceKlass java/io/ExpiringCache
instanceKlass java/io/FileSystem
instanceKlass java/io/DefaultFileSystem
instanceKlass java/nio/Bits$1
instanceKlass sun/misc/JavaNioAccess
instanceKlass java/nio/ByteOrder
instanceKlass java/nio/Bits
instanceKlass java/nio/charset/CharsetEncoder
instanceKlass sun/nio/cs/ArrayEncoder
instanceKlass sun/security/action/GetPropertyAction
instanceKlass java/io/Writer
instanceKlass sun/reflect/misc/ReflectUtil
instanceKlass java/util/concurrent/atomic/AtomicReferenceFieldUpdater$AtomicReferenceFieldUpdaterImpl$1
instanceKlass java/security/PrivilegedExceptionAction
instanceKlass java/util/concurrent/atomic/AtomicReferenceFieldUpdater
instanceKlass java/io/OutputStream
instanceKlass java/io/Flushable
instanceKlass sun/misc/SharedSecrets
instanceKlass java/io/FileDescriptor$1
instanceKlass sun/misc/JavaIOFileDescriptorAccess
instanceKlass java/io/FileDescriptor
instanceKlass sun/misc/Version
instanceKlass java/lang/Runtime
instanceKlass java/util/Hashtable$Enumerator
instanceKlass java/util/Iterator
instanceKlass java/util/Enumeration
instanceKlass java/util/Objects
instanceKlass java/util/Collections$SynchronizedCollection
instanceKlass java/nio/charset/CodingErrorAction
instanceKlass java/nio/charset/CharsetDecoder
instanceKlass sun/nio/cs/ArrayDecoder
instanceKlass java/lang/StringCoding$StringDecoder
instanceKlass java/lang/ThreadLocal$ThreadLocalMap
instanceKlass java/lang/StringCoding
instanceKlass sun/reflect/ReflectionFactory$1
instanceKlass java/lang/Class$1
instanceKlass sun/nio/cs/HistoricallyNamedCharset
instanceKlass java/util/Arrays
instanceKlass java/lang/reflect/ReflectAccess
instanceKlass sun/reflect/LangReflectAccess
instanceKlass java/lang/reflect/Modifier
instanceKlass sun/reflect/annotation/AnnotationType
instanceKlass java/lang/Class$AnnotationData
instanceKlass sun/reflect/generics/repository/AbstractRepository
instanceKlass java/lang/Class$Atomic
instanceKlass java/lang/Class$ReflectionData
instanceKlass java/lang/Class$3
instanceKlass java/util/HashMap$Node
instanceKlass sun/reflect/Reflection
instanceKlass java/util/Collections$UnmodifiableCollection
instanceKlass java/util/Set
instanceKlass java/util/Collections
instanceKlass java/lang/ThreadLocal
instanceKlass java/util/AbstractMap
instanceKlass java/nio/charset/spi/CharsetProvider
instanceKlass java/nio/charset/Charset
instanceKlass java/lang/Math
instanceKlass java/util/Hashtable$Entry
instanceKlass java/util/Map$Entry
instanceKlass sun/misc/VM
instanceKlass java/lang/ref/ReferenceQueue$Lock
instanceKlass java/lang/ref/ReferenceQueue
instanceKlass java/lang/ref/Reference$Lock
instanceKlass sun/reflect/ReflectionFactory
instanceKlass java/util/AbstractCollection
instanceKlass java/util/RandomAccess
instanceKlass java/util/List
instanceKlass java/util/Collection
instanceKlass java/lang/Iterable
instanceKlass java/security/cert/Certificate
instanceKlass sun/reflect/ReflectionFactory$GetReflectionFactoryAction
instanceKlass java/security/PrivilegedAction
instanceKlass java/security/AccessController
instanceKlass java/security/Permission
instanceKlass java/security/Guard
instanceKlass java/lang/String$CaseInsensitiveComparator
instanceKlass java/util/Comparator
instanceKlass java/io/ObjectStreamField
instanceKlass java/lang/Number
instanceKlass java/lang/Character
instanceKlass java/lang/Boolean
instanceKlass java/nio/Buffer
instanceKlass java/lang/StackTraceElement
instanceKlass java/security/CodeSource
instanceKlass sun/misc/Launcher
instanceKlass java/util/jar/Manifest
instanceKlass java/net/URL
instanceKlass java/io/File
instanceKlass java/io/InputStream
instanceKlass java/io/Closeable
instanceKlass java/lang/AutoCloseable
instanceKlass sun/misc/Unsafe
instanceKlass java/lang/AbstractStringBuilder
instanceKlass java/lang/Appendable
instanceKlass java/lang/invoke/CallSite
instanceKlass java/lang/invoke/MethodType
instanceKlass java/lang/invoke/LambdaForm
instanceKlass java/lang/invoke/MethodHandleNatives
instanceKlass java/lang/invoke/MemberName
instanceKlass java/lang/invoke/MethodHandle
instanceKlass sun/reflect/CallerSensitive
instanceKlass java/lang/annotation/Annotation
instanceKlass sun/reflect/FieldAccessor
instanceKlass sun/reflect/ConstantPool
instanceKlass sun/reflect/ConstructorAccessor
instanceKlass sun/reflect/MethodAccessor
instanceKlass sun/reflect/MagicAccessorImpl
instanceKlass java/lang/reflect/Parameter
instanceKlass java/lang/reflect/Member
instanceKlass java/lang/reflect/AccessibleObject
instanceKlass java/util/Dictionary
instanceKlass java/util/Map
instanceKlass java/lang/ThreadGroup
instanceKlass java/lang/Thread$UncaughtExceptionHandler
instanceKlass java/lang/Thread
instanceKlass java/lang/Runnable
instanceKlass java/lang/ref/Reference
instanceKlass java/security/AccessControlContext
instanceKlass java/security/ProtectionDomain
instanceKlass java/lang/SecurityManager
instanceKlass java/lang/Throwable
instanceKlass java/lang/System
instanceKlass java/lang/ClassLoader
instanceKlass java/lang/Cloneable
instanceKlass java/lang/Class
instanceKlass java/lang/reflect/Type
instanceKlass java/lang/reflect/GenericDeclaration
instanceKlass java/lang/reflect/AnnotatedElement
instanceKlass java/lang/String
instanceKlass java/lang/CharSequence
instanceKlass java/lang/Comparable
instanceKlass java/io/Serializable
